2023-07-08T14:35:53.688+05:00  INFO 16528 --- [main] c.e.d.DiscoveryServerApplication         : Starting DiscoveryServerApplication using Java 17.0.2 with PID 16528 (C:\Users\shehr\OneDrive\Desktop\Easy-Electro-Shop-Backend\discovery-server\target\classes started by shehr in C:\Users\shehr\OneDrive\Desktop\Easy-Electro-Shop-Backend\api-gateway)
2023-07-08T14:35:53.690+05:00  INFO 16528 --- [main] c.e.d.DiscoveryServerApplication         : No active profile set, falling back to 1 default profile: "default"
2023-07-08T14:35:54.874+05:00  INFO 16528 --- [main] o.s.cloud.context.scope.GenericScope     : BeanFactory id=a690b03c-f15d-38d6-8ee0-4f907d037124
2023-07-08T14:35:55.196+05:00  INFO 16528 --- [main] o.s.b.w.embedded.tomcat.TomcatWebServer  : Tomcat initialized with port(s): 8761 (http)
2023-07-08T14:35:55.206+05:00  INFO 16528 --- [main] o.apache.catalina.core.StandardService   : Starting service [Tomcat]
2023-07-08T14:35:55.206+05:00  INFO 16528 --- [main] o.apache.catalina.core.StandardEngine    : Starting Servlet engine: [Apache Tomcat/10.1.7]
2023-07-08T14:35:55.326+05:00  INFO 16528 --- [main] o.a.c.c.C.[Tomcat].[localhost].[/]       : Initializing Spring embedded WebApplicationContext
2023-07-08T14:35:55.327+05:00  INFO 16528 --- [main] w.s.c.ServletWebServerApplicationContext : Root WebApplicationContext: initialization completed in 1580 ms
2023-07-08T14:35:56.378+05:00  INFO 16528 --- [main] c.n.d.provider.DiscoveryJerseyProvider   : Using JSON encoding codec LegacyJacksonJson
2023-07-08T14:35:56.380+05:00  INFO 16528 --- [main] c.n.d.provider.DiscoveryJerseyProvider   : Using JSON decoding codec LegacyJacksonJson
2023-07-08T14:35:56.613+05:00  INFO 16528 --- [main] c.n.d.provider.DiscoveryJerseyProvider   : Using XML encoding codec XStreamXml
2023-07-08T14:35:56.613+05:00  INFO 16528 --- [main] c.n.d.provider.DiscoveryJerseyProvider   : Using XML decoding codec XStreamXml
2023-07-08T14:35:57.626+05:00  INFO 16528 --- [main] DiscoveryClientOptionalArgsConfiguration : Eureka HTTP Client uses RestTemplate.
2023-07-08T14:35:57.668+05:00  WARN 16528 --- [main] iguration$LoadBalancerCaffeineWarnLogger : Spring Cloud LoadBalancer is currently working with the default cache. While this cache implementation is useful for development and tests, it's recommended to use Caffeine cache in production.You can switch to using Caffeine cache, by adding it and org.springframework.cache.caffeine.CaffeineCacheManager to the classpath.
2023-07-08T14:35:57.688+05:00  INFO 16528 --- [main] o.s.c.n.eureka.InstanceInfoFactory       : Setting initial instance status as: STARTING
2023-07-08T14:35:57.718+05:00  INFO 16528 --- [main] com.netflix.discovery.DiscoveryClient    : Initializing Eureka in region us-east-1
2023-07-08T14:35:57.718+05:00  INFO 16528 --- [main] com.netflix.discovery.DiscoveryClient    : Client configured to neither register nor query for data.
2023-07-08T14:35:57.728+05:00  INFO 16528 --- [main] com.netflix.discovery.DiscoveryClient    : Discovery Client initialized at timestamp 1688808957726 with initial instances count: 0
2023-07-08T14:35:57.781+05:00  INFO 16528 --- [main] c.n.eureka.DefaultEurekaServerContext    : Initializing ...
2023-07-08T14:35:57.785+05:00  INFO 16528 --- [main] c.n.eureka.cluster.PeerEurekaNodes       : Adding new peer nodes [http://localhost:8761/eureka/]
2023-07-08T14:35:57.933+05:00  INFO 16528 --- [main] c.n.d.provider.DiscoveryJerseyProvider   : Using JSON encoding codec LegacyJacksonJson
2023-07-08T14:35:57.934+05:00  INFO 16528 --- [main] c.n.d.provider.DiscoveryJerseyProvider   : Using JSON decoding codec LegacyJacksonJson
2023-07-08T14:35:57.934+05:00  INFO 16528 --- [main] c.n.d.provider.DiscoveryJerseyProvider   : Using XML encoding codec XStreamXml
2023-07-08T14:35:57.934+05:00  INFO 16528 --- [main] c.n.d.provider.DiscoveryJerseyProvider   : Using XML decoding codec XStreamXml
2023-07-08T14:35:58.084+05:00  INFO 16528 --- [main] c.n.eureka.cluster.PeerEurekaNodes       : Replica node URL:  http://localhost:8761/eureka/
2023-07-08T14:35:58.125+05:00  INFO 16528 --- [main] c.n.e.registry.AbstractInstanceRegistry  : Finished initializing remote region registries. All known remote regions: []
2023-07-08T14:35:58.136+05:00  INFO 16528 --- [main] c.n.eureka.DefaultEurekaServerContext    : Initialized
2023-07-08T14:35:58.147+05:00  INFO 16528 --- [main] o.s.b.a.e.web.EndpointLinksResolver      : Exposing 1 endpoint(s) beneath base path '/actuator'
2023-07-08T14:35:58.236+05:00  INFO 16528 --- [main] o.s.c.n.e.s.EurekaServiceRegistry        : Registering application UNKNOWN with eureka with status UP
2023-07-08T14:35:58.258+05:00  INFO 16528 --- [Thread-9] o.s.c.n.e.server.EurekaServerBootstrap   : isAws returned false
2023-07-08T14:35:58.258+05:00  INFO 16528 --- [Thread-9] o.s.c.n.e.server.EurekaServerBootstrap   : Initialized server context
2023-07-08T14:35:58.259+05:00  INFO 16528 --- [Thread-9] c.n.e.r.PeerAwareInstanceRegistryImpl    : Got 1 instances from neighboring DS node
2023-07-08T14:35:58.259+05:00  INFO 16528 --- [Thread-9] c.n.e.r.PeerAwareInstanceRegistryImpl    : Renew threshold is: 1
2023-07-08T14:35:58.259+05:00  INFO 16528 --- [Thread-9] c.n.e.r.PeerAwareInstanceRegistryImpl    : Changing status to UP
2023-07-08T14:35:58.269+05:00  INFO 16528 --- [main] o.s.b.w.embedded.tomcat.TomcatWebServer  : Tomcat started on port(s): 8761 (http) with context path ''
2023-07-08T14:35:58.271+05:00  INFO 16528 --- [main] .s.c.n.e.s.EurekaAutoServiceRegistration : Updating port to 8761
2023-07-08T14:35:58.320+05:00  INFO 16528 --- [Thread-9] e.s.EurekaServerInitializerConfiguration : Started Eureka Server
2023-07-08T14:35:58.363+05:00  INFO 16528 --- [main] c.e.d.DiscoveryServerApplication         : Started DiscoveryServerApplication in 5.345 seconds (process running for 6.105)
2023-07-08T14:35:58.759+05:00  INFO 16528 --- [RMI TCP Connection(1)-192.168.100.42] o.a.c.c.C.[Tomcat].[localhost].[/]       : Initializing Spring DispatcherServlet 'dispatcherServlet'
2023-07-08T14:35:58.759+05:00  INFO 16528 --- [RMI TCP Connection(1)-192.168.100.42] o.s.web.servlet.DispatcherServlet        : Initializing Servlet 'dispatcherServlet'
2023-07-08T14:35:58.760+05:00  INFO 16528 --- [RMI TCP Connection(1)-192.168.100.42] o.s.web.servlet.DispatcherServlet        : Completed initialization in 0 ms
2023-07-08T14:36:38.769+05:00  INFO 16528 --- [http-nio-8761-exec-4] c.n.e.registry.AbstractInstanceRegistry  : Registered instance API-GATEWAY/Lenovo-Legion-5-PRO:api-gateway:8080 with status UP (replication=false)
2023-07-08T14:36:39.436+05:00  INFO 16528 --- [http-nio-8761-exec-5] c.n.e.registry.AbstractInstanceRegistry  : Registered instance API-GATEWAY/Lenovo-Legion-5-PRO:api-gateway:8080 with status UP (replication=true)
2023-07-08T14:36:58.275+05:00  INFO 16528 --- [Eureka-EvictionTimer] c.n.e.registry.AbstractInstanceRegistry  : Running the evict task with compensationTime 0ms
2023-07-08T14:37:00.166+05:00  INFO 16528 --- [http-nio-8761-exec-7] c.n.e.registry.AbstractInstanceRegistry  : Registered instance PRODUCT-MANAGEMENT-SERVICE/Lenovo-Legion-5-PRO:product-management-service:8081 with status UP (replication=false)
2023-07-08T14:37:00.672+05:00  INFO 16528 --- [http-nio-8761-exec-8] c.n.e.registry.AbstractInstanceRegistry  : Registered instance PRODUCT-MANAGEMENT-SERVICE/Lenovo-Legion-5-PRO:product-management-service:8081 with status UP (replication=true)
2023-07-08T14:37:16.192+05:00  INFO 16528 --- [http-nio-8761-exec-5] c.n.e.registry.AbstractInstanceRegistry  : Registered instance PRODUCT-COLOR-MANAGEMENT-SERVICE/Lenovo-Legion-5-PRO:product-color-management-service:8085 with status UP (replication=false)
2023-07-08T14:37:16.705+05:00  INFO 16528 --- [http-nio-8761-exec-6] c.n.e.registry.AbstractInstanceRegistry  : Registered instance PRODUCT-COLOR-MANAGEMENT-SERVICE/Lenovo-Legion-5-PRO:product-color-management-service:8085 with status UP (replication=true)
2023-07-08T14:37:27.419+05:00  INFO 16528 --- [http-nio-8761-exec-8] c.n.e.registry.AbstractInstanceRegistry  : Registered instance AMAZON-S3-SERVICE/Lenovo-Legion-5-PRO:amazon-s3-service:8082 with status UP (replication=false)
2023-07-08T14:37:27.927+05:00  INFO 16528 --- [http-nio-8761-exec-9] c.n.e.registry.AbstractInstanceRegistry  : Registered instance AMAZON-S3-SERVICE/Lenovo-Legion-5-PRO:amazon-s3-service:8082 with status UP (replication=true)
2023-07-08T14:37:46.344+05:00  INFO 16528 --- [http-nio-8761-exec-9] c.n.e.registry.AbstractInstanceRegistry  : Registered instance PRODUCT-CATEGORY-MANAGEMENT-SERVICE/Lenovo-Legion-5-PRO:product-category-management-service:8086 with status UP (replication=false)
2023-07-08T14:37:46.662+05:00  INFO 16528 --- [http-nio-8761-exec-10] c.n.e.registry.AbstractInstanceRegistry  : Registered instance PRODUCT-CATEGORY-MANAGEMENT-SERVICE/Lenovo-Legion-5-PRO:product-category-management-service:8086 with status UP (replication=true)
2023-07-08T14:37:58.290+05:00  INFO 16528 --- [Eureka-EvictionTimer] c.n.e.registry.AbstractInstanceRegistry  : Running the evict task with compensationTime 15ms
2023-07-08T14:38:25.347+05:00  INFO 16528 --- [http-nio-8761-exec-6] c.n.e.registry.AbstractInstanceRegistry  : Registered instance WEB-SCRAPPING-SERVICE/Lenovo-Legion-5-PRO:web-scrapping-service:8090 with status UP (replication=false)
2023-07-08T14:38:25.855+05:00  INFO 16528 --- [http-nio-8761-exec-7] c.n.e.registry.AbstractInstanceRegistry  : Registered instance WEB-SCRAPPING-SERVICE/Lenovo-Legion-5-PRO:web-scrapping-service:8090 with status UP (replication=true)
2023-07-08T14:38:39.598+05:00  INFO 16528 --- [http-nio-8761-exec-8] c.n.e.registry.AbstractInstanceRegistry  : Registered instance PRODUCT-SERVICE/Lenovo-Legion-5-PRO:product-service:8083 with status UP (replication=false)
2023-07-08T14:38:40.110+05:00  INFO 16528 --- [http-nio-8761-exec-9] c.n.e.registry.AbstractInstanceRegistry  : Registered instance PRODUCT-SERVICE/Lenovo-Legion-5-PRO:product-service:8083 with status UP (replication=true)
2023-07-08T14:38:58.291+05:00  INFO 16528 --- [Eureka-EvictionTimer] c.n.e.registry.AbstractInstanceRegistry  : Running the evict task with compensationTime 0ms
2023-07-08T14:39:58.291+05:00  INFO 16528 --- [Eureka-EvictionTimer] c.n.e.registry.AbstractInstanceRegistry  : Running the evict task with compensationTime 0ms
2023-07-08T14:40:58.301+05:00  INFO 16528 --- [Eureka-EvictionTimer] c.n.e.registry.AbstractInstanceRegistry  : Running the evict task with compensationTime 9ms
2023-07-08T14:41:58.301+05:00  INFO 16528 --- [Eureka-EvictionTimer] c.n.e.registry.AbstractInstanceRegistry  : Running the evict task with compensationTime 0ms
2023-07-08T14:42:58.301+05:00  INFO 16528 --- [Eureka-EvictionTimer] c.n.e.registry.AbstractInstanceRegistry  : Running the evict task with compensationTime 0ms
2023-07-08T14:42:59.947+05:00  INFO 16528 --- [http-nio-8761-exec-4] c.n.e.registry.AbstractInstanceRegistry  : Registered instance PRODUCT-SERVICE/Lenovo-Legion-5-PRO:product-service:8083 with status DOWN (replication=false)
2023-07-08T14:43:00.457+05:00  INFO 16528 --- [http-nio-8761-exec-9] c.n.e.registry.AbstractInstanceRegistry  : Registered instance PRODUCT-SERVICE/Lenovo-Legion-5-PRO:product-service:8083 with status DOWN (replication=true)
2023-07-08T14:43:03.012+05:00  INFO 16528 --- [http-nio-8761-exec-8] c.n.e.registry.AbstractInstanceRegistry  : Cancelled instance PRODUCT-SERVICE/Lenovo-Legion-5-PRO:product-service:8083 (replication=false)
2023-07-08T14:43:03.528+05:00  WARN 16528 --- [http-nio-8761-exec-2] c.n.e.registry.AbstractInstanceRegistry  : DS: Registry: cancel failed because Lease is not registered for: PRODUCT-SERVICE/Lenovo-Legion-5-PRO:product-service:8083
2023-07-08T14:43:03.528+05:00  INFO 16528 --- [http-nio-8761-exec-2] c.n.eureka.resources.InstanceResource    : Not Found (Cancel): PRODUCT-SERVICE - Lenovo-Legion-5-PRO:product-service:8083
2023-07-08T14:43:03.530+05:00  WARN 16528 --- [TaskBatchingWorker-target_localhost-2] c.n.eureka.cluster.ReplicationTask       : The replication of task PRODUCT-SERVICE/Lenovo-Legion-5-PRO:product-service:8083:Cancel@localhost failed with response code 404
2023-07-08T14:43:03.530+05:00  WARN 16528 --- [TaskBatchingWorker-target_localhost-2] c.netflix.eureka.cluster.PeerEurekaNode  : PRODUCT-SERVICE/Lenovo-Legion-5-PRO:product-service:8083:Cancel@localhost: missing entry.
2023-07-08T14:43:12.529+05:00  INFO 16528 --- [http-nio-8761-exec-3] c.n.e.registry.AbstractInstanceRegistry  : Registered instance PRODUCT-SERVICE/Lenovo-Legion-5-PRO:product-service:8083 with status UP (replication=false)
2023-07-08T14:43:13.033+05:00  INFO 16528 --- [http-nio-8761-exec-9] c.n.e.registry.AbstractInstanceRegistry  : Registered instance PRODUCT-SERVICE/Lenovo-Legion-5-PRO:product-service:8083 with status UP (replication=true)
2023-07-08T14:43:58.312+05:00  INFO 16528 --- [Eureka-EvictionTimer] c.n.e.registry.AbstractInstanceRegistry  : Running the evict task with compensationTime 11ms
2023-07-08T14:44:42.754+05:00  INFO 16528 --- [http-nio-8761-exec-9] c.n.e.registry.AbstractInstanceRegistry  : Registered instance API-GATEWAY/Lenovo-Legion-5-PRO:api-gateway:8080 with status DOWN (replication=false)
2023-07-08T14:44:43.035+05:00  INFO 16528 --- [http-nio-8761-exec-8] c.n.e.registry.AbstractInstanceRegistry  : Registered instance API-GATEWAY/Lenovo-Legion-5-PRO:api-gateway:8080 with status DOWN (replication=true)
2023-07-08T14:44:47.874+05:00  INFO 16528 --- [http-nio-8761-exec-5] c.n.e.registry.AbstractInstanceRegistry  : Cancelled instance API-GATEWAY/Lenovo-Legion-5-PRO:api-gateway:8080 (replication=false)
2023-07-08T14:44:48.379+05:00  WARN 16528 --- [http-nio-8761-exec-9] c.n.e.registry.AbstractInstanceRegistry  : DS: Registry: cancel failed because Lease is not registered for: API-GATEWAY/Lenovo-Legion-5-PRO:api-gateway:8080
2023-07-08T14:44:48.379+05:00  INFO 16528 --- [http-nio-8761-exec-9] c.n.eureka.resources.InstanceResource    : Not Found (Cancel): API-GATEWAY - Lenovo-Legion-5-PRO:api-gateway:8080
2023-07-08T14:44:48.380+05:00  WARN 16528 --- [TaskBatchingWorker-target_localhost-9] c.n.eureka.cluster.ReplicationTask       : The replication of task API-GATEWAY/Lenovo-Legion-5-PRO:api-gateway:8080:Cancel@localhost failed with response code 404
2023-07-08T14:44:48.380+05:00  WARN 16528 --- [TaskBatchingWorker-target_localhost-9] c.netflix.eureka.cluster.PeerEurekaNode  : API-GATEWAY/Lenovo-Legion-5-PRO:api-gateway:8080:Cancel@localhost: missing entry.
2023-07-08T14:44:58.327+05:00  INFO 16528 --- [Eureka-EvictionTimer] c.n.e.registry.AbstractInstanceRegistry  : Running the evict task with compensationTime 14ms
2023-07-08T14:44:58.886+05:00  INFO 16528 --- [http-nio-8761-exec-6] c.n.e.registry.AbstractInstanceRegistry  : Registered instance API-GATEWAY/Lenovo-Legion-5-PRO:api-gateway:8080 with status UP (replication=false)
2023-07-08T14:44:59.394+05:00  INFO 16528 --- [http-nio-8761-exec-3] c.n.e.registry.AbstractInstanceRegistry  : Registered instance API-GATEWAY/Lenovo-Legion-5-PRO:api-gateway:8080 with status UP (replication=true)
2023-07-08T14:45:58.340+05:00  INFO 16528 --- [Eureka-EvictionTimer] c.n.e.registry.AbstractInstanceRegistry  : Running the evict task with compensationTime 13ms
2023-07-08T14:46:58.342+05:00  INFO 16528 --- [Eureka-EvictionTimer] c.n.e.registry.AbstractInstanceRegistry  : Running the evict task with compensationTime 1ms
2023-07-08T14:47:20.638+05:00  INFO 16528 --- [http-nio-8761-exec-8] c.n.e.registry.AbstractInstanceRegistry  : Registered instance API-GATEWAY/Lenovo-Legion-5-PRO:api-gateway:8080 with status DOWN (replication=false)
2023-07-08T14:47:21.152+05:00  INFO 16528 --- [http-nio-8761-exec-9] c.n.e.registry.AbstractInstanceRegistry  : Registered instance API-GATEWAY/Lenovo-Legion-5-PRO:api-gateway:8080 with status DOWN (replication=true)
2023-07-08T14:47:25.751+05:00  INFO 16528 --- [http-nio-8761-exec-2] c.n.e.registry.AbstractInstanceRegistry  : Cancelled instance API-GATEWAY/Lenovo-Legion-5-PRO:api-gateway:8080 (replication=false)
2023-07-08T14:47:26.024+05:00  WARN 16528 --- [http-nio-8761-exec-10] c.n.e.registry.AbstractInstanceRegistry  : DS: Registry: cancel failed because Lease is not registered for: API-GATEWAY/Lenovo-Legion-5-PRO:api-gateway:8080
2023-07-08T14:47:26.025+05:00  INFO 16528 --- [http-nio-8761-exec-10] c.n.eureka.resources.InstanceResource    : Not Found (Cancel): API-GATEWAY - Lenovo-Legion-5-PRO:api-gateway:8080
2023-07-08T14:47:26.025+05:00  WARN 16528 --- [TaskBatchingWorker-target_localhost-16] c.n.eureka.cluster.ReplicationTask       : The replication of task API-GATEWAY/Lenovo-Legion-5-PRO:api-gateway:8080:Cancel@localhost failed with response code 404
2023-07-08T14:47:26.025+05:00  WARN 16528 --- [TaskBatchingWorker-target_localhost-16] c.netflix.eureka.cluster.PeerEurekaNode  : API-GATEWAY/Lenovo-Legion-5-PRO:api-gateway:8080:Cancel@localhost: missing entry.
2023-07-08T14:47:58.343+05:00  INFO 16528 --- [Eureka-EvictionTimer] c.n.e.registry.AbstractInstanceRegistry  : Running the evict task with compensationTime 0ms
2023-07-08T14:48:00.792+05:00  INFO 16528 --- [http-nio-8761-exec-4] c.n.e.registry.AbstractInstanceRegistry  : Registered instance API-GATEWAY/Lenovo-Legion-5-PRO:api-gateway:8080 with status UP (replication=false)
2023-07-08T14:48:00.937+05:00  INFO 16528 --- [http-nio-8761-exec-9] c.n.e.registry.AbstractInstanceRegistry  : Registered instance API-GATEWAY/Lenovo-Legion-5-PRO:api-gateway:8080 with status UP (replication=true)
2023-07-08T14:48:58.344+05:00  INFO 16528 --- [Eureka-EvictionTimer] c.n.e.registry.AbstractInstanceRegistry  : Running the evict task with compensationTime 0ms
2023-07-08T14:49:58.345+05:00  INFO 16528 --- [Eureka-EvictionTimer] c.n.e.registry.AbstractInstanceRegistry  : Running the evict task with compensationTime 1ms
2023-07-08T14:50:58.131+05:00  INFO 16528 --- [ReplicaAwareInstanceRegistry - RenewalThresholdUpdater] c.n.e.r.PeerAwareInstanceRegistryImpl    : Current renewal threshold is : 13
2023-07-08T14:50:58.351+05:00  INFO 16528 --- [Eureka-EvictionTimer] c.n.e.registry.AbstractInstanceRegistry  : Running the evict task with compensationTime 6ms
2023-07-08T14:51:58.366+05:00  INFO 16528 --- [Eureka-EvictionTimer] c.n.e.registry.AbstractInstanceRegistry  : Running the evict task with compensationTime 14ms
2023-07-08T14:52:58.378+05:00  INFO 16528 --- [Eureka-EvictionTimer] c.n.e.registry.AbstractInstanceRegistry  : Running the evict task with compensationTime 12ms
2023-07-08T14:53:58.391+05:00  INFO 16528 --- [Eureka-EvictionTimer] c.n.e.registry.AbstractInstanceRegistry  : Running the evict task with compensationTime 13ms
2023-07-08T14:54:58.392+05:00  INFO 16528 --- [Eureka-EvictionTimer] c.n.e.registry.AbstractInstanceRegistry  : Running the evict task with compensationTime 0ms
2023-07-08T14:55:58.406+05:00  INFO 16528 --- [Eureka-EvictionTimer] c.n.e.registry.AbstractInstanceRegistry  : Running the evict task with compensationTime 14ms
2023-07-08T14:56:58.409+05:00  INFO 16528 --- [Eureka-EvictionTimer] c.n.e.registry.AbstractInstanceRegistry  : Running the evict task with compensationTime 2ms
2023-07-08T14:57:58.423+05:00  INFO 16528 --- [Eureka-EvictionTimer] c.n.e.registry.AbstractInstanceRegistry  : Running the evict task with compensationTime 13ms
2023-07-08T14:58:58.433+05:00  INFO 16528 --- [Eureka-EvictionTimer] c.n.e.registry.AbstractInstanceRegistry  : Running the evict task with compensationTime 9ms
2023-07-08T14:59:58.438+05:00  INFO 16528 --- [Eureka-EvictionTimer] c.n.e.registry.AbstractInstanceRegistry  : Running the evict task with compensationTime 5ms
2023-07-08T15:00:58.445+05:00  INFO 16528 --- [Eureka-EvictionTimer] c.n.e.registry.AbstractInstanceRegistry  : Running the evict task with compensationTime 6ms
2023-07-08T15:01:58.454+05:00  INFO 16528 --- [Eureka-EvictionTimer] c.n.e.registry.AbstractInstanceRegistry  : Running the evict task with compensationTime 9ms
2023-07-08T15:02:58.465+05:00  INFO 16528 --- [Eureka-EvictionTimer] c.n.e.registry.AbstractInstanceRegistry  : Running the evict task with compensationTime 11ms
