2023-04-18T06:25:53.165+05:00  INFO 8652 --- [main] c.e.d.DiscoveryServerApplication         : Starting DiscoveryServerApplication using Java 17.0.2 with PID 8652 (C:\Users\shehr\OneDrive\Desktop\Easy-Electro-Shop-Backend\discovery-server\target\classes started by shehr in C:\Users\shehr\OneDrive\Desktop\Easy-Electro-Shop-Backend\discovery-server)
2023-04-18T06:25:53.167+05:00  INFO 8652 --- [main] c.e.d.DiscoveryServerApplication         : No active profile set, falling back to 1 default profile: "default"
2023-04-18T06:25:53.893+05:00  INFO 8652 --- [main] o.s.cloud.context.scope.GenericScope     : BeanFactory id=a690b03c-f15d-38d6-8ee0-4f907d037124
2023-04-18T06:25:54.156+05:00  INFO 8652 --- [main] o.s.b.w.embedded.tomcat.TomcatWebServer  : Tomcat initialized with port(s): 8761 (http)
2023-04-18T06:25:54.166+05:00  INFO 8652 --- [main] o.apache.catalina.core.StandardService   : Starting service [Tomcat]
2023-04-18T06:25:54.166+05:00  INFO 8652 --- [main] o.apache.catalina.core.StandardEngine    : Starting Servlet engine: [Apache Tomcat/10.1.7]
2023-04-18T06:25:54.253+05:00  INFO 8652 --- [main] o.a.c.c.C.[Tomcat].[localhost].[/]       : Initializing Spring embedded WebApplicationContext
2023-04-18T06:25:54.253+05:00  INFO 8652 --- [main] w.s.c.ServletWebServerApplicationContext : Root WebApplicationContext: initialization completed in 1057 ms
2023-04-18T06:25:54.888+05:00  INFO 8652 --- [main] c.n.d.provider.DiscoveryJerseyProvider   : Using JSON encoding codec LegacyJacksonJson
2023-04-18T06:25:54.889+05:00  INFO 8652 --- [main] c.n.d.provider.DiscoveryJerseyProvider   : Using JSON decoding codec LegacyJacksonJson
2023-04-18T06:25:55.017+05:00  INFO 8652 --- [main] c.n.d.provider.DiscoveryJerseyProvider   : Using XML encoding codec XStreamXml
2023-04-18T06:25:55.017+05:00  INFO 8652 --- [main] c.n.d.provider.DiscoveryJerseyProvider   : Using XML decoding codec XStreamXml
2023-04-18T06:25:55.623+05:00  INFO 8652 --- [main] DiscoveryClientOptionalArgsConfiguration : Eureka HTTP Client uses RestTemplate.
2023-04-18T06:25:55.645+05:00  WARN 8652 --- [main] iguration$LoadBalancerCaffeineWarnLogger : Spring Cloud LoadBalancer is currently working with the default cache. While this cache implementation is useful for development and tests, it's recommended to use Caffeine cache in production.You can switch to using Caffeine cache, by adding it and org.springframework.cache.caffeine.CaffeineCacheManager to the classpath.
2023-04-18T06:25:55.657+05:00  INFO 8652 --- [main] o.s.c.n.eureka.InstanceInfoFactory       : Setting initial instance status as: STARTING
2023-04-18T06:25:55.674+05:00  INFO 8652 --- [main] com.netflix.discovery.DiscoveryClient    : Initializing Eureka in region us-east-1
2023-04-18T06:25:55.674+05:00  INFO 8652 --- [main] com.netflix.discovery.DiscoveryClient    : Client configured to neither register nor query for data.
2023-04-18T06:25:55.680+05:00  INFO 8652 --- [main] com.netflix.discovery.DiscoveryClient    : Discovery Client initialized at timestamp 1681781155679 with initial instances count: 0
2023-04-18T06:25:55.701+05:00  INFO 8652 --- [main] c.n.eureka.DefaultEurekaServerContext    : Initializing ...
2023-04-18T06:25:55.702+05:00  INFO 8652 --- [main] c.n.eureka.cluster.PeerEurekaNodes       : Adding new peer nodes [http://localhost:8761/eureka/]
2023-04-18T06:25:55.774+05:00  INFO 8652 --- [main] c.n.d.provider.DiscoveryJerseyProvider   : Using JSON encoding codec LegacyJacksonJson
2023-04-18T06:25:55.775+05:00  INFO 8652 --- [main] c.n.d.provider.DiscoveryJerseyProvider   : Using JSON decoding codec LegacyJacksonJson
2023-04-18T06:25:55.775+05:00  INFO 8652 --- [main] c.n.d.provider.DiscoveryJerseyProvider   : Using XML encoding codec XStreamXml
2023-04-18T06:25:55.775+05:00  INFO 8652 --- [main] c.n.d.provider.DiscoveryJerseyProvider   : Using XML decoding codec XStreamXml
2023-04-18T06:25:55.849+05:00  INFO 8652 --- [main] c.n.eureka.cluster.PeerEurekaNodes       : Replica node URL:  http://localhost:8761/eureka/
2023-04-18T06:25:55.871+05:00  INFO 8652 --- [main] c.n.e.registry.AbstractInstanceRegistry  : Finished initializing remote region registries. All known remote regions: []
2023-04-18T06:25:55.876+05:00  INFO 8652 --- [main] c.n.eureka.DefaultEurekaServerContext    : Initialized
2023-04-18T06:25:55.888+05:00  INFO 8652 --- [main] o.s.b.a.e.web.EndpointLinksResolver      : Exposing 1 endpoint(s) beneath base path '/actuator'
2023-04-18T06:25:55.930+05:00  INFO 8652 --- [main] o.s.c.n.e.s.EurekaServiceRegistry        : Registering application UNKNOWN with eureka with status UP
2023-04-18T06:25:55.939+05:00  INFO 8652 --- [Thread-9] o.s.c.n.e.server.EurekaServerBootstrap   : isAws returned false
2023-04-18T06:25:55.939+05:00  INFO 8652 --- [Thread-9] o.s.c.n.e.server.EurekaServerBootstrap   : Initialized server context
2023-04-18T06:25:55.939+05:00  INFO 8652 --- [Thread-9] c.n.e.r.PeerAwareInstanceRegistryImpl    : Got 1 instances from neighboring DS node
2023-04-18T06:25:55.939+05:00  INFO 8652 --- [Thread-9] c.n.e.r.PeerAwareInstanceRegistryImpl    : Renew threshold is: 1
2023-04-18T06:25:55.939+05:00  INFO 8652 --- [Thread-9] c.n.e.r.PeerAwareInstanceRegistryImpl    : Changing status to UP
2023-04-18T06:25:55.947+05:00  INFO 8652 --- [main] o.s.b.w.embedded.tomcat.TomcatWebServer  : Tomcat started on port(s): 8761 (http) with context path ''
2023-04-18T06:25:55.948+05:00  INFO 8652 --- [main] .s.c.n.e.s.EurekaAutoServiceRegistration : Updating port to 8761
2023-04-18T06:25:55.976+05:00  INFO 8652 --- [Thread-9] e.s.EurekaServerInitializerConfiguration : Started Eureka Server
2023-04-18T06:25:56.009+05:00  INFO 8652 --- [main] c.e.d.DiscoveryServerApplication         : Started DiscoveryServerApplication in 3.278 seconds (process running for 3.782)
2023-04-18T06:25:56.419+05:00  INFO 8652 --- [RMI TCP Connection(2)-192.168.100.138] o.a.c.c.C.[Tomcat].[localhost].[/]       : Initializing Spring DispatcherServlet 'dispatcherServlet'
2023-04-18T06:25:56.419+05:00  INFO 8652 --- [RMI TCP Connection(2)-192.168.100.138] o.s.web.servlet.DispatcherServlet        : Initializing Servlet 'dispatcherServlet'
2023-04-18T06:25:56.420+05:00  INFO 8652 --- [RMI TCP Connection(2)-192.168.100.138] o.s.web.servlet.DispatcherServlet        : Completed initialization in 1 ms
2023-04-18T06:26:07.814+05:00  WARN 8652 --- [http-nio-8761-exec-2] c.n.e.registry.AbstractInstanceRegistry  : DS: Registry: lease doesn't exist, registering resource: PRODUCT-SERVICE - Lenovo-Legion-5-PRO:product-service:8083
2023-04-18T06:26:07.814+05:00  WARN 8652 --- [http-nio-8761-exec-2] c.n.eureka.resources.InstanceResource    : Not Found (Renew): PRODUCT-SERVICE - Lenovo-Legion-5-PRO:product-service:8083
2023-04-18T06:26:07.906+05:00  INFO 8652 --- [http-nio-8761-exec-4] c.n.e.registry.AbstractInstanceRegistry  : Registered instance PRODUCT-SERVICE/Lenovo-Legion-5-PRO:product-service:8083 with status UP (replication=false)
2023-04-18T06:26:08.506+05:00  INFO 8652 --- [http-nio-8761-exec-5] c.n.e.registry.AbstractInstanceRegistry  : Registered instance PRODUCT-SERVICE/Lenovo-Legion-5-PRO:product-service:8083 with status UP (replication=true)
2023-04-18T06:26:11.279+05:00  INFO 8652 --- [http-nio-8761-exec-6] c.n.e.registry.AbstractInstanceRegistry  : Registered instance PRODUCT-SERVICE/Lenovo-Legion-5-PRO:product-service:8083 with status DOWN (replication=false)
2023-04-18T06:26:11.793+05:00  INFO 8652 --- [http-nio-8761-exec-7] c.n.e.registry.AbstractInstanceRegistry  : Registered instance PRODUCT-SERVICE/Lenovo-Legion-5-PRO:product-service:8083 with status DOWN (replication=true)
2023-04-18T06:26:14.333+05:00  INFO 8652 --- [http-nio-8761-exec-8] c.n.e.registry.AbstractInstanceRegistry  : Cancelled instance PRODUCT-SERVICE/Lenovo-Legion-5-PRO:product-service:8083 (replication=false)
2023-04-18T06:26:14.843+05:00  WARN 8652 --- [http-nio-8761-exec-1] c.n.e.registry.AbstractInstanceRegistry  : DS: Registry: cancel failed because Lease is not registered for: PRODUCT-SERVICE/Lenovo-Legion-5-PRO:product-service:8083
2023-04-18T06:26:14.844+05:00  INFO 8652 --- [http-nio-8761-exec-1] c.n.eureka.resources.InstanceResource    : Not Found (Cancel): PRODUCT-SERVICE - Lenovo-Legion-5-PRO:product-service:8083
2023-04-18T06:26:14.846+05:00  WARN 8652 --- [TaskBatchingWorker-target_localhost-2] c.n.eureka.cluster.ReplicationTask       : The replication of task PRODUCT-SERVICE/Lenovo-Legion-5-PRO:product-service:8083:Cancel@localhost failed with response code 404
2023-04-18T06:26:14.846+05:00  WARN 8652 --- [TaskBatchingWorker-target_localhost-2] c.netflix.eureka.cluster.PeerEurekaNode  : PRODUCT-SERVICE/Lenovo-Legion-5-PRO:product-service:8083:Cancel@localhost: missing entry.
2023-04-18T06:26:16.402+05:00  INFO 8652 --- [SpringApplicationShutdownHook] o.s.c.n.e.s.EurekaServiceRegistry        : Unregistering application UNKNOWN with eureka with status DOWN
2023-04-18T06:26:16.417+05:00  INFO 8652 --- [SpringApplicationShutdownHook] o.s.c.n.e.server.EurekaServerBootstrap   : Shutting down Eureka Server..
2023-04-18T06:26:16.446+05:00  INFO 8652 --- [SpringApplicationShutdownHook] c.n.eureka.DefaultEurekaServerContext    : Shutting down ...
2023-04-18T06:26:16.509+05:00 ERROR 8652 --- [Eureka-Jersey3Client-Conn-Cleaner2] c.n.d.s.t.j.EurekaJersey3ClientImpl      : Cannot clean connections

java.lang.IllegalStateException: Client instance has been closed.
	at org.glassfish.jersey.internal.guava.Preconditions.checkState(Preconditions.java:169) ~[jersey-common-3.1.1.jar:na]
	at org.glassfish.jersey.client.JerseyClient.checkNotClosed(JerseyClient.java:257) ~[jersey-client-3.1.1.jar:na]
	at org.glassfish.jersey.client.JerseyClient.getConfiguration(JerseyClient.java:372) ~[jersey-client-3.1.1.jar:na]
	at org.glassfish.jersey.client.JerseyClient.getConfiguration(JerseyClient.java:56) ~[jersey-client-3.1.1.jar:na]
	at com.netflix.discovery.shared.transport.jersey3.EurekaJersey3ClientImpl$ConnectionCleanerTask.run(EurekaJersey3ClientImpl.java:348) ~[eureka-client-jersey3-2.0.0.jar:2.0.0]
	at java.base/java.util.concurrent.Executors$RunnableAdapter.call(Executors.java:539) ~[na:na]
	at java.base/java.util.concurrent.FutureTask.run(FutureTask.java:264) ~[na:na]
	at java.base/java.util.concurrent.ScheduledThreadPoolExecutor$ScheduledFutureTask.run(ScheduledThreadPoolExecutor.java:304) ~[na:na]
	at java.base/java.util.concurrent.ThreadPoolExecutor.runWorker(ThreadPoolExecutor.java:1136) ~[na:na]
	at java.base/java.util.concurrent.ThreadPoolExecutor$Worker.run(ThreadPoolExecutor.java:635) ~[na:na]
	at java.base/java.lang.Thread.run(Thread.java:833) ~[na:na]

2023-04-18T06:26:16.554+05:00  INFO 8652 --- [SpringApplicationShutdownHook] c.n.eureka.DefaultEurekaServerContext    : Shut down
2023-04-18T06:26:16.554+05:00  INFO 8652 --- [SpringApplicationShutdownHook] o.s.c.n.e.server.EurekaServerBootstrap   : Eureka Service is now shutdown...
2023-04-18T06:26:16.554+05:00  INFO 8652 --- [SpringApplicationShutdownHook] c.n.eureka.DefaultEurekaServerContext    : Shutting down ...
2023-04-18T06:26:16.603+05:00  INFO 8652 --- [SpringApplicationShutdownHook] c.n.eureka.DefaultEurekaServerContext    : Shut down
2023-04-18T06:26:16.631+05:00  INFO 8652 --- [SpringApplicationShutdownHook] com.netflix.discovery.DiscoveryClient    : Shutting down DiscoveryClient ...
2023-04-18T06:26:16.638+05:00  INFO 8652 --- [SpringApplicationShutdownHook] com.netflix.discovery.DiscoveryClient    : Completed shut down of DiscoveryClient
