2023-05-10T16:35:11.545+05:00  INFO 6212 --- [main] c.e.d.DiscoveryServerApplication         : Starting DiscoveryServerApplication using Java 19.0.1 with PID 6212 (D:\University Work\FYP\Easy-Electro-Shop-Backend\discovery-server\target\classes started by Talha Rizwan in D:\University Work\FYP\Easy-Electro-Shop-Backend)
2023-05-10T16:35:11.549+05:00  INFO 6212 --- [main] c.e.d.DiscoveryServerApplication         : No active profile set, falling back to 1 default profile: "default"
2023-05-10T16:35:12.558+05:00  INFO 6212 --- [main] o.s.cloud.context.scope.GenericScope     : BeanFactory id=490f5b2f-2029-3db9-af70-0427739fa321
2023-05-10T16:35:12.850+05:00  INFO 6212 --- [main] o.s.b.w.embedded.tomcat.TomcatWebServer  : Tomcat initialized with port(s): 8761 (http)
2023-05-10T16:35:12.862+05:00  INFO 6212 --- [main] o.apache.catalina.core.StandardService   : Starting service [Tomcat]
2023-05-10T16:35:12.862+05:00  INFO 6212 --- [main] o.apache.catalina.core.StandardEngine    : Starting Servlet engine: [Apache Tomcat/10.1.7]
2023-05-10T16:35:13.011+05:00  INFO 6212 --- [main] o.a.c.c.C.[Tomcat].[localhost].[/]       : Initializing Spring embedded WebApplicationContext
2023-05-10T16:35:13.011+05:00  INFO 6212 --- [main] w.s.c.ServletWebServerApplicationContext : Root WebApplicationContext: initialization completed in 1408 ms
2023-05-10T16:35:14.050+05:00  INFO 6212 --- [main] c.n.d.provider.DiscoveryJerseyProvider   : Using JSON encoding codec LegacyJacksonJson
2023-05-10T16:35:14.052+05:00  INFO 6212 --- [main] c.n.d.provider.DiscoveryJerseyProvider   : Using JSON decoding codec LegacyJacksonJson
2023-05-10T16:35:14.206+05:00  INFO 6212 --- [main] c.n.d.provider.DiscoveryJerseyProvider   : Using XML encoding codec XStreamXml
2023-05-10T16:35:14.207+05:00  INFO 6212 --- [main] c.n.d.provider.DiscoveryJerseyProvider   : Using XML decoding codec XStreamXml
2023-05-10T16:35:15.048+05:00  INFO 6212 --- [main] DiscoveryClientOptionalArgsConfiguration : Eureka HTTP Client uses RestTemplate.
2023-05-10T16:35:15.086+05:00  WARN 6212 --- [main] iguration$LoadBalancerCaffeineWarnLogger : Spring Cloud LoadBalancer is currently working with the default cache. While this cache implementation is useful for development and tests, it's recommended to use Caffeine cache in production.You can switch to using Caffeine cache, by adding it and org.springframework.cache.caffeine.CaffeineCacheManager to the classpath.
2023-05-10T16:35:15.108+05:00  INFO 6212 --- [main] o.s.c.n.eureka.InstanceInfoFactory       : Setting initial instance status as: STARTING
2023-05-10T16:35:15.130+05:00  INFO 6212 --- [main] com.netflix.discovery.DiscoveryClient    : Initializing Eureka in region us-east-1
2023-05-10T16:35:15.131+05:00  INFO 6212 --- [main] com.netflix.discovery.DiscoveryClient    : Client configured to neither register nor query for data.
2023-05-10T16:35:15.137+05:00  INFO 6212 --- [main] com.netflix.discovery.DiscoveryClient    : Discovery Client initialized at timestamp 1683718515136 with initial instances count: 0
2023-05-10T16:35:15.167+05:00  INFO 6212 --- [main] c.n.eureka.DefaultEurekaServerContext    : Initializing ...
2023-05-10T16:35:15.169+05:00  INFO 6212 --- [main] c.n.eureka.cluster.PeerEurekaNodes       : Adding new peer nodes [http://localhost:8761/eureka/]
2023-05-10T16:35:15.274+05:00  INFO 6212 --- [main] c.n.d.provider.DiscoveryJerseyProvider   : Using JSON encoding codec LegacyJacksonJson
2023-05-10T16:35:15.275+05:00  INFO 6212 --- [main] c.n.d.provider.DiscoveryJerseyProvider   : Using JSON decoding codec LegacyJacksonJson
2023-05-10T16:35:15.275+05:00  INFO 6212 --- [main] c.n.d.provider.DiscoveryJerseyProvider   : Using XML encoding codec XStreamXml
2023-05-10T16:35:15.275+05:00  INFO 6212 --- [main] c.n.d.provider.DiscoveryJerseyProvider   : Using XML decoding codec XStreamXml
2023-05-10T16:35:15.395+05:00  INFO 6212 --- [main] c.n.eureka.cluster.PeerEurekaNodes       : Replica node URL:  http://localhost:8761/eureka/
2023-05-10T16:35:15.401+05:00  INFO 6212 --- [main] c.n.e.registry.AbstractInstanceRegistry  : Finished initializing remote region registries. All known remote regions: []
2023-05-10T16:35:15.402+05:00  INFO 6212 --- [main] c.n.eureka.DefaultEurekaServerContext    : Initialized
2023-05-10T16:35:15.413+05:00  INFO 6212 --- [main] o.s.b.a.e.web.EndpointLinksResolver      : Exposing 1 endpoint(s) beneath base path '/actuator'
2023-05-10T16:35:15.453+05:00  INFO 6212 --- [main] o.s.c.n.e.s.EurekaServiceRegistry        : Registering application UNKNOWN with eureka with status UP
2023-05-10T16:35:15.463+05:00  INFO 6212 --- [Thread-9] o.s.c.n.e.server.EurekaServerBootstrap   : isAws returned false
2023-05-10T16:35:15.463+05:00  INFO 6212 --- [Thread-9] o.s.c.n.e.server.EurekaServerBootstrap   : Initialized server context
2023-05-10T16:35:15.463+05:00  INFO 6212 --- [Thread-9] c.n.e.r.PeerAwareInstanceRegistryImpl    : Got 1 instances from neighboring DS node
2023-05-10T16:35:15.463+05:00  INFO 6212 --- [Thread-9] c.n.e.r.PeerAwareInstanceRegistryImpl    : Renew threshold is: 1
2023-05-10T16:35:15.464+05:00  INFO 6212 --- [Thread-9] c.n.e.r.PeerAwareInstanceRegistryImpl    : Changing status to UP
2023-05-10T16:35:15.472+05:00  INFO 6212 --- [Thread-9] e.s.EurekaServerInitializerConfiguration : Started Eureka Server
2023-05-10T16:35:15.476+05:00  INFO 6212 --- [main] o.s.b.w.embedded.tomcat.TomcatWebServer  : Tomcat started on port(s): 8761 (http) with context path ''
2023-05-10T16:35:15.477+05:00  INFO 6212 --- [main] .s.c.n.e.s.EurekaAutoServiceRegistration : Updating port to 8761
2023-05-10T16:35:15.549+05:00  INFO 6212 --- [main] c.e.d.DiscoveryServerApplication         : Started DiscoveryServerApplication in 4.507 seconds (process running for 4.953)
2023-05-10T16:35:29.808+05:00  INFO 6212 --- [http-nio-8761-exec-1] o.a.c.c.C.[Tomcat].[localhost].[/]       : Initializing Spring DispatcherServlet 'dispatcherServlet'
2023-05-10T16:35:29.808+05:00  INFO 6212 --- [http-nio-8761-exec-1] o.s.web.servlet.DispatcherServlet        : Initializing Servlet 'dispatcherServlet'
2023-05-10T16:35:29.809+05:00  INFO 6212 --- [http-nio-8761-exec-1] o.s.web.servlet.DispatcherServlet        : Completed initialization in 1 ms
2023-05-10T16:35:30.020+05:00  INFO 6212 --- [http-nio-8761-exec-2] c.n.e.registry.AbstractInstanceRegistry  : Registered instance PRODUCT-CATEGORY-MANAGEMENT-SERVICE/host.docker.internal:product-category-management-service:8086 with status UP (replication=false)
2023-05-10T16:35:30.631+05:00  INFO 6212 --- [http-nio-8761-exec-3] c.n.e.registry.AbstractInstanceRegistry  : Registered instance PRODUCT-CATEGORY-MANAGEMENT-SERVICE/host.docker.internal:product-category-management-service:8086 with status UP (replication=true)
2023-05-10T16:35:40.402+05:00  INFO 6212 --- [http-nio-8761-exec-5] c.n.e.registry.AbstractInstanceRegistry  : Registered instance PRODUCT-COLOR-MANAGEMENT-SERVICE/host.docker.internal:product-color-management-service:8085 with status UP (replication=false)
2023-05-10T16:35:40.920+05:00  INFO 6212 --- [http-nio-8761-exec-6] c.n.e.registry.AbstractInstanceRegistry  : Registered instance PRODUCT-COLOR-MANAGEMENT-SERVICE/host.docker.internal:product-color-management-service:8085 with status UP (replication=true)
2023-05-10T16:35:53.674+05:00  INFO 6212 --- [http-nio-8761-exec-8] c.n.e.registry.AbstractInstanceRegistry  : Registered instance PRODUCT-MANAGEMENT-SERVICE/host.docker.internal:product-management-service:8081 with status UP (replication=false)
2023-05-10T16:35:54.180+05:00  INFO 6212 --- [http-nio-8761-exec-9] c.n.e.registry.AbstractInstanceRegistry  : Registered instance PRODUCT-MANAGEMENT-SERVICE/host.docker.internal:product-management-service:8081 with status UP (replication=true)
2023-05-10T16:36:03.640+05:00  INFO 6212 --- [http-nio-8761-exec-4] c.n.e.registry.AbstractInstanceRegistry  : Registered instance PRODUCT-SERVICE/host.docker.internal:product-service:8083 with status UP (replication=false)
2023-05-10T16:36:04.151+05:00  INFO 6212 --- [http-nio-8761-exec-5] c.n.e.registry.AbstractInstanceRegistry  : Registered instance PRODUCT-SERVICE/host.docker.internal:product-service:8083 with status UP (replication=true)
2023-05-10T16:36:15.465+05:00  INFO 6212 --- [Eureka-EvictionTimer] c.n.e.registry.AbstractInstanceRegistry  : Running the evict task with compensationTime 0ms
2023-05-10T16:37:15.465+05:00  INFO 6212 --- [Eureka-EvictionTimer] c.n.e.registry.AbstractInstanceRegistry  : Running the evict task with compensationTime 0ms
2023-05-10T16:38:15.467+05:00  INFO 6212 --- [Eureka-EvictionTimer] c.n.e.registry.AbstractInstanceRegistry  : Running the evict task with compensationTime 1ms
2023-05-10T16:38:20.702+05:00  INFO 6212 --- [http-nio-8761-exec-7] c.n.e.registry.AbstractInstanceRegistry  : Registered instance PRODUCT-SERVICE/host.docker.internal:product-service:8083 with status DOWN (replication=false)
2023-05-10T16:38:21.208+05:00  INFO 6212 --- [http-nio-8761-exec-8] c.n.e.registry.AbstractInstanceRegistry  : Registered instance PRODUCT-SERVICE/host.docker.internal:product-service:8083 with status DOWN (replication=true)
2023-05-10T16:38:25.830+05:00  INFO 6212 --- [http-nio-8761-exec-10] c.n.e.registry.AbstractInstanceRegistry  : Cancelled instance PRODUCT-SERVICE/host.docker.internal:product-service:8083 (replication=false)
2023-05-10T16:38:26.348+05:00  WARN 6212 --- [http-nio-8761-exec-5] c.n.e.registry.AbstractInstanceRegistry  : DS: Registry: cancel failed because Lease is not registered for: PRODUCT-SERVICE/host.docker.internal:product-service:8083
2023-05-10T16:38:26.348+05:00  INFO 6212 --- [http-nio-8761-exec-5] c.n.eureka.resources.InstanceResource    : Not Found (Cancel): PRODUCT-SERVICE - host.docker.internal:product-service:8083
2023-05-10T16:38:26.350+05:00  WARN 6212 --- [TaskBatchingWorker-target_localhost-16] c.n.eureka.cluster.ReplicationTask       : The replication of task PRODUCT-SERVICE/host.docker.internal:product-service:8083:Cancel@localhost failed with response code 404
2023-05-10T16:38:26.350+05:00  WARN 6212 --- [TaskBatchingWorker-target_localhost-16] c.netflix.eureka.cluster.PeerEurekaNode  : PRODUCT-SERVICE/host.docker.internal:product-service:8083:Cancel@localhost: missing entry.
2023-05-10T16:38:33.229+05:00  INFO 6212 --- [http-nio-8761-exec-2] c.n.e.registry.AbstractInstanceRegistry  : Registered instance PRODUCT-SERVICE/host.docker.internal:product-service:8083 with status UP (replication=false)
2023-05-10T16:38:33.738+05:00  INFO 6212 --- [http-nio-8761-exec-3] c.n.e.registry.AbstractInstanceRegistry  : Registered instance PRODUCT-SERVICE/host.docker.internal:product-service:8083 with status UP (replication=true)
2023-05-10T16:39:15.477+05:00  INFO 6212 --- [Eureka-EvictionTimer] c.n.e.registry.AbstractInstanceRegistry  : Running the evict task with compensationTime 10ms
2023-05-10T16:40:15.477+05:00  INFO 6212 --- [Eureka-EvictionTimer] c.n.e.registry.AbstractInstanceRegistry  : Running the evict task with compensationTime 0ms
2023-05-10T16:40:26.396+05:00  INFO 6212 --- [http-nio-8761-exec-5] c.n.e.registry.AbstractInstanceRegistry  : Registered instance PRODUCT-SERVICE/host.docker.internal:product-service:8083 with status DOWN (replication=false)
2023-05-10T16:40:26.871+05:00  INFO 6212 --- [http-nio-8761-exec-10] c.n.e.registry.AbstractInstanceRegistry  : Registered instance PRODUCT-SERVICE/host.docker.internal:product-service:8083 with status DOWN (replication=true)
2023-05-10T16:40:26.873+05:00  WARN 6212 --- [TaskBatchingWorker-target_localhost-7] c.n.eureka.cluster.ReplicationTask       : The replication of task PRODUCT-SERVICE/host.docker.internal:product-service:8083:Heartbeat@localhost failed with response code 409
2023-05-10T16:40:26.873+05:00  WARN 6212 --- [TaskBatchingWorker-target_localhost-7] c.netflix.eureka.cluster.PeerEurekaNode  : Peer wants us to take the instance information from it, since the timestamp differs,Id : host.docker.internal:product-service:8083 My Timestamp : 1683718713170, Peer's timestamp: 1683718826390
2023-05-10T16:40:26.873+05:00  INFO 6212 --- [TaskBatchingWorker-target_localhost-7] c.n.e.registry.AbstractInstanceRegistry  : Registered instance PRODUCT-SERVICE/host.docker.internal:product-service:8083 with status DOWN (replication=true)
2023-05-10T16:40:31.640+05:00  INFO 6212 --- [http-nio-8761-exec-7] c.n.e.registry.AbstractInstanceRegistry  : Cancelled instance PRODUCT-SERVICE/host.docker.internal:product-service:8083 (replication=false)
2023-05-10T16:40:32.149+05:00  WARN 6212 --- [http-nio-8761-exec-2] c.n.e.registry.AbstractInstanceRegistry  : DS: Registry: cancel failed because Lease is not registered for: PRODUCT-SERVICE/host.docker.internal:product-service:8083
2023-05-10T16:40:32.149+05:00  INFO 6212 --- [http-nio-8761-exec-2] c.n.eureka.resources.InstanceResource    : Not Found (Cancel): PRODUCT-SERVICE - host.docker.internal:product-service:8083
2023-05-10T16:40:32.150+05:00  WARN 6212 --- [TaskBatchingWorker-target_localhost-11] c.n.eureka.cluster.ReplicationTask       : The replication of task PRODUCT-SERVICE/host.docker.internal:product-service:8083:Cancel@localhost failed with response code 404
2023-05-10T16:40:32.150+05:00  WARN 6212 --- [TaskBatchingWorker-target_localhost-11] c.netflix.eureka.cluster.PeerEurekaNode  : PRODUCT-SERVICE/host.docker.internal:product-service:8083:Cancel@localhost: missing entry.
2023-05-10T16:40:38.357+05:00  INFO 6212 --- [http-nio-8761-exec-5] c.n.e.registry.AbstractInstanceRegistry  : Registered instance PRODUCT-SERVICE/host.docker.internal:product-service:8083 with status UP (replication=false)
2023-05-10T16:40:38.867+05:00  INFO 6212 --- [http-nio-8761-exec-10] c.n.e.registry.AbstractInstanceRegistry  : Registered instance PRODUCT-SERVICE/host.docker.internal:product-service:8083 with status UP (replication=true)
2023-05-10T16:41:15.477+05:00  INFO 6212 --- [Eureka-EvictionTimer] c.n.e.registry.AbstractInstanceRegistry  : Running the evict task with compensationTime 0ms
2023-05-10T16:42:15.478+05:00  INFO 6212 --- [Eureka-EvictionTimer] c.n.e.registry.AbstractInstanceRegistry  : Running the evict task with compensationTime 0ms
2023-05-10T16:42:24.462+05:00  INFO 6212 --- [http-nio-8761-exec-1] c.n.e.registry.AbstractInstanceRegistry  : Registered instance PRODUCT-SERVICE/host.docker.internal:product-service:8083 with status DOWN (replication=false)
2023-05-10T16:42:24.937+05:00  INFO 6212 --- [http-nio-8761-exec-6] c.n.e.registry.AbstractInstanceRegistry  : Registered instance PRODUCT-SERVICE/host.docker.internal:product-service:8083 with status DOWN (replication=true)
2023-05-10T16:42:24.939+05:00  WARN 6212 --- [TaskBatchingWorker-target_localhost-1] c.n.eureka.cluster.ReplicationTask       : The replication of task PRODUCT-SERVICE/host.docker.internal:product-service:8083:Heartbeat@localhost failed with response code 409
2023-05-10T16:42:24.939+05:00  WARN 6212 --- [TaskBatchingWorker-target_localhost-1] c.netflix.eureka.cluster.PeerEurekaNode  : Peer wants us to take the instance information from it, since the timestamp differs,Id : host.docker.internal:product-service:8083 My Timestamp : 1683718838287, Peer's timestamp: 1683718944458
2023-05-10T16:42:24.940+05:00  INFO 6212 --- [TaskBatchingWorker-target_localhost-1] c.n.e.registry.AbstractInstanceRegistry  : Registered instance PRODUCT-SERVICE/host.docker.internal:product-service:8083 with status DOWN (replication=true)
2023-05-10T16:42:29.716+05:00  INFO 6212 --- [http-nio-8761-exec-4] c.n.e.registry.AbstractInstanceRegistry  : Cancelled instance PRODUCT-SERVICE/host.docker.internal:product-service:8083 (replication=false)
2023-05-10T16:42:30.221+05:00  WARN 6212 --- [http-nio-8761-exec-3] c.n.e.registry.AbstractInstanceRegistry  : DS: Registry: cancel failed because Lease is not registered for: PRODUCT-SERVICE/host.docker.internal:product-service:8083
2023-05-10T16:42:30.221+05:00  INFO 6212 --- [http-nio-8761-exec-3] c.n.eureka.resources.InstanceResource    : Not Found (Cancel): PRODUCT-SERVICE - host.docker.internal:product-service:8083
2023-05-10T16:42:30.222+05:00  WARN 6212 --- [TaskBatchingWorker-target_localhost-14] c.n.eureka.cluster.ReplicationTask       : The replication of task PRODUCT-SERVICE/host.docker.internal:product-service:8083:Cancel@localhost failed with response code 404
2023-05-10T16:42:30.223+05:00  WARN 6212 --- [TaskBatchingWorker-target_localhost-14] c.netflix.eureka.cluster.PeerEurekaNode  : PRODUCT-SERVICE/host.docker.internal:product-service:8083:Cancel@localhost: missing entry.
2023-05-10T16:42:35.399+05:00  INFO 6212 --- [http-nio-8761-exec-10] c.n.e.registry.AbstractInstanceRegistry  : Registered instance PRODUCT-SERVICE/host.docker.internal:product-service:8083 with status UP (replication=false)
2023-05-10T16:42:35.902+05:00  INFO 6212 --- [http-nio-8761-exec-1] c.n.e.registry.AbstractInstanceRegistry  : Registered instance PRODUCT-SERVICE/host.docker.internal:product-service:8083 with status UP (replication=true)
2023-05-10T16:43:15.481+05:00  INFO 6212 --- [Eureka-EvictionTimer] c.n.e.registry.AbstractInstanceRegistry  : Running the evict task with compensationTime 2ms
2023-05-10T16:44:15.481+05:00  INFO 6212 --- [Eureka-EvictionTimer] c.n.e.registry.AbstractInstanceRegistry  : Running the evict task with compensationTime 0ms
2023-05-10T16:45:15.493+05:00  INFO 6212 --- [Eureka-EvictionTimer] c.n.e.registry.AbstractInstanceRegistry  : Running the evict task with compensationTime 11ms
2023-05-10T16:46:15.508+05:00  INFO 6212 --- [Eureka-EvictionTimer] c.n.e.registry.AbstractInstanceRegistry  : Running the evict task with compensationTime 15ms
2023-05-10T16:46:15.508+05:00  INFO 6212 --- [Eureka-EvictionTimer] c.n.e.registry.AbstractInstanceRegistry  : Evicting 1 items (expired=1, evictionLimit=1)
2023-05-10T16:46:15.508+05:00  WARN 6212 --- [Eureka-EvictionTimer] c.n.e.registry.AbstractInstanceRegistry  : DS: Registry: expired lease for PRODUCT-SERVICE/host.docker.internal:product-service:8083
2023-05-10T16:46:15.508+05:00  INFO 6212 --- [Eureka-EvictionTimer] c.n.e.registry.AbstractInstanceRegistry  : Cancelled instance PRODUCT-SERVICE/host.docker.internal:product-service:8083 (replication=false)
2023-05-10T16:46:56.467+05:00  WARN 6212 --- [http-nio-8761-exec-4] c.n.e.registry.AbstractInstanceRegistry  : DS: Registry: lease doesn't exist, registering resource: PRODUCT-SERVICE - host.docker.internal:product-service:8083
2023-05-10T16:46:56.467+05:00  WARN 6212 --- [http-nio-8761-exec-4] c.n.eureka.resources.InstanceResource    : Not Found (Renew): PRODUCT-SERVICE - host.docker.internal:product-service:8083
2023-05-10T16:46:56.516+05:00  INFO 6212 --- [http-nio-8761-exec-3] c.n.e.registry.AbstractInstanceRegistry  : Registered instance PRODUCT-SERVICE/host.docker.internal:product-service:8083 with status DOWN (replication=false)
2023-05-10T16:46:56.541+05:00  INFO 6212 --- [http-nio-8761-exec-9] c.n.e.registry.AbstractInstanceRegistry  : Registered instance PRODUCT-SERVICE/host.docker.internal:product-service:8083 with status DOWN (replication=false)
2023-05-10T16:46:57.055+05:00  INFO 6212 --- [http-nio-8761-exec-10] c.n.e.registry.AbstractInstanceRegistry  : Registered instance PRODUCT-SERVICE/host.docker.internal:product-service:8083 with status DOWN (replication=true)
2023-05-10T16:47:01.756+05:00  INFO 6212 --- [http-nio-8761-exec-2] c.n.e.registry.AbstractInstanceRegistry  : Cancelled instance PRODUCT-SERVICE/host.docker.internal:product-service:8083 (replication=false)
2023-05-10T16:47:02.262+05:00  WARN 6212 --- [http-nio-8761-exec-4] c.n.e.registry.AbstractInstanceRegistry  : DS: Registry: cancel failed because Lease is not registered for: PRODUCT-SERVICE/host.docker.internal:product-service:8083
2023-05-10T16:47:02.262+05:00  INFO 6212 --- [http-nio-8761-exec-4] c.n.eureka.resources.InstanceResource    : Not Found (Cancel): PRODUCT-SERVICE - host.docker.internal:product-service:8083
2023-05-10T16:47:02.264+05:00  WARN 6212 --- [TaskBatchingWorker-target_localhost-17] c.n.eureka.cluster.ReplicationTask       : The replication of task PRODUCT-SERVICE/host.docker.internal:product-service:8083:Cancel@localhost failed with response code 404
2023-05-10T16:47:02.264+05:00  WARN 6212 --- [TaskBatchingWorker-target_localhost-17] c.netflix.eureka.cluster.PeerEurekaNode  : PRODUCT-SERVICE/host.docker.internal:product-service:8083:Cancel@localhost: missing entry.
2023-05-10T16:47:07.408+05:00  INFO 6212 --- [http-nio-8761-exec-10] c.n.e.registry.AbstractInstanceRegistry  : Registered instance PRODUCT-SERVICE/host.docker.internal:product-service:8083 with status UP (replication=false)
2023-05-10T16:47:07.916+05:00  INFO 6212 --- [http-nio-8761-exec-8] c.n.e.registry.AbstractInstanceRegistry  : Registered instance PRODUCT-SERVICE/host.docker.internal:product-service:8083 with status UP (replication=true)
2023-05-10T16:47:15.516+05:00  INFO 6212 --- [Eureka-EvictionTimer] c.n.e.registry.AbstractInstanceRegistry  : Running the evict task with compensationTime 7ms
2023-05-10T16:48:15.516+05:00  INFO 6212 --- [Eureka-EvictionTimer] c.n.e.registry.AbstractInstanceRegistry  : Running the evict task with compensationTime 0ms
2023-05-10T16:49:15.521+05:00  INFO 6212 --- [Eureka-EvictionTimer] c.n.e.registry.AbstractInstanceRegistry  : Running the evict task with compensationTime 4ms
2023-05-10T16:49:46.391+05:00  INFO 6212 --- [http-nio-8761-exec-1] c.n.e.registry.AbstractInstanceRegistry  : Registered instance PRODUCT-SERVICE/host.docker.internal:product-service:8083 with status DOWN (replication=false)
2023-05-10T16:49:46.876+05:00  INFO 6212 --- [http-nio-8761-exec-3] c.n.e.registry.AbstractInstanceRegistry  : Registered instance PRODUCT-SERVICE/host.docker.internal:product-service:8083 with status DOWN (replication=true)
2023-05-10T16:49:46.878+05:00  WARN 6212 --- [TaskBatchingWorker-target_localhost-0] c.n.eureka.cluster.ReplicationTask       : The replication of task PRODUCT-SERVICE/host.docker.internal:product-service:8083:Heartbeat@localhost failed with response code 409
2023-05-10T16:49:46.878+05:00  WARN 6212 --- [TaskBatchingWorker-target_localhost-0] c.netflix.eureka.cluster.PeerEurekaNode  : Peer wants us to take the instance information from it, since the timestamp differs,Id : host.docker.internal:product-service:8083 My Timestamp : 1683719227334, Peer's timestamp: 1683719386388
2023-05-10T16:49:46.878+05:00  INFO 6212 --- [TaskBatchingWorker-target_localhost-0] c.n.e.registry.AbstractInstanceRegistry  : Registered instance PRODUCT-SERVICE/host.docker.internal:product-service:8083 with status DOWN (replication=true)
2023-05-10T16:49:51.533+05:00  INFO 6212 --- [http-nio-8761-exec-8] c.n.e.registry.AbstractInstanceRegistry  : Cancelled instance PRODUCT-SERVICE/host.docker.internal:product-service:8083 (replication=false)
2023-05-10T16:49:52.038+05:00  WARN 6212 --- [http-nio-8761-exec-7] c.n.e.registry.AbstractInstanceRegistry  : DS: Registry: cancel failed because Lease is not registered for: PRODUCT-SERVICE/host.docker.internal:product-service:8083
2023-05-10T16:49:52.038+05:00  INFO 6212 --- [http-nio-8761-exec-7] c.n.eureka.resources.InstanceResource    : Not Found (Cancel): PRODUCT-SERVICE - host.docker.internal:product-service:8083
2023-05-10T16:49:52.039+05:00  WARN 6212 --- [TaskBatchingWorker-target_localhost-13] c.n.eureka.cluster.ReplicationTask       : The replication of task PRODUCT-SERVICE/host.docker.internal:product-service:8083:Cancel@localhost failed with response code 404
2023-05-10T16:49:52.039+05:00  WARN 6212 --- [TaskBatchingWorker-target_localhost-13] c.netflix.eureka.cluster.PeerEurekaNode  : PRODUCT-SERVICE/host.docker.internal:product-service:8083:Cancel@localhost: missing entry.
2023-05-10T16:49:57.336+05:00  INFO 6212 --- [http-nio-8761-exec-3] c.n.e.registry.AbstractInstanceRegistry  : Registered instance PRODUCT-SERVICE/host.docker.internal:product-service:8083 with status UP (replication=false)
2023-05-10T16:49:57.839+05:00  INFO 6212 --- [http-nio-8761-exec-8] c.n.e.registry.AbstractInstanceRegistry  : Registered instance PRODUCT-SERVICE/host.docker.internal:product-service:8083 with status UP (replication=true)
2023-05-10T16:50:15.401+05:00  INFO 6212 --- [ReplicaAwareInstanceRegistry - RenewalThresholdUpdater] c.n.e.r.PeerAwareInstanceRegistryImpl    : Current renewal threshold is : 8
2023-05-10T16:50:15.529+05:00  INFO 6212 --- [Eureka-EvictionTimer] c.n.e.registry.AbstractInstanceRegistry  : Running the evict task with compensationTime 8ms
2023-05-10T16:51:15.530+05:00  INFO 6212 --- [Eureka-EvictionTimer] c.n.e.registry.AbstractInstanceRegistry  : Running the evict task with compensationTime 0ms
2023-05-10T16:51:58.647+05:00  INFO 6212 --- [http-nio-8761-exec-9] c.n.e.registry.AbstractInstanceRegistry  : Registered instance PRODUCT-SERVICE/host.docker.internal:product-service:8083 with status DOWN (replication=false)
2023-05-10T16:51:59.141+05:00  INFO 6212 --- [http-nio-8761-exec-8] c.n.e.registry.AbstractInstanceRegistry  : Registered instance PRODUCT-SERVICE/host.docker.internal:product-service:8083 with status DOWN (replication=true)
2023-05-10T16:51:59.142+05:00  WARN 6212 --- [TaskBatchingWorker-target_localhost-1] c.n.eureka.cluster.ReplicationTask       : The replication of task PRODUCT-SERVICE/host.docker.internal:product-service:8083:Heartbeat@localhost failed with response code 409
2023-05-10T16:51:59.142+05:00  WARN 6212 --- [TaskBatchingWorker-target_localhost-1] c.netflix.eureka.cluster.PeerEurekaNode  : Peer wants us to take the instance information from it, since the timestamp differs,Id : host.docker.internal:product-service:8083 My Timestamp : 1683719397271, Peer's timestamp: 1683719518644
2023-05-10T16:51:59.142+05:00  INFO 6212 --- [TaskBatchingWorker-target_localhost-1] c.n.e.registry.AbstractInstanceRegistry  : Registered instance PRODUCT-SERVICE/host.docker.internal:product-service:8083 with status DOWN (replication=true)
2023-05-10T16:52:03.882+05:00  INFO 6212 --- [http-nio-8761-exec-6] c.n.e.registry.AbstractInstanceRegistry  : Cancelled instance PRODUCT-SERVICE/host.docker.internal:product-service:8083 (replication=false)
2023-05-10T16:52:04.392+05:00  WARN 6212 --- [http-nio-8761-exec-3] c.n.e.registry.AbstractInstanceRegistry  : DS: Registry: cancel failed because Lease is not registered for: PRODUCT-SERVICE/host.docker.internal:product-service:8083
2023-05-10T16:52:04.392+05:00  INFO 6212 --- [http-nio-8761-exec-3] c.n.eureka.resources.InstanceResource    : Not Found (Cancel): PRODUCT-SERVICE - host.docker.internal:product-service:8083
2023-05-10T16:52:04.393+05:00  WARN 6212 --- [TaskBatchingWorker-target_localhost-17] c.n.eureka.cluster.ReplicationTask       : The replication of task PRODUCT-SERVICE/host.docker.internal:product-service:8083:Cancel@localhost failed with response code 404
2023-05-10T16:52:04.393+05:00  WARN 6212 --- [TaskBatchingWorker-target_localhost-17] c.netflix.eureka.cluster.PeerEurekaNode  : PRODUCT-SERVICE/host.docker.internal:product-service:8083:Cancel@localhost: missing entry.
2023-05-10T16:52:15.536+05:00  INFO 6212 --- [Eureka-EvictionTimer] c.n.e.registry.AbstractInstanceRegistry  : Running the evict task with compensationTime 6ms
2023-05-10T16:53:15.537+05:00  INFO 6212 --- [Eureka-EvictionTimer] c.n.e.registry.AbstractInstanceRegistry  : Running the evict task with compensationTime 0ms
2023-05-10T16:54:15.543+05:00  INFO 6212 --- [Eureka-EvictionTimer] c.n.e.registry.AbstractInstanceRegistry  : Running the evict task with compensationTime 6ms
2023-05-10T16:55:04.638+05:00  INFO 6212 --- [http-nio-8761-exec-2] c.n.e.registry.AbstractInstanceRegistry  : Registered instance PRODUCT-MANAGEMENT-SERVICE/host.docker.internal:product-management-service:8081 with status DOWN (replication=false)
2023-05-10T16:55:05.143+05:00  INFO 6212 --- [http-nio-8761-exec-1] c.n.e.registry.AbstractInstanceRegistry  : Registered instance PRODUCT-MANAGEMENT-SERVICE/host.docker.internal:product-management-service:8081 with status DOWN (replication=true)
2023-05-10T16:55:07.677+05:00  INFO 6212 --- [http-nio-8761-exec-4] c.n.e.registry.AbstractInstanceRegistry  : Cancelled instance PRODUCT-MANAGEMENT-SERVICE/host.docker.internal:product-management-service:8081 (replication=false)
2023-05-10T16:55:08.182+05:00  WARN 6212 --- [http-nio-8761-exec-10] c.n.e.registry.AbstractInstanceRegistry  : DS: Registry: cancel failed because Lease is not registered for: PRODUCT-MANAGEMENT-SERVICE/host.docker.internal:product-management-service:8081
2023-05-10T16:55:08.182+05:00  INFO 6212 --- [http-nio-8761-exec-10] c.n.eureka.resources.InstanceResource    : Not Found (Cancel): PRODUCT-MANAGEMENT-SERVICE - host.docker.internal:product-management-service:8081
2023-05-10T16:55:08.183+05:00  WARN 6212 --- [TaskBatchingWorker-target_localhost-5] c.n.eureka.cluster.ReplicationTask       : The replication of task PRODUCT-MANAGEMENT-SERVICE/host.docker.internal:product-management-service:8081:Cancel@localhost failed with response code 404
2023-05-10T16:55:08.183+05:00  WARN 6212 --- [TaskBatchingWorker-target_localhost-5] c.netflix.eureka.cluster.PeerEurekaNode  : PRODUCT-MANAGEMENT-SERVICE/host.docker.internal:product-management-service:8081:Cancel@localhost: missing entry.
2023-05-10T16:55:15.079+05:00  INFO 6212 --- [http-nio-8761-exec-2] c.n.e.registry.AbstractInstanceRegistry  : Registered instance PRODUCT-MANAGEMENT-SERVICE/host.docker.internal:product-management-service:8081 with status UP (replication=false)
2023-05-10T16:55:15.543+05:00  INFO 6212 --- [Eureka-EvictionTimer] c.n.e.registry.AbstractInstanceRegistry  : Running the evict task with compensationTime 0ms
2023-05-10T16:55:15.594+05:00  INFO 6212 --- [http-nio-8761-exec-1] c.n.e.registry.AbstractInstanceRegistry  : Registered instance PRODUCT-MANAGEMENT-SERVICE/host.docker.internal:product-management-service:8081 with status UP (replication=true)
2023-05-10T16:56:15.545+05:00  INFO 6212 --- [Eureka-EvictionTimer] c.n.e.registry.AbstractInstanceRegistry  : Running the evict task with compensationTime 1ms
2023-05-10T16:57:15.454+05:00  INFO 6212 --- [http-nio-8761-exec-2] c.n.e.registry.AbstractInstanceRegistry  : Registered instance PRODUCT-SERVICE/host.docker.internal:product-service:8083 with status UP (replication=false)
2023-05-10T16:57:15.557+05:00  INFO 6212 --- [Eureka-EvictionTimer] c.n.e.registry.AbstractInstanceRegistry  : Running the evict task with compensationTime 11ms
2023-05-10T16:57:15.591+05:00  INFO 6212 --- [http-nio-8761-exec-1] c.n.e.registry.AbstractInstanceRegistry  : Registered instance PRODUCT-SERVICE/host.docker.internal:product-service:8083 with status UP (replication=true)
2023-05-10T16:58:15.565+05:00  INFO 6212 --- [Eureka-EvictionTimer] c.n.e.registry.AbstractInstanceRegistry  : Running the evict task with compensationTime 8ms
2023-05-10T16:59:15.575+05:00  INFO 6212 --- [Eureka-EvictionTimer] c.n.e.registry.AbstractInstanceRegistry  : Running the evict task with compensationTime 10ms
2023-05-10T17:00:15.579+05:00  INFO 6212 --- [Eureka-EvictionTimer] c.n.e.registry.AbstractInstanceRegistry  : Running the evict task with compensationTime 3ms
2023-05-10T17:01:15.594+05:00  INFO 6212 --- [Eureka-EvictionTimer] c.n.e.registry.AbstractInstanceRegistry  : Running the evict task with compensationTime 14ms
2023-05-10T17:02:15.602+05:00  INFO 6212 --- [Eureka-EvictionTimer] c.n.e.registry.AbstractInstanceRegistry  : Running the evict task with compensationTime 8ms
2023-05-10T17:02:15.602+05:00  INFO 6212 --- [Eureka-EvictionTimer] c.n.e.registry.AbstractInstanceRegistry  : Evicting 1 items (expired=1, evictionLimit=1)
2023-05-10T17:02:15.602+05:00  WARN 6212 --- [Eureka-EvictionTimer] c.n.e.registry.AbstractInstanceRegistry  : DS: Registry: expired lease for PRODUCT-SERVICE/host.docker.internal:product-service:8083
2023-05-10T17:02:15.603+05:00  INFO 6212 --- [Eureka-EvictionTimer] c.n.e.registry.AbstractInstanceRegistry  : Cancelled instance PRODUCT-SERVICE/host.docker.internal:product-service:8083 (replication=false)
2023-05-10T17:02:25.728+05:00  WARN 6212 --- [http-nio-8761-exec-9] c.n.e.registry.AbstractInstanceRegistry  : DS: Registry: lease doesn't exist, registering resource: PRODUCT-SERVICE - host.docker.internal:product-service:8083
2023-05-10T17:02:25.729+05:00  WARN 6212 --- [http-nio-8761-exec-9] c.n.eureka.resources.InstanceResource    : Not Found (Renew): PRODUCT-SERVICE - host.docker.internal:product-service:8083
2023-05-10T17:02:25.737+05:00  INFO 6212 --- [http-nio-8761-exec-10] c.n.e.registry.AbstractInstanceRegistry  : Registered instance PRODUCT-SERVICE/host.docker.internal:product-service:8083 with status UP (replication=false)
2023-05-10T17:02:25.762+05:00  INFO 6212 --- [http-nio-8761-exec-6] c.n.e.registry.AbstractInstanceRegistry  : Registered instance PRODUCT-SERVICE/host.docker.internal:product-service:8083 with status DOWN (replication=false)
2023-05-10T17:02:26.273+05:00  INFO 6212 --- [http-nio-8761-exec-1] c.n.e.registry.AbstractInstanceRegistry  : Registered instance PRODUCT-SERVICE/host.docker.internal:product-service:8083 with status DOWN (replication=true)
2023-05-10T17:02:30.894+05:00  INFO 6212 --- [http-nio-8761-exec-2] c.n.e.registry.AbstractInstanceRegistry  : Cancelled instance PRODUCT-SERVICE/host.docker.internal:product-service:8083 (replication=false)
2023-05-10T17:02:31.103+05:00  WARN 6212 --- [http-nio-8761-exec-8] c.n.e.registry.AbstractInstanceRegistry  : DS: Registry: cancel failed because Lease is not registered for: PRODUCT-SERVICE/host.docker.internal:product-service:8083
2023-05-10T17:02:31.103+05:00  INFO 6212 --- [http-nio-8761-exec-8] c.n.eureka.resources.InstanceResource    : Not Found (Cancel): PRODUCT-SERVICE - host.docker.internal:product-service:8083
2023-05-10T17:02:31.104+05:00  WARN 6212 --- [TaskBatchingWorker-target_localhost-0] c.n.eureka.cluster.ReplicationTask       : The replication of task PRODUCT-SERVICE/host.docker.internal:product-service:8083:Cancel@localhost failed with response code 404
2023-05-10T17:02:31.104+05:00  WARN 6212 --- [TaskBatchingWorker-target_localhost-0] c.netflix.eureka.cluster.PeerEurekaNode  : PRODUCT-SERVICE/host.docker.internal:product-service:8083:Cancel@localhost: missing entry.
2023-05-10T17:03:15.617+05:00  INFO 6212 --- [Eureka-EvictionTimer] c.n.e.registry.AbstractInstanceRegistry  : Running the evict task with compensationTime 15ms
2023-05-10T17:04:15.618+05:00  INFO 6212 --- [Eureka-EvictionTimer] c.n.e.registry.AbstractInstanceRegistry  : Running the evict task with compensationTime 0ms
2023-05-10T17:04:49.063+05:00  INFO 6212 --- [http-nio-8761-exec-6] c.n.e.registry.AbstractInstanceRegistry  : Registered instance PRODUCT-SERVICE/host.docker.internal:product-service:8083 with status UP (replication=false)
2023-05-10T17:04:49.572+05:00  INFO 6212 --- [http-nio-8761-exec-3] c.n.e.registry.AbstractInstanceRegistry  : Registered instance PRODUCT-SERVICE/host.docker.internal:product-service:8083 with status UP (replication=true)
2023-05-10T17:05:15.402+05:00  INFO 6212 --- [ReplicaAwareInstanceRegistry - RenewalThresholdUpdater] c.n.e.r.PeerAwareInstanceRegistryImpl    : Current renewal threshold is : 8
2023-05-10T17:05:15.627+05:00  INFO 6212 --- [Eureka-EvictionTimer] c.n.e.registry.AbstractInstanceRegistry  : Running the evict task with compensationTime 8ms
2023-05-10T17:06:15.627+05:00  INFO 6212 --- [Eureka-EvictionTimer] c.n.e.registry.AbstractInstanceRegistry  : Running the evict task with compensationTime 0ms
2023-05-10T17:07:15.628+05:00  INFO 6212 --- [Eureka-EvictionTimer] c.n.e.registry.AbstractInstanceRegistry  : Running the evict task with compensationTime 0ms
2023-05-10T17:08:15.632+05:00  INFO 6212 --- [Eureka-EvictionTimer] c.n.e.registry.AbstractInstanceRegistry  : Running the evict task with compensationTime 4ms
2023-05-10T17:09:15.641+05:00  INFO 6212 --- [Eureka-EvictionTimer] c.n.e.registry.AbstractInstanceRegistry  : Running the evict task with compensationTime 8ms
2023-05-10T17:09:18.685+05:00  INFO 6212 --- [http-nio-8761-exec-8] c.n.e.registry.AbstractInstanceRegistry  : Registered instance PRODUCT-SERVICE/host.docker.internal:product-service:8083 with status DOWN (replication=false)
2023-05-10T17:09:19.150+05:00  INFO 6212 --- [http-nio-8761-exec-9] c.n.e.registry.AbstractInstanceRegistry  : Registered instance PRODUCT-SERVICE/host.docker.internal:product-service:8083 with status DOWN (replication=true)
2023-05-10T17:09:19.152+05:00  WARN 6212 --- [TaskBatchingWorker-target_localhost-6] c.n.eureka.cluster.ReplicationTask       : The replication of task PRODUCT-SERVICE/host.docker.internal:product-service:8083:Heartbeat@localhost failed with response code 409
2023-05-10T17:09:19.152+05:00  WARN 6212 --- [TaskBatchingWorker-target_localhost-6] c.netflix.eureka.cluster.PeerEurekaNode  : Peer wants us to take the instance information from it, since the timestamp differs,Id : host.docker.internal:product-service:8083 My Timestamp : 1683720288997, Peer's timestamp: 1683720558681
2023-05-10T17:09:19.152+05:00  INFO 6212 --- [TaskBatchingWorker-target_localhost-6] c.n.e.registry.AbstractInstanceRegistry  : Registered instance PRODUCT-SERVICE/host.docker.internal:product-service:8083 with status DOWN (replication=true)
2023-05-10T17:09:23.933+05:00  INFO 6212 --- [http-nio-8761-exec-1] c.n.e.registry.AbstractInstanceRegistry  : Cancelled instance PRODUCT-SERVICE/host.docker.internal:product-service:8083 (replication=false)
2023-05-10T17:09:24.446+05:00  WARN 6212 --- [http-nio-8761-exec-6] c.n.e.registry.AbstractInstanceRegistry  : DS: Registry: cancel failed because Lease is not registered for: PRODUCT-SERVICE/host.docker.internal:product-service:8083
2023-05-10T17:09:24.448+05:00  INFO 6212 --- [http-nio-8761-exec-6] c.n.eureka.resources.InstanceResource    : Not Found (Cancel): PRODUCT-SERVICE - host.docker.internal:product-service:8083
2023-05-10T17:09:24.448+05:00  WARN 6212 --- [TaskBatchingWorker-target_localhost-8] c.n.eureka.cluster.ReplicationTask       : The replication of task PRODUCT-SERVICE/host.docker.internal:product-service:8083:Cancel@localhost failed with response code 404
2023-05-10T17:09:24.448+05:00  WARN 6212 --- [TaskBatchingWorker-target_localhost-8] c.netflix.eureka.cluster.PeerEurekaNode  : PRODUCT-SERVICE/host.docker.internal:product-service:8083:Cancel@localhost: missing entry.
2023-05-10T17:09:33.622+05:00  INFO 6212 --- [http-nio-8761-exec-4] c.n.e.registry.AbstractInstanceRegistry  : Registered instance PRODUCT-SERVICE/host.docker.internal:product-service:8083 with status UP (replication=false)
2023-05-10T17:09:34.124+05:00  INFO 6212 --- [http-nio-8761-exec-2] c.n.e.registry.AbstractInstanceRegistry  : Registered instance PRODUCT-SERVICE/host.docker.internal:product-service:8083 with status UP (replication=true)
2023-05-10T17:10:15.656+05:00  INFO 6212 --- [Eureka-EvictionTimer] c.n.e.registry.AbstractInstanceRegistry  : Running the evict task with compensationTime 14ms
2023-05-10T17:11:15.656+05:00  INFO 6212 --- [Eureka-EvictionTimer] c.n.e.registry.AbstractInstanceRegistry  : Running the evict task with compensationTime 0ms
2023-05-10T17:12:15.664+05:00  INFO 6212 --- [Eureka-EvictionTimer] c.n.e.registry.AbstractInstanceRegistry  : Running the evict task with compensationTime 8ms
2023-05-10T17:13:15.673+05:00  INFO 6212 --- [Eureka-EvictionTimer] c.n.e.registry.AbstractInstanceRegistry  : Running the evict task with compensationTime 9ms
2023-05-10T17:14:15.674+05:00  INFO 6212 --- [Eureka-EvictionTimer] c.n.e.registry.AbstractInstanceRegistry  : Running the evict task with compensationTime 0ms
2023-05-10T17:15:15.675+05:00  INFO 6212 --- [Eureka-EvictionTimer] c.n.e.registry.AbstractInstanceRegistry  : Running the evict task with compensationTime 1ms
2023-05-10T17:16:15.681+05:00  INFO 6212 --- [Eureka-EvictionTimer] c.n.e.registry.AbstractInstanceRegistry  : Running the evict task with compensationTime 5ms
2023-05-10T17:17:15.681+05:00  INFO 6212 --- [Eureka-EvictionTimer] c.n.e.registry.AbstractInstanceRegistry  : Running the evict task with compensationTime 0ms
2023-05-10T17:18:15.693+05:00  INFO 6212 --- [Eureka-EvictionTimer] c.n.e.registry.AbstractInstanceRegistry  : Running the evict task with compensationTime 11ms
2023-05-10T17:19:15.703+05:00  INFO 6212 --- [Eureka-EvictionTimer] c.n.e.registry.AbstractInstanceRegistry  : Running the evict task with compensationTime 10ms
2023-05-10T17:20:15.403+05:00  INFO 6212 --- [ReplicaAwareInstanceRegistry - RenewalThresholdUpdater] c.n.e.r.PeerAwareInstanceRegistryImpl    : Current renewal threshold is : 8
2023-05-10T17:20:15.713+05:00  INFO 6212 --- [Eureka-EvictionTimer] c.n.e.registry.AbstractInstanceRegistry  : Running the evict task with compensationTime 10ms
2023-05-10T17:21:15.716+05:00  INFO 6212 --- [Eureka-EvictionTimer] c.n.e.registry.AbstractInstanceRegistry  : Running the evict task with compensationTime 3ms
2023-05-10T17:22:15.727+05:00  INFO 6212 --- [Eureka-EvictionTimer] c.n.e.registry.AbstractInstanceRegistry  : Running the evict task with compensationTime 10ms
2023-05-10T17:23:15.727+05:00  INFO 6212 --- [Eureka-EvictionTimer] c.n.e.registry.AbstractInstanceRegistry  : Running the evict task with compensationTime 0ms
2023-05-10T17:24:15.741+05:00  INFO 6212 --- [Eureka-EvictionTimer] c.n.e.registry.AbstractInstanceRegistry  : Running the evict task with compensationTime 13ms
2023-05-10T17:25:15.751+05:00  INFO 6212 --- [Eureka-EvictionTimer] c.n.e.registry.AbstractInstanceRegistry  : Running the evict task with compensationTime 10ms
2023-05-10T17:26:15.765+05:00  INFO 6212 --- [Eureka-EvictionTimer] c.n.e.registry.AbstractInstanceRegistry  : Running the evict task with compensationTime 13ms
2023-05-10T17:27:15.778+05:00  INFO 6212 --- [Eureka-EvictionTimer] c.n.e.registry.AbstractInstanceRegistry  : Running the evict task with compensationTime 13ms
2023-05-10T17:28:15.789+05:00  INFO 6212 --- [Eureka-EvictionTimer] c.n.e.registry.AbstractInstanceRegistry  : Running the evict task with compensationTime 10ms
2023-05-10T17:29:15.793+05:00  INFO 6212 --- [Eureka-EvictionTimer] c.n.e.registry.AbstractInstanceRegistry  : Running the evict task with compensationTime 4ms
2023-05-10T17:30:15.795+05:00  INFO 6212 --- [Eureka-EvictionTimer] c.n.e.registry.AbstractInstanceRegistry  : Running the evict task with compensationTime 1ms
2023-05-10T17:31:15.810+05:00  INFO 6212 --- [Eureka-EvictionTimer] c.n.e.registry.AbstractInstanceRegistry  : Running the evict task with compensationTime 14ms
2023-05-10T17:32:15.817+05:00  INFO 6212 --- [Eureka-EvictionTimer] c.n.e.registry.AbstractInstanceRegistry  : Running the evict task with compensationTime 7ms
2023-05-10T17:33:15.820+05:00  INFO 6212 --- [Eureka-EvictionTimer] c.n.e.registry.AbstractInstanceRegistry  : Running the evict task with compensationTime 3ms
2023-05-10T17:34:15.823+05:00  INFO 6212 --- [Eureka-EvictionTimer] c.n.e.registry.AbstractInstanceRegistry  : Running the evict task with compensationTime 2ms
2023-05-10T17:35:15.403+05:00  INFO 6212 --- [ReplicaAwareInstanceRegistry - RenewalThresholdUpdater] c.n.e.r.PeerAwareInstanceRegistryImpl    : Current renewal threshold is : 8
2023-05-10T17:35:15.827+05:00  INFO 6212 --- [Eureka-EvictionTimer] c.n.e.registry.AbstractInstanceRegistry  : Running the evict task with compensationTime 4ms
2023-05-10T17:36:15.829+05:00  INFO 6212 --- [Eureka-EvictionTimer] c.n.e.registry.AbstractInstanceRegistry  : Running the evict task with compensationTime 1ms
2023-05-10T17:37:15.830+05:00  INFO 6212 --- [Eureka-EvictionTimer] c.n.e.registry.AbstractInstanceRegistry  : Running the evict task with compensationTime 1ms
2023-05-10T17:38:15.843+05:00  INFO 6212 --- [Eureka-EvictionTimer] c.n.e.registry.AbstractInstanceRegistry  : Running the evict task with compensationTime 13ms
2023-05-10T17:39:15.848+05:00  INFO 6212 --- [Eureka-EvictionTimer] c.n.e.registry.AbstractInstanceRegistry  : Running the evict task with compensationTime 4ms
2023-05-10T17:40:15.851+05:00  INFO 6212 --- [Eureka-EvictionTimer] c.n.e.registry.AbstractInstanceRegistry  : Running the evict task with compensationTime 2ms
2023-05-10T17:40:55.176+05:00  INFO 6212 --- [SpringApplicationShutdownHook] o.s.c.n.e.s.EurekaServiceRegistry        : Unregistering application UNKNOWN with eureka with status DOWN
2023-05-10T17:40:55.198+05:00  INFO 6212 --- [SpringApplicationShutdownHook] o.s.c.n.e.server.EurekaServerBootstrap   : Shutting down Eureka Server..
2023-05-10T17:40:55.203+05:00  INFO 6212 --- [SpringApplicationShutdownHook] c.n.eureka.DefaultEurekaServerContext    : Shutting down ...
2023-05-10T17:40:55.204+05:00  INFO 6212 --- [SpringApplicationShutdownHook] com.netflix.servo.monitor.StatsMonitor   : Attempting to get the value for an expired monitor: eurekaServer.replication.batchSize.Will start computing stats again.
2023-05-10T17:40:55.207+05:00  INFO 6212 --- [SpringApplicationShutdownHook] com.netflix.servo.monitor.StatsMonitor   : Attempting to get the value for an expired monitor: eurekaServer.replication.executionTime.Will start computing stats again.
2023-05-10T17:40:55.207+05:00  INFO 6212 --- [SpringApplicationShutdownHook] com.netflix.servo.monitor.StatsMonitor   : Attempting to get the value for an expired monitor: eurekaServer.replication.executionTime.Will start computing stats again.
2023-05-10T17:40:55.208+05:00  INFO 6212 --- [SpringApplicationShutdownHook] com.netflix.servo.monitor.StatsMonitor   : Attempting to get the value for an expired monitor: eurekaServer.replication.batchSize.Will start computing stats again.
2023-05-10T17:40:55.209+05:00 ERROR 6212 --- [Eureka-Jersey3Client-Conn-Cleaner2] c.n.d.s.t.j.EurekaJersey3ClientImpl      : Cannot clean connections

java.lang.IllegalStateException: Client instance has been closed.
	at org.glassfish.jersey.internal.guava.Preconditions.checkState(Preconditions.java:169) ~[jersey-common-3.1.1.jar:na]
	at org.glassfish.jersey.client.JerseyClient.checkNotClosed(JerseyClient.java:257) ~[jersey-client-3.1.1.jar:na]
	at org.glassfish.jersey.client.JerseyClient.getConfiguration(JerseyClient.java:372) ~[jersey-client-3.1.1.jar:na]
	at org.glassfish.jersey.client.JerseyClient.getConfiguration(JerseyClient.java:56) ~[jersey-client-3.1.1.jar:na]
	at com.netflix.discovery.shared.transport.jersey3.EurekaJersey3ClientImpl$ConnectionCleanerTask.run(EurekaJersey3ClientImpl.java:348) ~[eureka-client-jersey3-2.0.0.jar:2.0.0]
	at java.base/java.util.concurrent.Executors$RunnableAdapter.call(Executors.java:577) ~[na:na]
	at java.base/java.util.concurrent.FutureTask.run(FutureTask.java:317) ~[na:na]
	at java.base/java.util.concurrent.ScheduledThreadPoolExecutor$ScheduledFutureTask.run(ScheduledThreadPoolExecutor.java:304) ~[na:na]
	at java.base/java.util.concurrent.ThreadPoolExecutor.runWorker(ThreadPoolExecutor.java:1144) ~[na:na]
	at java.base/java.util.concurrent.ThreadPoolExecutor$Worker.run(ThreadPoolExecutor.java:642) ~[na:na]
	at java.base/java.lang.Thread.run(Thread.java:1589) ~[na:na]

2023-05-10T17:40:55.218+05:00  INFO 6212 --- [SpringApplicationShutdownHook] c.n.eureka.DefaultEurekaServerContext    : Shut down
2023-05-10T17:40:55.218+05:00  INFO 6212 --- [SpringApplicationShutdownHook] o.s.c.n.e.server.EurekaServerBootstrap   : Eureka Service is now shutdown...
2023-05-10T17:40:55.218+05:00  INFO 6212 --- [SpringApplicationShutdownHook] c.n.eureka.DefaultEurekaServerContext    : Shutting down ...
2023-05-10T17:40:55.223+05:00  INFO 6212 --- [SpringApplicationShutdownHook] c.n.eureka.DefaultEurekaServerContext    : Shut down
2023-05-10T17:40:55.228+05:00  INFO 6212 --- [SpringApplicationShutdownHook] com.netflix.discovery.DiscoveryClient    : Shutting down DiscoveryClient ...
2023-05-10T17:40:55.229+05:00  INFO 6212 --- [SpringApplicationShutdownHook] com.netflix.discovery.DiscoveryClient    : Completed shut down of DiscoveryClient
