2023-05-10T16:35:48.841+05:00  INFO 13996 --- [main] .e.p.ProductManagementServiceApplication : Starting ProductManagementServiceApplication using Java 19.0.1 with PID 13996 (D:\University Work\FYP\Easy-Electro-Shop-Backend\product-managment-service\target\classes started by Talha Rizwan in D:\University Work\FYP\Easy-Electro-Shop-Backend)
2023-05-10T16:35:48.844+05:00  INFO 13996 --- [main] .e.p.ProductManagementServiceApplication : No active profile set, falling back to 1 default profile: "default"
2023-05-10T16:35:49.740+05:00  INFO 13996 --- [main] .s.d.r.c.RepositoryConfigurationDelegate : Bootstrapping Spring Data JPA repositories in DEFAULT mode.
2023-05-10T16:35:49.884+05:00  INFO 13996 --- [main] .s.d.r.c.RepositoryConfigurationDelegate : Finished Spring Data repository scanning in 136 ms. Found 1 JPA repository interfaces.
2023-05-10T16:35:50.121+05:00  INFO 13996 --- [main] o.s.cloud.context.scope.GenericScope     : BeanFactory id=0039ad4e-b7ec-37ea-89d8-c89198ebf868
2023-05-10T16:35:50.536+05:00  INFO 13996 --- [main] o.s.b.w.embedded.tomcat.TomcatWebServer  : Tomcat initialized with port(s): 8081 (http)
2023-05-10T16:35:50.545+05:00  INFO 13996 --- [main] o.apache.catalina.core.StandardService   : Starting service [Tomcat]
2023-05-10T16:35:50.545+05:00  INFO 13996 --- [main] o.apache.catalina.core.StandardEngine    : Starting Servlet engine: [Apache Tomcat/10.1.7]
2023-05-10T16:35:50.642+05:00  INFO 13996 --- [main] o.a.c.c.C.[Tomcat].[localhost].[/]       : Initializing Spring embedded WebApplicationContext
2023-05-10T16:35:50.643+05:00  INFO 13996 --- [main] w.s.c.ServletWebServerApplicationContext : Root WebApplicationContext: initialization completed in 1745 ms
2023-05-10T16:35:50.953+05:00  INFO 13996 --- [main] o.hibernate.jpa.internal.util.LogHelper  : HHH000204: Processing PersistenceUnitInfo [name: default]
2023-05-10T16:35:51.005+05:00  INFO 13996 --- [main] org.hibernate.Version                    : HHH000412: Hibernate ORM core version 6.1.7.Final
2023-05-10T16:35:51.264+05:00  INFO 13996 --- [main] com.zaxxer.hikari.HikariDataSource       : HikariPool-1 - Starting...
2023-05-10T16:35:51.519+05:00  INFO 13996 --- [main] com.zaxxer.hikari.pool.HikariPool        : HikariPool-1 - Added connection com.mysql.cj.jdbc.ConnectionImpl@56f72909
2023-05-10T16:35:51.520+05:00  INFO 13996 --- [main] com.zaxxer.hikari.HikariDataSource       : HikariPool-1 - Start completed.
2023-05-10T16:35:51.569+05:00  INFO 13996 --- [main] SQL dialect                              : HHH000400: Using dialect: org.hibernate.dialect.MySQLDialect
2023-05-10T16:35:52.331+05:00  INFO 13996 --- [main] o.h.e.t.j.p.i.JtaPlatformInitiator       : HHH000490: Using JtaPlatform implementation: [org.hibernate.engine.transaction.jta.platform.internal.NoJtaPlatform]
2023-05-10T16:35:52.338+05:00  INFO 13996 --- [main] j.LocalContainerEntityManagerFactoryBean : Initialized JPA EntityManagerFactory for persistence unit 'default'
2023-05-10T16:35:52.589+05:00  WARN 13996 --- [main] JpaBaseConfiguration$JpaWebConfiguration : spring.jpa.open-in-view is enabled by default. Therefore, database queries may be performed during view rendering. Explicitly configure spring.jpa.open-in-view to disable this warning
2023-05-10T16:35:53.141+05:00  INFO 13996 --- [main] DiscoveryClientOptionalArgsConfiguration : Eureka HTTP Client uses RestTemplate.
2023-05-10T16:35:53.190+05:00  WARN 13996 --- [main] iguration$LoadBalancerCaffeineWarnLogger : Spring Cloud LoadBalancer is currently working with the default cache. While this cache implementation is useful for development and tests, it's recommended to use Caffeine cache in production.You can switch to using Caffeine cache, by adding it and org.springframework.cache.caffeine.CaffeineCacheManager to the classpath.
2023-05-10T16:35:53.198+05:00  INFO 13996 --- [main] o.s.b.a.e.web.EndpointLinksResolver      : Exposing 2 endpoint(s) beneath base path '/actuator'
2023-05-10T16:35:53.263+05:00  INFO 13996 --- [main] o.s.c.n.eureka.InstanceInfoFactory       : Setting initial instance status as: STARTING
2023-05-10T16:35:53.347+05:00  INFO 13996 --- [main] com.netflix.discovery.DiscoveryClient    : Initializing Eureka in region us-east-1
2023-05-10T16:35:53.352+05:00  INFO 13996 --- [main] c.n.d.s.r.aws.ConfigClusterResolver      : Resolving eureka endpoints via configuration
2023-05-10T16:35:53.374+05:00  INFO 13996 --- [main] com.netflix.discovery.DiscoveryClient    : Disable delta property : false
2023-05-10T16:35:53.374+05:00  INFO 13996 --- [main] com.netflix.discovery.DiscoveryClient    : Single vip registry refresh property : null
2023-05-10T16:35:53.374+05:00  INFO 13996 --- [main] com.netflix.discovery.DiscoveryClient    : Force full registry fetch : false
2023-05-10T16:35:53.375+05:00  INFO 13996 --- [main] com.netflix.discovery.DiscoveryClient    : Application is null : false
2023-05-10T16:35:53.375+05:00  INFO 13996 --- [main] com.netflix.discovery.DiscoveryClient    : Registered Applications size is zero : true
2023-05-10T16:35:53.375+05:00  INFO 13996 --- [main] com.netflix.discovery.DiscoveryClient    : Application version is -1: true
2023-05-10T16:35:53.375+05:00  INFO 13996 --- [main] com.netflix.discovery.DiscoveryClient    : Getting all instance registry info from the eureka server
2023-05-10T16:35:53.622+05:00  INFO 13996 --- [main] com.netflix.discovery.DiscoveryClient    : The response status is 200
2023-05-10T16:35:53.623+05:00  INFO 13996 --- [main] com.netflix.discovery.DiscoveryClient    : Starting heartbeat executor: renew interval is: 30
2023-05-10T16:35:53.625+05:00  INFO 13996 --- [main] c.n.discovery.InstanceInfoReplicator     : InstanceInfoReplicator onDemand update allowed rate per min is 4
2023-05-10T16:35:53.630+05:00  INFO 13996 --- [main] com.netflix.discovery.DiscoveryClient    : Discovery Client initialized at timestamp 1683718553629 with initial instances count: 0
2023-05-10T16:35:53.635+05:00  INFO 13996 --- [main] o.s.c.n.e.s.EurekaServiceRegistry        : Registering application PRODUCT-MANAGEMENT-SERVICE with eureka with status UP
2023-05-10T16:35:53.636+05:00  INFO 13996 --- [main] com.netflix.discovery.DiscoveryClient    : Saw local status change event StatusChangeEvent [timestamp=1683718553636, current=UP, previous=STARTING]
2023-05-10T16:35:53.639+05:00  INFO 13996 --- [DiscoveryClient-InstanceInfoReplicator-0] com.netflix.discovery.DiscoveryClient    : DiscoveryClient_PRODUCT-MANAGEMENT-SERVICE/host.docker.internal:product-management-service:8081: registering service...
2023-05-10T16:35:53.658+05:00  INFO 13996 --- [main] o.s.b.w.embedded.tomcat.TomcatWebServer  : Tomcat started on port(s): 8081 (http) with context path ''
2023-05-10T16:35:53.659+05:00  INFO 13996 --- [main] .s.c.n.e.s.EurekaAutoServiceRegistration : Updating port to 8081
2023-05-10T16:35:53.676+05:00  INFO 13996 --- [DiscoveryClient-InstanceInfoReplicator-0] com.netflix.discovery.DiscoveryClient    : DiscoveryClient_PRODUCT-MANAGEMENT-SERVICE/host.docker.internal:product-management-service:8081 - registration status: 204
2023-05-10T16:35:53.716+05:00  INFO 13996 --- [main] .e.p.ProductManagementServiceApplication : Started ProductManagementServiceApplication in 5.387 seconds (process running for 5.821)
2023-05-10T16:36:06.523+05:00  INFO 13996 --- [http-nio-8081-exec-2] o.a.c.c.C.[Tomcat].[localhost].[/]       : Initializing Spring DispatcherServlet 'dispatcherServlet'
2023-05-10T16:36:06.523+05:00  INFO 13996 --- [http-nio-8081-exec-2] o.s.web.servlet.DispatcherServlet        : Initializing Servlet 'dispatcherServlet'
2023-05-10T16:36:06.524+05:00  INFO 13996 --- [http-nio-8081-exec-2] o.s.web.servlet.DispatcherServlet        : Completed initialization in 1 ms
2023-05-10T16:36:06.564+05:00  INFO 13996 --- [http-nio-8081-exec-2] c.e.p.Service.ProductManagementService   : GETTING PRODUCTS COUNT
2023-05-10T16:36:06.570+05:00  INFO 13996 --- [http-nio-8081-exec-1] c.e.p.Service.ProductManagementService   : GETTING ALL PRODUCTS
2023-05-10T16:36:06.691+05:00  INFO 13996 --- [http-nio-8081-exec-2] c.e.p.Service.ProductManagementService   : SUCCESSFULLY RETRIEVED PRODUCTS COUNT
2023-05-10T16:36:06.702+05:00  INFO 13996 --- [http-nio-8081-exec-1] c.e.p.Service.ProductManagementService   : SUCCESSFULLY RETRIEVED PRODUCTS
2023-05-10T16:36:23.628+05:00  INFO 13996 --- [DiscoveryClient-CacheRefreshExecutor-0] com.netflix.discovery.DiscoveryClient    : Disable delta property : false
2023-05-10T16:36:23.628+05:00  INFO 13996 --- [DiscoveryClient-CacheRefreshExecutor-0] com.netflix.discovery.DiscoveryClient    : Single vip registry refresh property : null
2023-05-10T16:36:23.628+05:00  INFO 13996 --- [DiscoveryClient-CacheRefreshExecutor-0] com.netflix.discovery.DiscoveryClient    : Force full registry fetch : false
2023-05-10T16:36:23.629+05:00  INFO 13996 --- [DiscoveryClient-CacheRefreshExecutor-0] com.netflix.discovery.DiscoveryClient    : Application is null : false
2023-05-10T16:36:23.629+05:00  INFO 13996 --- [DiscoveryClient-CacheRefreshExecutor-0] com.netflix.discovery.DiscoveryClient    : Registered Applications size is zero : true
2023-05-10T16:36:23.629+05:00  INFO 13996 --- [DiscoveryClient-CacheRefreshExecutor-0] com.netflix.discovery.DiscoveryClient    : Application version is -1: false
2023-05-10T16:36:23.629+05:00  INFO 13996 --- [DiscoveryClient-CacheRefreshExecutor-0] com.netflix.discovery.DiscoveryClient    : Getting all instance registry info from the eureka server
2023-05-10T16:36:23.645+05:00  INFO 13996 --- [DiscoveryClient-CacheRefreshExecutor-0] com.netflix.discovery.DiscoveryClient    : The response status is 200
2023-05-10T16:36:25.662+05:00  INFO 13996 --- [http-nio-8081-exec-3] c.e.p.Service.ProductManagementService   : GETTING ALL PRODUCTS
2023-05-10T16:36:25.664+05:00  INFO 13996 --- [http-nio-8081-exec-4] c.e.p.Service.ProductManagementService   : GETTING PRODUCTS COUNT
2023-05-10T16:36:25.670+05:00  INFO 13996 --- [http-nio-8081-exec-3] c.e.p.Service.ProductManagementService   : SUCCESSFULLY RETRIEVED PRODUCTS
2023-05-10T16:36:25.675+05:00  INFO 13996 --- [http-nio-8081-exec-4] c.e.p.Service.ProductManagementService   : SUCCESSFULLY RETRIEVED PRODUCTS COUNT
2023-05-10T16:36:27.673+05:00  INFO 13996 --- [http-nio-8081-exec-5] c.e.p.Service.ProductManagementService   : GETTING PRODUCTS COUNT
2023-05-10T16:36:27.677+05:00  INFO 13996 --- [http-nio-8081-exec-6] c.e.p.Service.ProductManagementService   : GETTING ALL PRODUCTS
2023-05-10T16:36:27.683+05:00  INFO 13996 --- [http-nio-8081-exec-5] c.e.p.Service.ProductManagementService   : SUCCESSFULLY RETRIEVED PRODUCTS COUNT
2023-05-10T16:36:27.685+05:00  INFO 13996 --- [http-nio-8081-exec-6] c.e.p.Service.ProductManagementService   : SUCCESSFULLY RETRIEVED PRODUCTS
2023-05-10T16:36:57.057+05:00  INFO 13996 --- [http-nio-8081-exec-7] c.e.p.Service.ProductManagementService   : GETTING PRODUCTS COUNT
2023-05-10T16:36:57.061+05:00  INFO 13996 --- [http-nio-8081-exec-8] c.e.p.Service.ProductManagementService   : GETTING ALL PRODUCTS
2023-05-10T16:36:57.068+05:00  INFO 13996 --- [http-nio-8081-exec-7] c.e.p.Service.ProductManagementService   : SUCCESSFULLY RETRIEVED PRODUCTS COUNT
2023-05-10T16:36:57.069+05:00  INFO 13996 --- [http-nio-8081-exec-8] c.e.p.Service.ProductManagementService   : SUCCESSFULLY RETRIEVED PRODUCTS
2023-05-10T16:37:31.942+05:00  INFO 13996 --- [http-nio-8081-exec-9] c.e.p.Service.ProductManagementService   : GETTING ALL PRODUCTS
2023-05-10T16:37:31.945+05:00  INFO 13996 --- [http-nio-8081-exec-10] c.e.p.Service.ProductManagementService   : GETTING PRODUCTS COUNT
2023-05-10T16:37:31.949+05:00  INFO 13996 --- [http-nio-8081-exec-9] c.e.p.Service.ProductManagementService   : SUCCESSFULLY RETRIEVED PRODUCTS
2023-05-10T16:37:31.951+05:00  INFO 13996 --- [http-nio-8081-exec-10] c.e.p.Service.ProductManagementService   : SUCCESSFULLY RETRIEVED PRODUCTS COUNT
2023-05-10T16:37:33.642+05:00  INFO 13996 --- [http-nio-8081-exec-2] c.e.p.Service.ProductManagementService   : GETTING ALL PRODUCTS
2023-05-10T16:37:33.646+05:00  INFO 13996 --- [http-nio-8081-exec-1] c.e.p.Service.ProductManagementService   : GETTING PRODUCTS COUNT
2023-05-10T16:37:33.650+05:00  INFO 13996 --- [http-nio-8081-exec-2] c.e.p.Service.ProductManagementService   : SUCCESSFULLY RETRIEVED PRODUCTS
2023-05-10T16:37:33.653+05:00  INFO 13996 --- [http-nio-8081-exec-1] c.e.p.Service.ProductManagementService   : SUCCESSFULLY RETRIEVED PRODUCTS COUNT
2023-05-10T16:39:03.914+05:00  INFO 13996 --- [http-nio-8081-exec-3] c.e.p.Service.ProductManagementService   : GETTING PRODUCTS COUNT
2023-05-10T16:39:03.915+05:00  INFO 13996 --- [http-nio-8081-exec-5] c.e.p.Service.ProductManagementService   : GETTING ALL PRODUCTS
2023-05-10T16:39:03.921+05:00  INFO 13996 --- [http-nio-8081-exec-5] c.e.p.Service.ProductManagementService   : SUCCESSFULLY RETRIEVED PRODUCTS
2023-05-10T16:39:03.922+05:00  INFO 13996 --- [http-nio-8081-exec-3] c.e.p.Service.ProductManagementService   : SUCCESSFULLY RETRIEVED PRODUCTS COUNT
2023-05-10T16:40:26.370+05:00  INFO 13996 --- [http-nio-8081-exec-7] c.e.p.Service.ProductManagementService   : GETTING PRODUCTS COUNT
2023-05-10T16:40:26.370+05:00  INFO 13996 --- [http-nio-8081-exec-8] c.e.p.Service.ProductManagementService   : GETTING ALL PRODUCTS
2023-05-10T16:40:26.379+05:00  INFO 13996 --- [http-nio-8081-exec-7] c.e.p.Service.ProductManagementService   : SUCCESSFULLY RETRIEVED PRODUCTS COUNT
2023-05-10T16:40:26.379+05:00  INFO 13996 --- [http-nio-8081-exec-8] c.e.p.Service.ProductManagementService   : SUCCESSFULLY RETRIEVED PRODUCTS
2023-05-10T16:40:53.383+05:00  INFO 13996 --- [AsyncResolver-bootstrap-executor-0] c.n.d.s.r.aws.ConfigClusterResolver      : Resolving eureka endpoints via configuration
2023-05-10T16:41:14.374+05:00  INFO 13996 --- [http-nio-8081-exec-1] c.e.p.Service.ProductManagementService   : GETTING PRODUCTS COUNT
2023-05-10T16:41:14.374+05:00  INFO 13996 --- [http-nio-8081-exec-9] c.e.p.Service.ProductManagementService   : GETTING ALL PRODUCTS
2023-05-10T16:41:14.381+05:00  INFO 13996 --- [http-nio-8081-exec-1] c.e.p.Service.ProductManagementService   : SUCCESSFULLY RETRIEVED PRODUCTS COUNT
2023-05-10T16:41:14.381+05:00  INFO 13996 --- [http-nio-8081-exec-9] c.e.p.Service.ProductManagementService   : SUCCESSFULLY RETRIEVED PRODUCTS
2023-05-10T16:42:24.429+05:00  INFO 13996 --- [http-nio-8081-exec-3] c.e.p.Service.ProductManagementService   : GETTING ALL PRODUCTS
2023-05-10T16:42:24.429+05:00  INFO 13996 --- [http-nio-8081-exec-4] c.e.p.Service.ProductManagementService   : GETTING PRODUCTS COUNT
2023-05-10T16:42:24.435+05:00  INFO 13996 --- [http-nio-8081-exec-4] c.e.p.Service.ProductManagementService   : SUCCESSFULLY RETRIEVED PRODUCTS COUNT
2023-05-10T16:42:24.435+05:00  INFO 13996 --- [http-nio-8081-exec-3] c.e.p.Service.ProductManagementService   : SUCCESSFULLY RETRIEVED PRODUCTS
2023-05-10T16:43:22.906+05:00  INFO 13996 --- [http-nio-8081-exec-6] c.e.p.Service.ProductManagementService   : GETTING PRODUCTS COUNT
2023-05-10T16:43:22.906+05:00  INFO 13996 --- [http-nio-8081-exec-7] c.e.p.Service.ProductManagementService   : GETTING ALL PRODUCTS
2023-05-10T16:43:22.911+05:00  INFO 13996 --- [http-nio-8081-exec-6] c.e.p.Service.ProductManagementService   : SUCCESSFULLY RETRIEVED PRODUCTS COUNT
2023-05-10T16:43:22.912+05:00  INFO 13996 --- [http-nio-8081-exec-7] c.e.p.Service.ProductManagementService   : SUCCESSFULLY RETRIEVED PRODUCTS
2023-05-10T16:45:53.389+05:00  INFO 13996 --- [AsyncResolver-bootstrap-executor-0] c.n.d.s.r.aws.ConfigClusterResolver      : Resolving eureka endpoints via configuration
2023-05-10T16:46:56.475+05:00  INFO 13996 --- [http-nio-8081-exec-10] c.e.p.Service.ProductManagementService   : GETTING PRODUCTS COUNT
2023-05-10T16:46:56.483+05:00  INFO 13996 --- [http-nio-8081-exec-10] c.e.p.Service.ProductManagementService   : SUCCESSFULLY RETRIEVED PRODUCTS COUNT
2023-05-10T16:47:48.430+05:00  INFO 13996 --- [http-nio-8081-exec-3] c.e.p.Service.ProductManagementService   : GETTING PRODUCTS COUNT
2023-05-10T16:47:48.430+05:00  INFO 13996 --- [http-nio-8081-exec-2] c.e.p.Service.ProductManagementService   : GETTING PRODUCTS COUNT
2023-05-10T16:47:48.430+05:00  INFO 13996 --- [http-nio-8081-exec-4] c.e.p.Service.ProductManagementService   : GETTING ALL PRODUCTS
2023-05-10T16:47:48.430+05:00  INFO 13996 --- [http-nio-8081-exec-9] c.e.p.Service.ProductManagementService   : GETTING ALL PRODUCTS
2023-05-10T16:47:48.436+05:00  INFO 13996 --- [http-nio-8081-exec-2] c.e.p.Service.ProductManagementService   : SUCCESSFULLY RETRIEVED PRODUCTS COUNT
2023-05-10T16:47:48.436+05:00  INFO 13996 --- [http-nio-8081-exec-3] c.e.p.Service.ProductManagementService   : SUCCESSFULLY RETRIEVED PRODUCTS COUNT
2023-05-10T16:47:48.436+05:00  INFO 13996 --- [http-nio-8081-exec-9] c.e.p.Service.ProductManagementService   : SUCCESSFULLY RETRIEVED PRODUCTS
2023-05-10T16:47:48.437+05:00  INFO 13996 --- [http-nio-8081-exec-4] c.e.p.Service.ProductManagementService   : SUCCESSFULLY RETRIEVED PRODUCTS
2023-05-10T16:49:46.366+05:00  INFO 13996 --- [http-nio-8081-exec-7] c.e.p.Service.ProductManagementService   : GETTING PRODUCTS COUNT
2023-05-10T16:49:46.371+05:00  INFO 13996 --- [http-nio-8081-exec-7] c.e.p.Service.ProductManagementService   : SUCCESSFULLY RETRIEVED PRODUCTS COUNT
2023-05-10T16:50:11.409+05:00  INFO 13996 --- [http-nio-8081-exec-10] c.e.p.Service.ProductManagementService   : GETTING PRODUCTS COUNT
2023-05-10T16:50:11.409+05:00  INFO 13996 --- [http-nio-8081-exec-1] c.e.p.Service.ProductManagementService   : GETTING ALL PRODUCTS
2023-05-10T16:50:11.414+05:00  INFO 13996 --- [http-nio-8081-exec-10] c.e.p.Service.ProductManagementService   : SUCCESSFULLY RETRIEVED PRODUCTS COUNT
2023-05-10T16:50:11.414+05:00  INFO 13996 --- [http-nio-8081-exec-1] c.e.p.Service.ProductManagementService   : SUCCESSFULLY RETRIEVED PRODUCTS
2023-05-10T16:50:53.391+05:00  INFO 13996 --- [AsyncResolver-bootstrap-executor-0] c.n.d.s.r.aws.ConfigClusterResolver      : Resolving eureka endpoints via configuration
2023-05-10T16:51:58.622+05:00  INFO 13996 --- [http-nio-8081-exec-2] c.e.p.Service.ProductManagementService   : GETTING PRODUCTS COUNT
2023-05-10T16:51:58.628+05:00  INFO 13996 --- [http-nio-8081-exec-2] c.e.p.Service.ProductManagementService   : SUCCESSFULLY RETRIEVED PRODUCTS COUNT
2023-05-10T16:55:04.634+05:00  INFO 13996 --- [SpringApplicationShutdownHook] o.s.c.n.e.s.EurekaServiceRegistry        : Unregistering application PRODUCT-MANAGEMENT-SERVICE with eureka with status DOWN
2023-05-10T16:55:04.634+05:00  INFO 13996 --- [SpringApplicationShutdownHook] com.netflix.discovery.DiscoveryClient    : Saw local status change event StatusChangeEvent [timestamp=1683719704634, current=DOWN, previous=UP]
2023-05-10T16:55:04.634+05:00  INFO 13996 --- [DiscoveryClient-InstanceInfoReplicator-0] com.netflix.discovery.DiscoveryClient    : DiscoveryClient_PRODUCT-MANAGEMENT-SERVICE/host.docker.internal:product-management-service:8081: registering service...
2023-05-10T16:55:04.638+05:00  INFO 13996 --- [DiscoveryClient-InstanceInfoReplicator-0] com.netflix.discovery.DiscoveryClient    : DiscoveryClient_PRODUCT-MANAGEMENT-SERVICE/host.docker.internal:product-management-service:8081 - registration status: 204
2023-05-10T16:55:04.653+05:00  INFO 13996 --- [SpringApplicationShutdownHook] j.LocalContainerEntityManagerFactoryBean : Closing JPA EntityManagerFactory for persistence unit 'default'
2023-05-10T16:55:04.655+05:00  INFO 13996 --- [SpringApplicationShutdownHook] com.zaxxer.hikari.HikariDataSource       : HikariPool-1 - Shutdown initiated...
2023-05-10T16:55:04.661+05:00  INFO 13996 --- [SpringApplicationShutdownHook] com.zaxxer.hikari.HikariDataSource       : HikariPool-1 - Shutdown completed.
2023-05-10T16:55:04.662+05:00  INFO 13996 --- [SpringApplicationShutdownHook] com.netflix.discovery.DiscoveryClient    : Shutting down DiscoveryClient ...
2023-05-10T16:55:07.674+05:00  INFO 13996 --- [SpringApplicationShutdownHook] com.netflix.discovery.DiscoveryClient    : Unregistering ...
2023-05-10T16:55:07.678+05:00  INFO 13996 --- [SpringApplicationShutdownHook] com.netflix.discovery.DiscoveryClient    : DiscoveryClient_PRODUCT-MANAGEMENT-SERVICE/host.docker.internal:product-management-service:8081 - deregister  status: 200
2023-05-10T16:55:07.682+05:00  INFO 13996 --- [SpringApplicationShutdownHook] com.netflix.discovery.DiscoveryClient    : Completed shut down of DiscoveryClient
2023-05-10T16:55:09.765+05:00  INFO 18120 --- [main] .e.p.ProductManagementServiceApplication : Starting ProductManagementServiceApplication using Java 19.0.1 with PID 18120 (D:\University Work\FYP\Easy-Electro-Shop-Backend\product-managment-service\target\classes started by Talha Rizwan in D:\University Work\FYP\Easy-Electro-Shop-Backend)
2023-05-10T16:55:09.767+05:00  INFO 18120 --- [main] .e.p.ProductManagementServiceApplication : No active profile set, falling back to 1 default profile: "default"
2023-05-10T16:55:10.700+05:00  INFO 18120 --- [main] .s.d.r.c.RepositoryConfigurationDelegate : Bootstrapping Spring Data JPA repositories in DEFAULT mode.
2023-05-10T16:55:10.833+05:00  INFO 18120 --- [main] .s.d.r.c.RepositoryConfigurationDelegate : Finished Spring Data repository scanning in 124 ms. Found 1 JPA repository interfaces.
2023-05-10T16:55:11.086+05:00  INFO 18120 --- [main] o.s.cloud.context.scope.GenericScope     : BeanFactory id=0039ad4e-b7ec-37ea-89d8-c89198ebf868
2023-05-10T16:55:11.549+05:00  INFO 18120 --- [main] o.s.b.w.embedded.tomcat.TomcatWebServer  : Tomcat initialized with port(s): 8081 (http)
2023-05-10T16:55:11.557+05:00  INFO 18120 --- [main] o.apache.catalina.core.StandardService   : Starting service [Tomcat]
2023-05-10T16:55:11.558+05:00  INFO 18120 --- [main] o.apache.catalina.core.StandardEngine    : Starting Servlet engine: [Apache Tomcat/10.1.7]
2023-05-10T16:55:11.663+05:00  INFO 18120 --- [main] o.a.c.c.C.[Tomcat].[localhost].[/]       : Initializing Spring embedded WebApplicationContext
2023-05-10T16:55:11.664+05:00  INFO 18120 --- [main] w.s.c.ServletWebServerApplicationContext : Root WebApplicationContext: initialization completed in 1845 ms
2023-05-10T16:55:11.991+05:00  INFO 18120 --- [main] o.hibernate.jpa.internal.util.LogHelper  : HHH000204: Processing PersistenceUnitInfo [name: default]
2023-05-10T16:55:12.043+05:00  INFO 18120 --- [main] org.hibernate.Version                    : HHH000412: Hibernate ORM core version 6.1.7.Final
2023-05-10T16:55:12.350+05:00  INFO 18120 --- [main] com.zaxxer.hikari.HikariDataSource       : HikariPool-1 - Starting...
2023-05-10T16:55:12.656+05:00  INFO 18120 --- [main] com.zaxxer.hikari.pool.HikariPool        : HikariPool-1 - Added connection com.mysql.cj.jdbc.ConnectionImpl@a63643e
2023-05-10T16:55:12.658+05:00  INFO 18120 --- [main] com.zaxxer.hikari.HikariDataSource       : HikariPool-1 - Start completed.
2023-05-10T16:55:12.719+05:00  INFO 18120 --- [main] SQL dialect                              : HHH000400: Using dialect: org.hibernate.dialect.MySQLDialect
2023-05-10T16:55:13.577+05:00  INFO 18120 --- [main] o.h.e.t.j.p.i.JtaPlatformInitiator       : HHH000490: Using JtaPlatform implementation: [org.hibernate.engine.transaction.jta.platform.internal.NoJtaPlatform]
2023-05-10T16:55:13.589+05:00  INFO 18120 --- [main] j.LocalContainerEntityManagerFactoryBean : Initialized JPA EntityManagerFactory for persistence unit 'default'
2023-05-10T16:55:13.888+05:00  WARN 18120 --- [main] JpaBaseConfiguration$JpaWebConfiguration : spring.jpa.open-in-view is enabled by default. Therefore, database queries may be performed during view rendering. Explicitly configure spring.jpa.open-in-view to disable this warning
2023-05-10T16:55:14.496+05:00  INFO 18120 --- [main] DiscoveryClientOptionalArgsConfiguration : Eureka HTTP Client uses RestTemplate.
2023-05-10T16:55:14.545+05:00  WARN 18120 --- [main] iguration$LoadBalancerCaffeineWarnLogger : Spring Cloud LoadBalancer is currently working with the default cache. While this cache implementation is useful for development and tests, it's recommended to use Caffeine cache in production.You can switch to using Caffeine cache, by adding it and org.springframework.cache.caffeine.CaffeineCacheManager to the classpath.
2023-05-10T16:55:14.554+05:00  INFO 18120 --- [main] o.s.b.a.e.web.EndpointLinksResolver      : Exposing 2 endpoint(s) beneath base path '/actuator'
2023-05-10T16:55:14.619+05:00  INFO 18120 --- [main] o.s.c.n.eureka.InstanceInfoFactory       : Setting initial instance status as: STARTING
2023-05-10T16:55:14.711+05:00  INFO 18120 --- [main] com.netflix.discovery.DiscoveryClient    : Initializing Eureka in region us-east-1
2023-05-10T16:55:14.716+05:00  INFO 18120 --- [main] c.n.d.s.r.aws.ConfigClusterResolver      : Resolving eureka endpoints via configuration
2023-05-10T16:55:14.739+05:00  INFO 18120 --- [main] com.netflix.discovery.DiscoveryClient    : Disable delta property : false
2023-05-10T16:55:14.739+05:00  INFO 18120 --- [main] com.netflix.discovery.DiscoveryClient    : Single vip registry refresh property : null
2023-05-10T16:55:14.739+05:00  INFO 18120 --- [main] com.netflix.discovery.DiscoveryClient    : Force full registry fetch : false
2023-05-10T16:55:14.739+05:00  INFO 18120 --- [main] com.netflix.discovery.DiscoveryClient    : Application is null : false
2023-05-10T16:55:14.739+05:00  INFO 18120 --- [main] com.netflix.discovery.DiscoveryClient    : Registered Applications size is zero : true
2023-05-10T16:55:14.739+05:00  INFO 18120 --- [main] com.netflix.discovery.DiscoveryClient    : Application version is -1: true
2023-05-10T16:55:14.739+05:00  INFO 18120 --- [main] com.netflix.discovery.DiscoveryClient    : Getting all instance registry info from the eureka server
2023-05-10T16:55:15.023+05:00  INFO 18120 --- [main] com.netflix.discovery.DiscoveryClient    : The response status is 200
2023-05-10T16:55:15.025+05:00  INFO 18120 --- [main] com.netflix.discovery.DiscoveryClient    : Starting heartbeat executor: renew interval is: 30
2023-05-10T16:55:15.027+05:00  INFO 18120 --- [main] c.n.discovery.InstanceInfoReplicator     : InstanceInfoReplicator onDemand update allowed rate per min is 4
2023-05-10T16:55:15.035+05:00  INFO 18120 --- [main] com.netflix.discovery.DiscoveryClient    : Discovery Client initialized at timestamp 1683719715032 with initial instances count: 3
2023-05-10T16:55:15.039+05:00  INFO 18120 --- [main] o.s.c.n.e.s.EurekaServiceRegistry        : Registering application PRODUCT-MANAGEMENT-SERVICE with eureka with status UP
2023-05-10T16:55:15.040+05:00  INFO 18120 --- [main] com.netflix.discovery.DiscoveryClient    : Saw local status change event StatusChangeEvent [timestamp=1683719715040, current=UP, previous=STARTING]
2023-05-10T16:55:15.041+05:00  INFO 18120 --- [DiscoveryClient-InstanceInfoReplicator-0] com.netflix.discovery.DiscoveryClient    : DiscoveryClient_PRODUCT-MANAGEMENT-SERVICE/host.docker.internal:product-management-service:8081: registering service...
2023-05-10T16:55:15.063+05:00  INFO 18120 --- [main] o.s.b.w.embedded.tomcat.TomcatWebServer  : Tomcat started on port(s): 8081 (http) with context path ''
2023-05-10T16:55:15.064+05:00  INFO 18120 --- [main] .s.c.n.e.s.EurekaAutoServiceRegistration : Updating port to 8081
2023-05-10T16:55:15.080+05:00  INFO 18120 --- [DiscoveryClient-InstanceInfoReplicator-0] com.netflix.discovery.DiscoveryClient    : DiscoveryClient_PRODUCT-MANAGEMENT-SERVICE/host.docker.internal:product-management-service:8081 - registration status: 204
2023-05-10T16:55:15.130+05:00  INFO 18120 --- [main] .e.p.ProductManagementServiceApplication : Started ProductManagementServiceApplication in 5.902 seconds (process running for 6.446)
2023-05-10T16:58:27.584+05:00  INFO 18120 --- [http-nio-8081-exec-2] o.a.c.c.C.[Tomcat].[localhost].[/]       : Initializing Spring DispatcherServlet 'dispatcherServlet'
2023-05-10T16:58:27.584+05:00  INFO 18120 --- [http-nio-8081-exec-2] o.s.web.servlet.DispatcherServlet        : Initializing Servlet 'dispatcherServlet'
2023-05-10T16:58:27.585+05:00  INFO 18120 --- [http-nio-8081-exec-2] o.s.web.servlet.DispatcherServlet        : Completed initialization in 1 ms
2023-05-10T16:58:27.620+05:00  INFO 18120 --- [http-nio-8081-exec-2] c.e.p.Service.ProductManagementService   : GETTING PRODUCTS COUNT
2023-05-10T16:58:27.627+05:00  INFO 18120 --- [http-nio-8081-exec-1] c.e.p.Service.ProductManagementService   : GETTING ALL PRODUCTS
2023-05-10T16:58:27.773+05:00  INFO 18120 --- [http-nio-8081-exec-2] c.e.p.Service.ProductManagementService   : SUCCESSFULLY RETRIEVED PRODUCTS COUNT
2023-05-10T16:58:27.786+05:00  INFO 18120 --- [http-nio-8081-exec-1] c.e.p.Service.ProductManagementService   : SUCCESSFULLY RETRIEVED PRODUCTS
2023-05-10T16:59:11.405+05:00  INFO 18120 --- [http-nio-8081-exec-3] c.e.p.Service.ProductManagementService   : GETTING PRODUCTS COUNT
2023-05-10T16:59:11.414+05:00  INFO 18120 --- [http-nio-8081-exec-3] c.e.p.Service.ProductManagementService   : SUCCESSFULLY RETRIEVED PRODUCTS COUNT
2023-05-10T16:59:12.196+05:00  INFO 18120 --- [http-nio-8081-exec-4] c.e.p.Service.ProductManagementService   : GETTING PRODUCTS COUNT
2023-05-10T16:59:12.197+05:00  INFO 18120 --- [http-nio-8081-exec-5] c.e.p.Service.ProductManagementService   : GETTING ALL PRODUCTS
2023-05-10T16:59:12.209+05:00  INFO 18120 --- [http-nio-8081-exec-5] c.e.p.Service.ProductManagementService   : SUCCESSFULLY RETRIEVED PRODUCTS
2023-05-10T16:59:12.211+05:00  INFO 18120 --- [http-nio-8081-exec-4] c.e.p.Service.ProductManagementService   : SUCCESSFULLY RETRIEVED PRODUCTS COUNT
2023-05-10T16:59:14.325+05:00  INFO 18120 --- [http-nio-8081-exec-6] c.e.p.Service.ProductManagementService   : GETTING ALL PRODUCTS
2023-05-10T16:59:14.332+05:00  INFO 18120 --- [http-nio-8081-exec-6] c.e.p.Service.ProductManagementService   : SUCCESSFULLY RETRIEVED PRODUCTS
2023-05-10T17:00:14.748+05:00  INFO 18120 --- [AsyncResolver-bootstrap-executor-0] c.n.d.s.r.aws.ConfigClusterResolver      : Resolving eureka endpoints via configuration
2023-05-10T17:02:25.736+05:00  INFO 18120 --- [http-nio-8081-exec-8] c.e.p.Service.ProductManagementService   : GETTING PRODUCTS COUNT
2023-05-10T17:02:25.747+05:00  INFO 18120 --- [http-nio-8081-exec-8] c.e.p.Service.ProductManagementService   : SUCCESSFULLY RETRIEVED PRODUCTS COUNT
2023-05-10T17:05:14.762+05:00  INFO 18120 --- [AsyncResolver-bootstrap-executor-0] c.n.d.s.r.aws.ConfigClusterResolver      : Resolving eureka endpoints via configuration
2023-05-10T17:07:01.627+05:00  INFO 18120 --- [http-nio-8081-exec-2] c.e.p.Service.ProductManagementService   : GETTING PRODUCTS COUNT
2023-05-10T17:07:01.627+05:00  INFO 18120 --- [http-nio-8081-exec-9] c.e.p.Service.ProductManagementService   : GETTING ALL PRODUCTS
2023-05-10T17:07:01.634+05:00  INFO 18120 --- [http-nio-8081-exec-9] c.e.p.Service.ProductManagementService   : SUCCESSFULLY RETRIEVED PRODUCTS
2023-05-10T17:07:01.634+05:00  INFO 18120 --- [http-nio-8081-exec-2] c.e.p.Service.ProductManagementService   : SUCCESSFULLY RETRIEVED PRODUCTS COUNT
2023-05-10T17:09:18.644+05:00  INFO 18120 --- [http-nio-8081-exec-3] c.e.p.Service.ProductManagementService   : GETTING PRODUCTS COUNT
2023-05-10T17:09:18.645+05:00  INFO 18120 --- [http-nio-8081-exec-4] c.e.p.Service.ProductManagementService   : GETTING ALL PRODUCTS
2023-05-10T17:09:18.648+05:00  INFO 18120 --- [http-nio-8081-exec-5] c.e.p.Service.ProductManagementService   : GETTING ALL PRODUCTS
2023-05-10T17:09:18.652+05:00  INFO 18120 --- [http-nio-8081-exec-4] c.e.p.Service.ProductManagementService   : SUCCESSFULLY RETRIEVED PRODUCTS
2023-05-10T17:09:18.653+05:00  INFO 18120 --- [http-nio-8081-exec-3] c.e.p.Service.ProductManagementService   : SUCCESSFULLY RETRIEVED PRODUCTS COUNT
2023-05-10T17:09:18.654+05:00  INFO 18120 --- [http-nio-8081-exec-5] c.e.p.Service.ProductManagementService   : SUCCESSFULLY RETRIEVED PRODUCTS
2023-05-10T17:09:39.225+05:00  INFO 18120 --- [http-nio-8081-exec-7] c.e.p.Service.ProductManagementService   : GETTING ALL PRODUCTS
2023-05-10T17:09:39.231+05:00  INFO 18120 --- [http-nio-8081-exec-7] c.e.p.Service.ProductManagementService   : SUCCESSFULLY RETRIEVED PRODUCTS
2023-05-10T17:10:14.775+05:00  INFO 18120 --- [AsyncResolver-bootstrap-executor-0] c.n.d.s.r.aws.ConfigClusterResolver      : Resolving eureka endpoints via configuration
2023-05-10T17:10:18.017+05:00  INFO 18120 --- [http-nio-8081-exec-8] c.e.p.Service.ProductManagementService   : GETTING ALL PRODUCTS
2023-05-10T17:10:18.024+05:00  INFO 18120 --- [http-nio-8081-exec-8] c.e.p.Service.ProductManagementService   : SUCCESSFULLY RETRIEVED PRODUCTS
2023-05-10T17:10:24.214+05:00  INFO 18120 --- [http-nio-8081-exec-10] c.e.p.Service.ProductManagementService   : GETTING ALL PRODUCTS
2023-05-10T17:10:24.220+05:00  INFO 18120 --- [http-nio-8081-exec-10] c.e.p.Service.ProductManagementService   : SUCCESSFULLY RETRIEVED PRODUCTS
2023-05-10T17:10:42.369+05:00  INFO 18120 --- [http-nio-8081-exec-2] c.e.p.Service.ProductManagementService   : GETTING ALL PRODUCTS
2023-05-10T17:10:42.374+05:00  INFO 18120 --- [http-nio-8081-exec-2] c.e.p.Service.ProductManagementService   : SUCCESSFULLY RETRIEVED PRODUCTS
2023-05-10T17:12:59.866+05:00  INFO 18120 --- [http-nio-8081-exec-1] c.e.p.Service.ProductManagementService   : GETTING ALL PRODUCTS
2023-05-10T17:12:59.866+05:00  INFO 18120 --- [http-nio-8081-exec-3] c.e.p.Service.ProductManagementService   : GETTING PRODUCTS COUNT
2023-05-10T17:12:59.874+05:00  INFO 18120 --- [http-nio-8081-exec-1] c.e.p.Service.ProductManagementService   : SUCCESSFULLY RETRIEVED PRODUCTS
2023-05-10T17:12:59.874+05:00  INFO 18120 --- [http-nio-8081-exec-3] c.e.p.Service.ProductManagementService   : SUCCESSFULLY RETRIEVED PRODUCTS COUNT
2023-05-10T17:13:20.452+05:00  INFO 18120 --- [http-nio-8081-exec-4] c.e.p.Service.ProductManagementService   : GETTING PRODUCTS COUNT
2023-05-10T17:13:20.459+05:00  INFO 18120 --- [http-nio-8081-exec-5] c.e.p.Service.ProductManagementService   : GETTING ALL PRODUCTS
2023-05-10T17:13:20.464+05:00  INFO 18120 --- [http-nio-8081-exec-4] c.e.p.Service.ProductManagementService   : SUCCESSFULLY RETRIEVED PRODUCTS COUNT
2023-05-10T17:13:20.469+05:00  INFO 18120 --- [http-nio-8081-exec-5] c.e.p.Service.ProductManagementService   : SUCCESSFULLY RETRIEVED PRODUCTS
2023-05-10T17:13:37.863+05:00  INFO 18120 --- [http-nio-8081-exec-6] c.e.p.Service.ProductManagementService   : GETTING PRODUCTS COUNT
2023-05-10T17:13:37.870+05:00  INFO 18120 --- [http-nio-8081-exec-7] c.e.p.Service.ProductManagementService   : GETTING ALL PRODUCTS
2023-05-10T17:13:37.874+05:00  INFO 18120 --- [http-nio-8081-exec-6] c.e.p.Service.ProductManagementService   : SUCCESSFULLY RETRIEVED PRODUCTS COUNT
2023-05-10T17:13:37.880+05:00  INFO 18120 --- [http-nio-8081-exec-7] c.e.p.Service.ProductManagementService   : SUCCESSFULLY RETRIEVED PRODUCTS
2023-05-10T17:15:14.786+05:00  INFO 18120 --- [AsyncResolver-bootstrap-executor-0] c.n.d.s.r.aws.ConfigClusterResolver      : Resolving eureka endpoints via configuration
2023-05-10T17:15:26.630+05:00  INFO 18120 --- [http-nio-8081-exec-2] c.e.p.Service.ProductManagementService   : GETTING ALL PRODUCTS
2023-05-10T17:15:26.630+05:00  INFO 18120 --- [http-nio-8081-exec-10] c.e.p.Service.ProductManagementService   : GETTING PRODUCTS COUNT
2023-05-10T17:15:26.636+05:00  INFO 18120 --- [http-nio-8081-exec-2] c.e.p.Service.ProductManagementService   : SUCCESSFULLY RETRIEVED PRODUCTS
2023-05-10T17:15:26.636+05:00  INFO 18120 --- [http-nio-8081-exec-10] c.e.p.Service.ProductManagementService   : SUCCESSFULLY RETRIEVED PRODUCTS COUNT
2023-05-10T17:16:00.042+05:00  INFO 18120 --- [http-nio-8081-exec-9] c.e.p.Service.ProductManagementService   : GETTING PRODUCTS COUNT
2023-05-10T17:16:00.047+05:00  INFO 18120 --- [http-nio-8081-exec-3] c.e.p.Service.ProductManagementService   : GETTING ALL PRODUCTS
2023-05-10T17:16:00.050+05:00  INFO 18120 --- [http-nio-8081-exec-9] c.e.p.Service.ProductManagementService   : SUCCESSFULLY RETRIEVED PRODUCTS COUNT
2023-05-10T17:16:00.053+05:00  INFO 18120 --- [http-nio-8081-exec-3] c.e.p.Service.ProductManagementService   : SUCCESSFULLY RETRIEVED PRODUCTS
2023-05-10T17:16:16.946+05:00  INFO 18120 --- [http-nio-8081-exec-1] c.e.p.Service.ProductManagementService   : GETTING PRODUCTS COUNT
2023-05-10T17:16:16.947+05:00  INFO 18120 --- [http-nio-8081-exec-4] c.e.p.Service.ProductManagementService   : GETTING ALL PRODUCTS
2023-05-10T17:16:16.955+05:00  INFO 18120 --- [http-nio-8081-exec-1] c.e.p.Service.ProductManagementService   : SUCCESSFULLY RETRIEVED PRODUCTS COUNT
2023-05-10T17:16:16.965+05:00  INFO 18120 --- [http-nio-8081-exec-4] c.e.p.Service.ProductManagementService   : SUCCESSFULLY RETRIEVED PRODUCTS
2023-05-10T17:16:19.406+05:00  INFO 18120 --- [http-nio-8081-exec-5] c.e.p.Service.ProductManagementService   : GETTING ALL PRODUCTS
2023-05-10T17:16:19.412+05:00  INFO 18120 --- [http-nio-8081-exec-5] c.e.p.Service.ProductManagementService   : SUCCESSFULLY RETRIEVED PRODUCTS
2023-05-10T17:16:44.481+05:00  INFO 18120 --- [http-nio-8081-exec-6] c.e.p.Service.ProductManagementService   : GETTING PRODUCTS COUNT
2023-05-10T17:16:44.483+05:00  INFO 18120 --- [http-nio-8081-exec-7] c.e.p.Service.ProductManagementService   : GETTING ALL PRODUCTS
2023-05-10T17:16:44.488+05:00  INFO 18120 --- [http-nio-8081-exec-6] c.e.p.Service.ProductManagementService   : SUCCESSFULLY RETRIEVED PRODUCTS COUNT
2023-05-10T17:16:44.502+05:00  INFO 18120 --- [http-nio-8081-exec-7] c.e.p.Service.ProductManagementService   : SUCCESSFULLY RETRIEVED PRODUCTS
2023-05-10T17:18:54.129+05:00  INFO 18120 --- [http-nio-8081-exec-9] c.e.p.Service.ProductManagementService   : GETTING ALL PRODUCTS
2023-05-10T17:18:54.129+05:00  INFO 18120 --- [http-nio-8081-exec-2] c.e.p.Service.ProductManagementService   : GETTING PRODUCTS COUNT
2023-05-10T17:18:54.134+05:00  INFO 18120 --- [http-nio-8081-exec-2] c.e.p.Service.ProductManagementService   : SUCCESSFULLY RETRIEVED PRODUCTS COUNT
2023-05-10T17:18:54.135+05:00  INFO 18120 --- [http-nio-8081-exec-9] c.e.p.Service.ProductManagementService   : SUCCESSFULLY RETRIEVED PRODUCTS
2023-05-10T17:20:14.031+05:00  INFO 18120 --- [http-nio-8081-exec-4] c.e.p.Service.ProductManagementService   : GETTING ALL PRODUCTS
2023-05-10T17:20:14.031+05:00  INFO 18120 --- [http-nio-8081-exec-5] c.e.p.Service.ProductManagementService   : GETTING PRODUCTS COUNT
2023-05-10T17:20:14.036+05:00  INFO 18120 --- [http-nio-8081-exec-5] c.e.p.Service.ProductManagementService   : SUCCESSFULLY RETRIEVED PRODUCTS COUNT
2023-05-10T17:20:14.036+05:00  INFO 18120 --- [http-nio-8081-exec-4] c.e.p.Service.ProductManagementService   : SUCCESSFULLY RETRIEVED PRODUCTS
2023-05-10T17:20:14.795+05:00  INFO 18120 --- [AsyncResolver-bootstrap-executor-0] c.n.d.s.r.aws.ConfigClusterResolver      : Resolving eureka endpoints via configuration
2023-05-10T17:21:47.563+05:00  INFO 18120 --- [http-nio-8081-exec-8] c.e.p.Service.ProductManagementService   : GETTING ALL PRODUCTS
2023-05-10T17:21:47.567+05:00  INFO 18120 --- [http-nio-8081-exec-8] c.e.p.Service.ProductManagementService   : SUCCESSFULLY RETRIEVED PRODUCTS
2023-05-10T17:21:47.576+05:00  INFO 18120 --- [http-nio-8081-exec-10] c.e.p.Service.ProductManagementService   : GETTING PRODUCTS COUNT
2023-05-10T17:21:47.580+05:00  INFO 18120 --- [http-nio-8081-exec-10] c.e.p.Service.ProductManagementService   : SUCCESSFULLY RETRIEVED PRODUCTS COUNT
2023-05-10T17:21:53.485+05:00  INFO 18120 --- [http-nio-8081-exec-2] c.e.p.Service.ProductManagementService   : GETTING ALL PRODUCTS
2023-05-10T17:21:53.489+05:00  INFO 18120 --- [http-nio-8081-exec-2] c.e.p.Service.ProductManagementService   : SUCCESSFULLY RETRIEVED PRODUCTS
2023-05-10T17:25:14.796+05:00  INFO 18120 --- [AsyncResolver-bootstrap-executor-0] c.n.d.s.r.aws.ConfigClusterResolver      : Resolving eureka endpoints via configuration
2023-05-10T17:25:19.074+05:00  INFO 18120 --- [http-nio-8081-exec-1] c.e.p.Service.ProductManagementService   : GETTING PRODUCTS COUNT
2023-05-10T17:25:19.074+05:00  INFO 18120 --- [http-nio-8081-exec-3] c.e.p.Service.ProductManagementService   : GETTING ALL PRODUCTS
2023-05-10T17:25:19.078+05:00  INFO 18120 --- [http-nio-8081-exec-1] c.e.p.Service.ProductManagementService   : SUCCESSFULLY RETRIEVED PRODUCTS COUNT
2023-05-10T17:25:19.080+05:00  INFO 18120 --- [http-nio-8081-exec-3] c.e.p.Service.ProductManagementService   : SUCCESSFULLY RETRIEVED PRODUCTS
2023-05-10T17:30:14.808+05:00  INFO 18120 --- [AsyncResolver-bootstrap-executor-0] c.n.d.s.r.aws.ConfigClusterResolver      : Resolving eureka endpoints via configuration
2023-05-10T17:35:14.819+05:00  INFO 18120 --- [AsyncResolver-bootstrap-executor-0] c.n.d.s.r.aws.ConfigClusterResolver      : Resolving eureka endpoints via configuration
2023-05-10T17:40:14.823+05:00  INFO 18120 --- [AsyncResolver-bootstrap-executor-0] c.n.d.s.r.aws.ConfigClusterResolver      : Resolving eureka endpoints via configuration
2023-05-10T17:40:46.714+05:00  INFO 18120 --- [http-nio-8081-exec-6] c.e.p.Service.ProductManagementService   : GETTING ALL PRODUCTS
2023-05-10T17:40:46.714+05:00  INFO 18120 --- [http-nio-8081-exec-7] c.e.p.Service.ProductManagementService   : GETTING PRODUCTS COUNT
2023-05-10T17:40:46.719+05:00  INFO 18120 --- [http-nio-8081-exec-7] c.e.p.Service.ProductManagementService   : SUCCESSFULLY RETRIEVED PRODUCTS COUNT
2023-05-10T17:40:46.720+05:00  INFO 18120 --- [http-nio-8081-exec-6] c.e.p.Service.ProductManagementService   : SUCCESSFULLY RETRIEVED PRODUCTS
2023-05-10T17:41:15.987+05:00  INFO 18120 --- [DiscoveryClient-HeartbeatExecutor-0] c.n.d.s.t.d.RedirectingEurekaHttpClient  : Request execution error. endpoint=DefaultEndpoint{ serviceUrl='http://localhost:8761/eureka/} exception=I/O error on PUT request for "http://localhost:8761/eureka/apps/PRODUCT-MANAGEMENT-SERVICE/host.docker.internal:product-management-service:8081": Connect to http://localhost:8761 [localhost/127.0.0.1, localhost/0:0:0:0:0:0:0:1] failed: Connection refused: no further information stacktrace=org.springframework.web.client.ResourceAccessException: I/O error on PUT request for "http://localhost:8761/eureka/apps/PRODUCT-MANAGEMENT-SERVICE/host.docker.internal:product-management-service:8081": Connect to http://localhost:8761 [localhost/127.0.0.1, localhost/0:0:0:0:0:0:0:1] failed: Connection refused: no further information
	at org.springframework.web.client.RestTemplate.createResourceAccessException(RestTemplate.java:888)
	at org.springframework.web.client.RestTemplate.doExecute(RestTemplate.java:868)
	at org.springframework.web.client.RestTemplate.execute(RestTemplate.java:764)
	at org.springframework.web.client.RestTemplate.exchange(RestTemplate.java:646)
	at org.springframework.cloud.netflix.eureka.http.RestTemplateEurekaHttpClient.sendHeartBeat(RestTemplateEurekaHttpClient.java:99)
	at com.netflix.discovery.shared.transport.decorator.EurekaHttpClientDecorator$3.execute(EurekaHttpClientDecorator.java:92)
	at com.netflix.discovery.shared.transport.decorator.RedirectingEurekaHttpClient.execute(RedirectingEurekaHttpClient.java:91)
	at com.netflix.discovery.shared.transport.decorator.EurekaHttpClientDecorator.sendHeartBeat(EurekaHttpClientDecorator.java:89)
	at com.netflix.discovery.shared.transport.decorator.EurekaHttpClientDecorator$3.execute(EurekaHttpClientDecorator.java:92)
	at com.netflix.discovery.shared.transport.decorator.RetryableEurekaHttpClient.execute(RetryableEurekaHttpClient.java:120)
	at com.netflix.discovery.shared.transport.decorator.EurekaHttpClientDecorator.sendHeartBeat(EurekaHttpClientDecorator.java:89)
	at com.netflix.discovery.shared.transport.decorator.EurekaHttpClientDecorator$3.execute(EurekaHttpClientDecorator.java:92)
	at com.netflix.discovery.shared.transport.decorator.SessionedEurekaHttpClient.execute(SessionedEurekaHttpClient.java:77)
	at com.netflix.discovery.shared.transport.decorator.EurekaHttpClientDecorator.sendHeartBeat(EurekaHttpClientDecorator.java:89)
	at com.netflix.discovery.DiscoveryClient.renew(DiscoveryClient.java:837)
	at com.netflix.discovery.DiscoveryClient$HeartbeatThread.run(DiscoveryClient.java:1401)
	at java.base/java.util.concurrent.Executors$RunnableAdapter.call(Executors.java:577)
	at java.base/java.util.concurrent.FutureTask.run$$$capture(FutureTask.java:317)
	at java.base/java.util.concurrent.FutureTask.run(FutureTask.java)
	at java.base/java.util.concurrent.ThreadPoolExecutor.runWorker(ThreadPoolExecutor.java:1144)
	at java.base/java.util.concurrent.ThreadPoolExecutor$Worker.run(ThreadPoolExecutor.java:642)
	at java.base/java.lang.Thread.run(Thread.java:1589)
Caused by: org.apache.hc.client5.http.HttpHostConnectException: Connect to http://localhost:8761 [localhost/127.0.0.1, localhost/0:0:0:0:0:0:0:1] failed: Connection refused: no further information
	at java.base/sun.nio.ch.Net.pollConnect(Native Method)
	at java.base/sun.nio.ch.Net.pollConnectNow(Net.java:672)
	at java.base/sun.nio.ch.NioSocketImpl.timedFinishConnect(NioSocketImpl.java:535)
	at java.base/sun.nio.ch.NioSocketImpl.connect(NioSocketImpl.java:585)
	at java.base/java.net.SocksSocketImpl.connect(SocksSocketImpl.java:327)
	at java.base/java.net.Socket.connect(Socket.java:666)
	at org.apache.hc.client5.http.socket.PlainConnectionSocketFactory$1.run(PlainConnectionSocketFactory.java:87)
	at java.base/java.security.AccessController.doPrivileged(AccessController.java:569)
	at org.apache.hc.client5.http.socket.PlainConnectionSocketFactory.connectSocket(PlainConnectionSocketFactory.java:84)
	at org.apache.hc.client5.http.impl.io.DefaultHttpClientConnectionOperator.connect(DefaultHttpClientConnectionOperator.java:148)
	at org.apache.hc.client5.http.impl.io.PoolingHttpClientConnectionManager.connect(PoolingHttpClientConnectionManager.java:396)
	at org.apache.hc.client5.http.impl.classic.InternalExecRuntime.connectEndpoint(InternalExecRuntime.java:158)
	at org.apache.hc.client5.http.impl.classic.InternalExecRuntime.connectEndpoint(InternalExecRuntime.java:168)
	at org.apache.hc.client5.http.impl.classic.ConnectExec.execute(ConnectExec.java:136)
	at org.apache.hc.client5.http.impl.classic.ExecChainElement.execute(ExecChainElement.java:51)
	at org.apache.hc.client5.http.impl.classic.ExecChainElement$1.proceed(ExecChainElement.java:57)
	at org.apache.hc.client5.http.impl.classic.ProtocolExec.execute(ProtocolExec.java:190)
	at org.apache.hc.client5.http.impl.classic.ExecChainElement.execute(ExecChainElement.java:51)
	at org.apache.hc.client5.http.impl.classic.ExecChainElement$1.proceed(ExecChainElement.java:57)
	at org.apache.hc.client5.http.impl.classic.HttpRequestRetryExec.execute(HttpRequestRetryExec.java:96)
	at org.apache.hc.client5.http.impl.classic.ExecChainElement.execute(ExecChainElement.java:51)
	at org.apache.hc.client5.http.impl.classic.ExecChainElement$1.proceed(ExecChainElement.java:57)
	at org.apache.hc.client5.http.impl.classic.ContentCompressionExec.execute(ContentCompressionExec.java:133)
	at org.apache.hc.client5.http.impl.classic.ExecChainElement.execute(ExecChainElement.java:51)
	at org.apache.hc.client5.http.impl.classic.ExecChainElement$1.proceed(ExecChainElement.java:57)
	at org.apache.hc.client5.http.impl.classic.RedirectExec.execute(RedirectExec.java:115)
	at org.apache.hc.client5.http.impl.classic.ExecChainElement.execute(ExecChainElement.java:51)
	at org.apache.hc.client5.http.impl.classic.InternalHttpClient.doExecute(InternalHttpClient.java:170)
	at org.apache.hc.client5.http.impl.classic.CloseableHttpClient.execute(CloseableHttpClient.java:75)
	at org.apache.hc.client5.http.impl.classic.CloseableHttpClient.execute(CloseableHttpClient.java:54)
	at org.springframework.http.client.HttpComponentsClientHttpRequest.executeInternal(HttpComponentsClientHttpRequest.java:93)
	at org.springframework.http.client.AbstractBufferingClientHttpRequest.executeInternal(AbstractBufferingClientHttpRequest.java:48)
	at org.springframework.http.client.AbstractClientHttpRequest.execute(AbstractClientHttpRequest.java:66)
	at org.springframework.http.client.InterceptingClientHttpRequest$InterceptingRequestExecution.execute(InterceptingClientHttpRequest.java:101)
	at org.springframework.cloud.netflix.eureka.http.RestTemplateTransportClientFactory.lambda$restTemplate$0(RestTemplateTransportClientFactory.java:143)
	at org.springframework.http.client.InterceptingClientHttpRequest$InterceptingRequestExecution.execute(InterceptingClientHttpRequest.java:87)
	at org.springframework.http.client.InterceptingClientHttpRequest.executeInternal(InterceptingClientHttpRequest.java:71)
	at org.springframework.http.client.AbstractBufferingClientHttpRequest.executeInternal(AbstractBufferingClientHttpRequest.java:48)
	at org.springframework.http.client.AbstractClientHttpRequest.execute(AbstractClientHttpRequest.java:66)
	at org.springframework.web.client.RestTemplate.doExecute(RestTemplate.java:862)
	... 20 more

2023-05-10T17:41:15.987+05:00  WARN 18120 --- [DiscoveryClient-HeartbeatExecutor-0] c.n.d.s.t.d.RetryableEurekaHttpClient    : Request execution failed with message: I/O error on PUT request for "http://localhost:8761/eureka/apps/PRODUCT-MANAGEMENT-SERVICE/host.docker.internal:product-management-service:8081": Connect to http://localhost:8761 [localhost/127.0.0.1, localhost/0:0:0:0:0:0:0:1] failed: Connection refused: no further information
2023-05-10T17:41:15.992+05:00  INFO 18120 --- [DiscoveryClient-CacheRefreshExecutor-0] c.n.d.s.t.d.RedirectingEurekaHttpClient  : Request execution error. endpoint=DefaultEndpoint{ serviceUrl='http://localhost:8761/eureka/}, exception=I/O error on GET request for "http://localhost:8761/eureka/apps/delta": Connect to http://localhost:8761 [localhost/127.0.0.1, localhost/0:0:0:0:0:0:0:1] failed: Connection refused: no further information stacktrace=org.springframework.web.client.ResourceAccessException: I/O error on GET request for "http://localhost:8761/eureka/apps/delta": Connect to http://localhost:8761 [localhost/127.0.0.1, localhost/0:0:0:0:0:0:0:1] failed: Connection refused: no further information
	at org.springframework.web.client.RestTemplate.createResourceAccessException(RestTemplate.java:888)
	at org.springframework.web.client.RestTemplate.doExecute(RestTemplate.java:868)
	at org.springframework.web.client.RestTemplate.execute(RestTemplate.java:764)
	at org.springframework.web.client.RestTemplate.exchange(RestTemplate.java:646)
	at org.springframework.cloud.netflix.eureka.http.RestTemplateEurekaHttpClient.getApplicationsInternal(RestTemplateEurekaHttpClient.java:145)
	at org.springframework.cloud.netflix.eureka.http.RestTemplateEurekaHttpClient.getDelta(RestTemplateEurekaHttpClient.java:155)
	at com.netflix.discovery.shared.transport.decorator.EurekaHttpClientDecorator$7.execute(EurekaHttpClientDecorator.java:152)
	at com.netflix.discovery.shared.transport.decorator.RedirectingEurekaHttpClient.executeOnNewServer(RedirectingEurekaHttpClient.java:121)
	at com.netflix.discovery.shared.transport.decorator.RedirectingEurekaHttpClient.execute(RedirectingEurekaHttpClient.java:80)
	at com.netflix.discovery.shared.transport.decorator.EurekaHttpClientDecorator.getDelta(EurekaHttpClientDecorator.java:149)
	at com.netflix.discovery.shared.transport.decorator.EurekaHttpClientDecorator$7.execute(EurekaHttpClientDecorator.java:152)
	at com.netflix.discovery.shared.transport.decorator.RetryableEurekaHttpClient.execute(RetryableEurekaHttpClient.java:120)
	at com.netflix.discovery.shared.transport.decorator.EurekaHttpClientDecorator.getDelta(EurekaHttpClientDecorator.java:149)
	at com.netflix.discovery.shared.transport.decorator.EurekaHttpClientDecorator$7.execute(EurekaHttpClientDecorator.java:152)
	at com.netflix.discovery.shared.transport.decorator.SessionedEurekaHttpClient.execute(SessionedEurekaHttpClient.java:77)
	at com.netflix.discovery.shared.transport.decorator.EurekaHttpClientDecorator.getDelta(EurekaHttpClientDecorator.java:149)
	at com.netflix.discovery.DiscoveryClient.getAndUpdateDelta(DiscoveryClient.java:1079)
	at com.netflix.discovery.DiscoveryClient.fetchRegistry(DiscoveryClient.java:960)
	at com.netflix.discovery.DiscoveryClient.refreshRegistry(DiscoveryClient.java:1475)
	at com.netflix.discovery.DiscoveryClient$CacheRefreshThread.run(DiscoveryClient.java:1442)
	at java.base/java.util.concurrent.Executors$RunnableAdapter.call(Executors.java:577)
	at java.base/java.util.concurrent.FutureTask.run$$$capture(FutureTask.java:317)
	at java.base/java.util.concurrent.FutureTask.run(FutureTask.java)
	at java.base/java.util.concurrent.ThreadPoolExecutor.runWorker(ThreadPoolExecutor.java:1144)
	at java.base/java.util.concurrent.ThreadPoolExecutor$Worker.run(ThreadPoolExecutor.java:642)
	at java.base/java.lang.Thread.run(Thread.java:1589)
Caused by: org.apache.hc.client5.http.HttpHostConnectException: Connect to http://localhost:8761 [localhost/127.0.0.1, localhost/0:0:0:0:0:0:0:1] failed: Connection refused: no further information
	at java.base/sun.nio.ch.Net.pollConnect(Native Method)
	at java.base/sun.nio.ch.Net.pollConnectNow(Net.java:672)
	at java.base/sun.nio.ch.NioSocketImpl.timedFinishConnect(NioSocketImpl.java:535)
	at java.base/sun.nio.ch.NioSocketImpl.connect(NioSocketImpl.java:585)
	at java.base/java.net.SocksSocketImpl.connect(SocksSocketImpl.java:327)
	at java.base/java.net.Socket.connect(Socket.java:666)
	at org.apache.hc.client5.http.socket.PlainConnectionSocketFactory$1.run(PlainConnectionSocketFactory.java:87)
	at java.base/java.security.AccessController.doPrivileged(AccessController.java:569)
	at org.apache.hc.client5.http.socket.PlainConnectionSocketFactory.connectSocket(PlainConnectionSocketFactory.java:84)
	at org.apache.hc.client5.http.impl.io.DefaultHttpClientConnectionOperator.connect(DefaultHttpClientConnectionOperator.java:148)
	at org.apache.hc.client5.http.impl.io.PoolingHttpClientConnectionManager.connect(PoolingHttpClientConnectionManager.java:396)
	at org.apache.hc.client5.http.impl.classic.InternalExecRuntime.connectEndpoint(InternalExecRuntime.java:158)
	at org.apache.hc.client5.http.impl.classic.InternalExecRuntime.connectEndpoint(InternalExecRuntime.java:168)
	at org.apache.hc.client5.http.impl.classic.ConnectExec.execute(ConnectExec.java:136)
	at org.apache.hc.client5.http.impl.classic.ExecChainElement.execute(ExecChainElement.java:51)
	at org.apache.hc.client5.http.impl.classic.ExecChainElement$1.proceed(ExecChainElement.java:57)
	at org.apache.hc.client5.http.impl.classic.ProtocolExec.execute(ProtocolExec.java:190)
	at org.apache.hc.client5.http.impl.classic.ExecChainElement.execute(ExecChainElement.java:51)
	at org.apache.hc.client5.http.impl.classic.ExecChainElement$1.proceed(ExecChainElement.java:57)
	at org.apache.hc.client5.http.impl.classic.HttpRequestRetryExec.execute(HttpRequestRetryExec.java:96)
	at org.apache.hc.client5.http.impl.classic.ExecChainElement.execute(ExecChainElement.java:51)
	at org.apache.hc.client5.http.impl.classic.ExecChainElement$1.proceed(ExecChainElement.java:57)
	at org.apache.hc.client5.http.impl.classic.ContentCompressionExec.execute(ContentCompressionExec.java:133)
	at org.apache.hc.client5.http.impl.classic.ExecChainElement.execute(ExecChainElement.java:51)
	at org.apache.hc.client5.http.impl.classic.ExecChainElement$1.proceed(ExecChainElement.java:57)
	at org.apache.hc.client5.http.impl.classic.RedirectExec.execute(RedirectExec.java:115)
	at org.apache.hc.client5.http.impl.classic.ExecChainElement.execute(ExecChainElement.java:51)
	at org.apache.hc.client5.http.impl.classic.InternalHttpClient.doExecute(InternalHttpClient.java:170)
	at org.apache.hc.client5.http.impl.classic.CloseableHttpClient.execute(CloseableHttpClient.java:75)
	at org.apache.hc.client5.http.impl.classic.CloseableHttpClient.execute(CloseableHttpClient.java:54)
	at org.springframework.http.client.HttpComponentsClientHttpRequest.executeInternal(HttpComponentsClientHttpRequest.java:93)
	at org.springframework.http.client.AbstractBufferingClientHttpRequest.executeInternal(AbstractBufferingClientHttpRequest.java:48)
	at org.springframework.http.client.AbstractClientHttpRequest.execute(AbstractClientHttpRequest.java:66)
	at org.springframework.http.client.InterceptingClientHttpRequest$InterceptingRequestExecution.execute(InterceptingClientHttpRequest.java:101)
	at org.springframework.cloud.netflix.eureka.http.RestTemplateTransportClientFactory.lambda$restTemplate$0(RestTemplateTransportClientFactory.java:143)
	at org.springframework.http.client.InterceptingClientHttpRequest$InterceptingRequestExecution.execute(InterceptingClientHttpRequest.java:87)
	at org.springframework.http.client.InterceptingClientHttpRequest.executeInternal(InterceptingClientHttpRequest.java:71)
	at org.springframework.http.client.AbstractBufferingClientHttpRequest.executeInternal(AbstractBufferingClientHttpRequest.java:48)
	at org.springframework.http.client.AbstractClientHttpRequest.execute(AbstractClientHttpRequest.java:66)
	at org.springframework.web.client.RestTemplate.doExecute(RestTemplate.java:862)
	... 24 more

2023-05-10T17:41:15.992+05:00  WARN 18120 --- [DiscoveryClient-CacheRefreshExecutor-0] c.n.d.s.t.d.RetryableEurekaHttpClient    : Request execution failed with message: I/O error on GET request for "http://localhost:8761/eureka/apps/delta": Connect to http://localhost:8761 [localhost/127.0.0.1, localhost/0:0:0:0:0:0:0:1] failed: Connection refused: no further information
2023-05-10T17:41:15.992+05:00  INFO 18120 --- [DiscoveryClient-CacheRefreshExecutor-0] com.netflix.discovery.DiscoveryClient    : DiscoveryClient_PRODUCT-MANAGEMENT-SERVICE/host.docker.internal:product-management-service:8081 - was unable to refresh its cache! This periodic background refresh will be retried in 30 seconds. status = Cannot execute request on any known server stacktrace = com.netflix.discovery.shared.transport.TransportException: Cannot execute request on any known server
	at com.netflix.discovery.shared.transport.decorator.RetryableEurekaHttpClient.execute(RetryableEurekaHttpClient.java:112)
	at com.netflix.discovery.shared.transport.decorator.EurekaHttpClientDecorator.getDelta(EurekaHttpClientDecorator.java:149)
	at com.netflix.discovery.shared.transport.decorator.EurekaHttpClientDecorator$7.execute(EurekaHttpClientDecorator.java:152)
	at com.netflix.discovery.shared.transport.decorator.SessionedEurekaHttpClient.execute(SessionedEurekaHttpClient.java:77)
	at com.netflix.discovery.shared.transport.decorator.EurekaHttpClientDecorator.getDelta(EurekaHttpClientDecorator.java:149)
	at com.netflix.discovery.DiscoveryClient.getAndUpdateDelta(DiscoveryClient.java:1079)
	at com.netflix.discovery.DiscoveryClient.fetchRegistry(DiscoveryClient.java:960)
	at com.netflix.discovery.DiscoveryClient.refreshRegistry(DiscoveryClient.java:1475)
	at com.netflix.discovery.DiscoveryClient$CacheRefreshThread.run(DiscoveryClient.java:1442)
	at java.base/java.util.concurrent.Executors$RunnableAdapter.call(Executors.java:577)
	at java.base/java.util.concurrent.FutureTask.run$$$capture(FutureTask.java:317)
	at java.base/java.util.concurrent.FutureTask.run(FutureTask.java)
	at java.base/java.util.concurrent.ThreadPoolExecutor.runWorker(ThreadPoolExecutor.java:1144)
	at java.base/java.util.concurrent.ThreadPoolExecutor$Worker.run(ThreadPoolExecutor.java:642)
	at java.base/java.lang.Thread.run(Thread.java:1589)

2023-05-10T17:41:16.022+05:00  INFO 18120 --- [DiscoveryClient-HeartbeatExecutor-0] c.n.d.s.t.d.RedirectingEurekaHttpClient  : Request execution error. endpoint=DefaultEndpoint{ serviceUrl='http://localhost:8761/eureka/}, exception=I/O error on PUT request for "http://localhost:8761/eureka/apps/PRODUCT-MANAGEMENT-SERVICE/host.docker.internal:product-management-service:8081": Connect to http://localhost:8761 [localhost/127.0.0.1, localhost/0:0:0:0:0:0:0:1] failed: Connection refused: no further information stacktrace=org.springframework.web.client.ResourceAccessException: I/O error on PUT request for "http://localhost:8761/eureka/apps/PRODUCT-MANAGEMENT-SERVICE/host.docker.internal:product-management-service:8081": Connect to http://localhost:8761 [localhost/127.0.0.1, localhost/0:0:0:0:0:0:0:1] failed: Connection refused: no further information
	at org.springframework.web.client.RestTemplate.createResourceAccessException(RestTemplate.java:888)
	at org.springframework.web.client.RestTemplate.doExecute(RestTemplate.java:868)
	at org.springframework.web.client.RestTemplate.execute(RestTemplate.java:764)
	at org.springframework.web.client.RestTemplate.exchange(RestTemplate.java:646)
	at org.springframework.cloud.netflix.eureka.http.RestTemplateEurekaHttpClient.sendHeartBeat(RestTemplateEurekaHttpClient.java:99)
	at com.netflix.discovery.shared.transport.decorator.EurekaHttpClientDecorator$3.execute(EurekaHttpClientDecorator.java:92)
	at com.netflix.discovery.shared.transport.decorator.RedirectingEurekaHttpClient.executeOnNewServer(RedirectingEurekaHttpClient.java:121)
	at com.netflix.discovery.shared.transport.decorator.RedirectingEurekaHttpClient.execute(RedirectingEurekaHttpClient.java:80)
	at com.netflix.discovery.shared.transport.decorator.EurekaHttpClientDecorator.sendHeartBeat(EurekaHttpClientDecorator.java:89)
	at com.netflix.discovery.shared.transport.decorator.EurekaHttpClientDecorator$3.execute(EurekaHttpClientDecorator.java:92)
	at com.netflix.discovery.shared.transport.decorator.RetryableEurekaHttpClient.execute(RetryableEurekaHttpClient.java:120)
	at com.netflix.discovery.shared.transport.decorator.EurekaHttpClientDecorator.sendHeartBeat(EurekaHttpClientDecorator.java:89)
	at com.netflix.discovery.shared.transport.decorator.EurekaHttpClientDecorator$3.execute(EurekaHttpClientDecorator.java:92)
	at com.netflix.discovery.shared.transport.decorator.SessionedEurekaHttpClient.execute(SessionedEurekaHttpClient.java:77)
	at com.netflix.discovery.shared.transport.decorator.EurekaHttpClientDecorator.sendHeartBeat(EurekaHttpClientDecorator.java:89)
	at com.netflix.discovery.DiscoveryClient.renew(DiscoveryClient.java:837)
	at com.netflix.discovery.DiscoveryClient$HeartbeatThread.run(DiscoveryClient.java:1401)
	at java.base/java.util.concurrent.Executors$RunnableAdapter.call(Executors.java:577)
	at java.base/java.util.concurrent.FutureTask.run$$$capture(FutureTask.java:317)
	at java.base/java.util.concurrent.FutureTask.run(FutureTask.java)
	at java.base/java.util.concurrent.ThreadPoolExecutor.runWorker(ThreadPoolExecutor.java:1144)
	at java.base/java.util.concurrent.ThreadPoolExecutor$Worker.run(ThreadPoolExecutor.java:642)
	at java.base/java.lang.Thread.run(Thread.java:1589)
Caused by: org.apache.hc.client5.http.HttpHostConnectException: Connect to http://localhost:8761 [localhost/127.0.0.1, localhost/0:0:0:0:0:0:0:1] failed: Connection refused: no further information
	at java.base/sun.nio.ch.Net.pollConnect(Native Method)
	at java.base/sun.nio.ch.Net.pollConnectNow(Net.java:672)
	at java.base/sun.nio.ch.NioSocketImpl.timedFinishConnect(NioSocketImpl.java:535)
	at java.base/sun.nio.ch.NioSocketImpl.connect(NioSocketImpl.java:585)
	at java.base/java.net.SocksSocketImpl.connect(SocksSocketImpl.java:327)
	at java.base/java.net.Socket.connect(Socket.java:666)
	at org.apache.hc.client5.http.socket.PlainConnectionSocketFactory$1.run(PlainConnectionSocketFactory.java:87)
	at java.base/java.security.AccessController.doPrivileged(AccessController.java:569)
	at org.apache.hc.client5.http.socket.PlainConnectionSocketFactory.connectSocket(PlainConnectionSocketFactory.java:84)
	at org.apache.hc.client5.http.impl.io.DefaultHttpClientConnectionOperator.connect(DefaultHttpClientConnectionOperator.java:148)
	at org.apache.hc.client5.http.impl.io.PoolingHttpClientConnectionManager.connect(PoolingHttpClientConnectionManager.java:396)
	at org.apache.hc.client5.http.impl.classic.InternalExecRuntime.connectEndpoint(InternalExecRuntime.java:158)
	at org.apache.hc.client5.http.impl.classic.InternalExecRuntime.connectEndpoint(InternalExecRuntime.java:168)
	at org.apache.hc.client5.http.impl.classic.ConnectExec.execute(ConnectExec.java:136)
	at org.apache.hc.client5.http.impl.classic.ExecChainElement.execute(ExecChainElement.java:51)
	at org.apache.hc.client5.http.impl.classic.ExecChainElement$1.proceed(ExecChainElement.java:57)
	at org.apache.hc.client5.http.impl.classic.ProtocolExec.execute(ProtocolExec.java:190)
	at org.apache.hc.client5.http.impl.classic.ExecChainElement.execute(ExecChainElement.java:51)
	at org.apache.hc.client5.http.impl.classic.ExecChainElement$1.proceed(ExecChainElement.java:57)
	at org.apache.hc.client5.http.impl.classic.HttpRequestRetryExec.execute(HttpRequestRetryExec.java:96)
	at org.apache.hc.client5.http.impl.classic.ExecChainElement.execute(ExecChainElement.java:51)
	at org.apache.hc.client5.http.impl.classic.ExecChainElement$1.proceed(ExecChainElement.java:57)
	at org.apache.hc.client5.http.impl.classic.ContentCompressionExec.execute(ContentCompressionExec.java:133)
	at org.apache.hc.client5.http.impl.classic.ExecChainElement.execute(ExecChainElement.java:51)
	at org.apache.hc.client5.http.impl.classic.ExecChainElement$1.proceed(ExecChainElement.java:57)
	at org.apache.hc.client5.http.impl.classic.RedirectExec.execute(RedirectExec.java:115)
	at org.apache.hc.client5.http.impl.classic.ExecChainElement.execute(ExecChainElement.java:51)
	at org.apache.hc.client5.http.impl.classic.InternalHttpClient.doExecute(InternalHttpClient.java:170)
	at org.apache.hc.client5.http.impl.classic.CloseableHttpClient.execute(CloseableHttpClient.java:75)
	at org.apache.hc.client5.http.impl.classic.CloseableHttpClient.execute(CloseableHttpClient.java:54)
	at org.springframework.http.client.HttpComponentsClientHttpRequest.executeInternal(HttpComponentsClientHttpRequest.java:93)
	at org.springframework.http.client.AbstractBufferingClientHttpRequest.executeInternal(AbstractBufferingClientHttpRequest.java:48)
	at org.springframework.http.client.AbstractClientHttpRequest.execute(AbstractClientHttpRequest.java:66)
	at org.springframework.http.client.InterceptingClientHttpRequest$InterceptingRequestExecution.execute(InterceptingClientHttpRequest.java:101)
	at org.springframework.cloud.netflix.eureka.http.RestTemplateTransportClientFactory.lambda$restTemplate$0(RestTemplateTransportClientFactory.java:143)
	at org.springframework.http.client.InterceptingClientHttpRequest$InterceptingRequestExecution.execute(InterceptingClientHttpRequest.java:87)
	at org.springframework.http.client.InterceptingClientHttpRequest.executeInternal(InterceptingClientHttpRequest.java:71)
	at org.springframework.http.client.AbstractBufferingClientHttpRequest.executeInternal(AbstractBufferingClientHttpRequest.java:48)
	at org.springframework.http.client.AbstractClientHttpRequest.execute(AbstractClientHttpRequest.java:66)
	at org.springframework.web.client.RestTemplate.doExecute(RestTemplate.java:862)
	... 21 more

2023-05-10T17:41:16.022+05:00  WARN 18120 --- [DiscoveryClient-HeartbeatExecutor-0] c.n.d.s.t.d.RetryableEurekaHttpClient    : Request execution failed with message: I/O error on PUT request for "http://localhost:8761/eureka/apps/PRODUCT-MANAGEMENT-SERVICE/host.docker.internal:product-management-service:8081": Connect to http://localhost:8761 [localhost/127.0.0.1, localhost/0:0:0:0:0:0:0:1] failed: Connection refused: no further information
2023-05-10T17:41:16.022+05:00 ERROR 18120 --- [DiscoveryClient-HeartbeatExecutor-0] com.netflix.discovery.DiscoveryClient    : DiscoveryClient_PRODUCT-MANAGEMENT-SERVICE/host.docker.internal:product-management-service:8081 - was unable to send heartbeat!

com.netflix.discovery.shared.transport.TransportException: Cannot execute request on any known server
	at com.netflix.discovery.shared.transport.decorator.RetryableEurekaHttpClient.execute(RetryableEurekaHttpClient.java:112) ~[eureka-client-2.0.0.jar:2.0.0]
	at com.netflix.discovery.shared.transport.decorator.EurekaHttpClientDecorator.sendHeartBeat(EurekaHttpClientDecorator.java:89) ~[eureka-client-2.0.0.jar:2.0.0]
	at com.netflix.discovery.shared.transport.decorator.EurekaHttpClientDecorator$3.execute(EurekaHttpClientDecorator.java:92) ~[eureka-client-2.0.0.jar:2.0.0]
	at com.netflix.discovery.shared.transport.decorator.SessionedEurekaHttpClient.execute(SessionedEurekaHttpClient.java:77) ~[eureka-client-2.0.0.jar:2.0.0]
	at com.netflix.discovery.shared.transport.decorator.EurekaHttpClientDecorator.sendHeartBeat(EurekaHttpClientDecorator.java:89) ~[eureka-client-2.0.0.jar:2.0.0]
	at com.netflix.discovery.DiscoveryClient.renew(DiscoveryClient.java:837) ~[eureka-client-2.0.0.jar:2.0.0]
	at com.netflix.discovery.DiscoveryClient$HeartbeatThread.run(DiscoveryClient.java:1401) ~[eureka-client-2.0.0.jar:2.0.0]
	at java.base/java.util.concurrent.Executors$RunnableAdapter.call(Executors.java:577) ~[na:na]
	at java.base/java.util.concurrent.FutureTask.run$$$capture(FutureTask.java:317) ~[na:na]
	at java.base/java.util.concurrent.FutureTask.run(FutureTask.java) ~[na:na]
	at java.base/java.util.concurrent.ThreadPoolExecutor.runWorker(ThreadPoolExecutor.java:1144) ~[na:na]
	at java.base/java.util.concurrent.ThreadPoolExecutor$Worker.run(ThreadPoolExecutor.java:642) ~[na:na]
	at java.base/java.lang.Thread.run(Thread.java:1589) ~[na:na]

2023-05-10T17:41:16.621+05:00  INFO 18120 --- [SpringApplicationShutdownHook] o.s.c.n.e.s.EurekaServiceRegistry        : Unregistering application PRODUCT-MANAGEMENT-SERVICE with eureka with status DOWN
2023-05-10T17:41:16.621+05:00  INFO 18120 --- [SpringApplicationShutdownHook] com.netflix.discovery.DiscoveryClient    : Saw local status change event StatusChangeEvent [timestamp=1683722476621, current=DOWN, previous=UP]
2023-05-10T17:41:16.622+05:00  INFO 18120 --- [DiscoveryClient-InstanceInfoReplicator-0] com.netflix.discovery.DiscoveryClient    : DiscoveryClient_PRODUCT-MANAGEMENT-SERVICE/host.docker.internal:product-management-service:8081: registering service...
2023-05-10T17:41:16.640+05:00  INFO 18120 --- [DiscoveryClient-InstanceInfoReplicator-0] c.n.d.s.t.d.RedirectingEurekaHttpClient  : Request execution error. endpoint=DefaultEndpoint{ serviceUrl='http://localhost:8761/eureka/}, exception=I/O error on POST request for "http://localhost:8761/eureka/apps/PRODUCT-MANAGEMENT-SERVICE": Connect to http://localhost:8761 [localhost/127.0.0.1, localhost/0:0:0:0:0:0:0:1] failed: Connection refused: no further information stacktrace=org.springframework.web.client.ResourceAccessException: I/O error on POST request for "http://localhost:8761/eureka/apps/PRODUCT-MANAGEMENT-SERVICE": Connect to http://localhost:8761 [localhost/127.0.0.1, localhost/0:0:0:0:0:0:0:1] failed: Connection refused: no further information
	at org.springframework.web.client.RestTemplate.createResourceAccessException(RestTemplate.java:888)
	at org.springframework.web.client.RestTemplate.doExecute(RestTemplate.java:868)
	at org.springframework.web.client.RestTemplate.execute(RestTemplate.java:764)
	at org.springframework.web.client.RestTemplate.exchange(RestTemplate.java:646)
	at org.springframework.cloud.netflix.eureka.http.RestTemplateEurekaHttpClient.register(RestTemplateEurekaHttpClient.java:77)
	at com.netflix.discovery.shared.transport.decorator.EurekaHttpClientDecorator$1.execute(EurekaHttpClientDecorator.java:59)
	at com.netflix.discovery.shared.transport.decorator.RedirectingEurekaHttpClient.executeOnNewServer(RedirectingEurekaHttpClient.java:121)
	at com.netflix.discovery.shared.transport.decorator.RedirectingEurekaHttpClient.execute(RedirectingEurekaHttpClient.java:80)
	at com.netflix.discovery.shared.transport.decorator.EurekaHttpClientDecorator.register(EurekaHttpClientDecorator.java:56)
	at com.netflix.discovery.shared.transport.decorator.EurekaHttpClientDecorator$1.execute(EurekaHttpClientDecorator.java:59)
	at com.netflix.discovery.shared.transport.decorator.RetryableEurekaHttpClient.execute(RetryableEurekaHttpClient.java:120)
	at com.netflix.discovery.shared.transport.decorator.EurekaHttpClientDecorator.register(EurekaHttpClientDecorator.java:56)
	at com.netflix.discovery.shared.transport.decorator.EurekaHttpClientDecorator$1.execute(EurekaHttpClientDecorator.java:59)
	at com.netflix.discovery.shared.transport.decorator.SessionedEurekaHttpClient.execute(SessionedEurekaHttpClient.java:77)
	at com.netflix.discovery.shared.transport.decorator.EurekaHttpClientDecorator.register(EurekaHttpClientDecorator.java:56)
	at com.netflix.discovery.DiscoveryClient.register(DiscoveryClient.java:820)
	at com.netflix.discovery.InstanceInfoReplicator.run(InstanceInfoReplicator.java:121)
	at com.netflix.discovery.InstanceInfoReplicator$1.run(InstanceInfoReplicator.java:101)
	at java.base/java.util.concurrent.Executors$RunnableAdapter.call(Executors.java:577)
	at java.base/java.util.concurrent.FutureTask.run$$$capture(FutureTask.java:317)
	at java.base/java.util.concurrent.FutureTask.run(FutureTask.java)
	at java.base/java.util.concurrent.ScheduledThreadPoolExecutor$ScheduledFutureTask.run(ScheduledThreadPoolExecutor.java:304)
	at java.base/java.util.concurrent.ThreadPoolExecutor.runWorker(ThreadPoolExecutor.java:1144)
	at java.base/java.util.concurrent.ThreadPoolExecutor$Worker.run(ThreadPoolExecutor.java:642)
	at java.base/java.lang.Thread.run(Thread.java:1589)
Caused by: org.apache.hc.client5.http.HttpHostConnectException: Connect to http://localhost:8761 [localhost/127.0.0.1, localhost/0:0:0:0:0:0:0:1] failed: Connection refused: no further information
	at java.base/sun.nio.ch.Net.pollConnect(Native Method)
	at java.base/sun.nio.ch.Net.pollConnectNow(Net.java:672)
	at java.base/sun.nio.ch.NioSocketImpl.timedFinishConnect(NioSocketImpl.java:535)
	at java.base/sun.nio.ch.NioSocketImpl.connect(NioSocketImpl.java:585)
	at java.base/java.net.SocksSocketImpl.connect(SocksSocketImpl.java:327)
	at java.base/java.net.Socket.connect(Socket.java:666)
	at org.apache.hc.client5.http.socket.PlainConnectionSocketFactory$1.run(PlainConnectionSocketFactory.java:87)
	at java.base/java.security.AccessController.doPrivileged(AccessController.java:569)
	at org.apache.hc.client5.http.socket.PlainConnectionSocketFactory.connectSocket(PlainConnectionSocketFactory.java:84)
	at org.apache.hc.client5.http.impl.io.DefaultHttpClientConnectionOperator.connect(DefaultHttpClientConnectionOperator.java:148)
	at org.apache.hc.client5.http.impl.io.PoolingHttpClientConnectionManager.connect(PoolingHttpClientConnectionManager.java:396)
	at org.apache.hc.client5.http.impl.classic.InternalExecRuntime.connectEndpoint(InternalExecRuntime.java:158)
	at org.apache.hc.client5.http.impl.classic.InternalExecRuntime.connectEndpoint(InternalExecRuntime.java:168)
	at org.apache.hc.client5.http.impl.classic.ConnectExec.execute(ConnectExec.java:136)
	at org.apache.hc.client5.http.impl.classic.ExecChainElement.execute(ExecChainElement.java:51)
	at org.apache.hc.client5.http.impl.classic.ExecChainElement$1.proceed(ExecChainElement.java:57)
	at org.apache.hc.client5.http.impl.classic.ProtocolExec.execute(ProtocolExec.java:190)
	at org.apache.hc.client5.http.impl.classic.ExecChainElement.execute(ExecChainElement.java:51)
	at org.apache.hc.client5.http.impl.classic.ExecChainElement$1.proceed(ExecChainElement.java:57)
	at org.apache.hc.client5.http.impl.classic.HttpRequestRetryExec.execute(HttpRequestRetryExec.java:96)
	at org.apache.hc.client5.http.impl.classic.ExecChainElement.execute(ExecChainElement.java:51)
	at org.apache.hc.client5.http.impl.classic.ExecChainElement$1.proceed(ExecChainElement.java:57)
	at org.apache.hc.client5.http.impl.classic.ContentCompressionExec.execute(ContentCompressionExec.java:133)
	at org.apache.hc.client5.http.impl.classic.ExecChainElement.execute(ExecChainElement.java:51)
	at org.apache.hc.client5.http.impl.classic.ExecChainElement$1.proceed(ExecChainElement.java:57)
	at org.apache.hc.client5.http.impl.classic.RedirectExec.execute(RedirectExec.java:115)
	at org.apache.hc.client5.http.impl.classic.ExecChainElement.execute(ExecChainElement.java:51)
	at org.apache.hc.client5.http.impl.classic.InternalHttpClient.doExecute(InternalHttpClient.java:170)
	at org.apache.hc.client5.http.impl.classic.CloseableHttpClient.execute(CloseableHttpClient.java:75)
	at org.apache.hc.client5.http.impl.classic.CloseableHttpClient.execute(CloseableHttpClient.java:54)
	at org.springframework.http.client.HttpComponentsClientHttpRequest.executeInternal(HttpComponentsClientHttpRequest.java:93)
	at org.springframework.http.client.AbstractBufferingClientHttpRequest.executeInternal(AbstractBufferingClientHttpRequest.java:48)
	at org.springframework.http.client.AbstractClientHttpRequest.execute(AbstractClientHttpRequest.java:66)
	at org.springframework.http.client.InterceptingClientHttpRequest$InterceptingRequestExecution.execute(InterceptingClientHttpRequest.java:101)
	at org.springframework.cloud.netflix.eureka.http.RestTemplateTransportClientFactory.lambda$restTemplate$0(RestTemplateTransportClientFactory.java:143)
	at org.springframework.http.client.InterceptingClientHttpRequest$InterceptingRequestExecution.execute(InterceptingClientHttpRequest.java:87)
	at org.springframework.http.client.InterceptingClientHttpRequest.executeInternal(InterceptingClientHttpRequest.java:71)
	at org.springframework.http.client.AbstractBufferingClientHttpRequest.executeInternal(AbstractBufferingClientHttpRequest.java:48)
	at org.springframework.http.client.AbstractClientHttpRequest.execute(AbstractClientHttpRequest.java:66)
	at org.springframework.web.client.RestTemplate.doExecute(RestTemplate.java:862)
	... 23 more

2023-05-10T17:41:16.641+05:00  WARN 18120 --- [DiscoveryClient-InstanceInfoReplicator-0] c.n.d.s.t.d.RetryableEurekaHttpClient    : Request execution failed with message: I/O error on POST request for "http://localhost:8761/eureka/apps/PRODUCT-MANAGEMENT-SERVICE": Connect to http://localhost:8761 [localhost/127.0.0.1, localhost/0:0:0:0:0:0:0:1] failed: Connection refused: no further information
2023-05-10T17:41:16.641+05:00  WARN 18120 --- [DiscoveryClient-InstanceInfoReplicator-0] com.netflix.discovery.DiscoveryClient    : DiscoveryClient_PRODUCT-MANAGEMENT-SERVICE/host.docker.internal:product-management-service:8081 - registration failed Cannot execute request on any known server

com.netflix.discovery.shared.transport.TransportException: Cannot execute request on any known server
	at com.netflix.discovery.shared.transport.decorator.RetryableEurekaHttpClient.execute(RetryableEurekaHttpClient.java:112) ~[eureka-client-2.0.0.jar:2.0.0]
	at com.netflix.discovery.shared.transport.decorator.EurekaHttpClientDecorator.register(EurekaHttpClientDecorator.java:56) ~[eureka-client-2.0.0.jar:2.0.0]
	at com.netflix.discovery.shared.transport.decorator.EurekaHttpClientDecorator$1.execute(EurekaHttpClientDecorator.java:59) ~[eureka-client-2.0.0.jar:2.0.0]
	at com.netflix.discovery.shared.transport.decorator.SessionedEurekaHttpClient.execute(SessionedEurekaHttpClient.java:77) ~[eureka-client-2.0.0.jar:2.0.0]
	at com.netflix.discovery.shared.transport.decorator.EurekaHttpClientDecorator.register(EurekaHttpClientDecorator.java:56) ~[eureka-client-2.0.0.jar:2.0.0]
	at com.netflix.discovery.DiscoveryClient.register(DiscoveryClient.java:820) ~[eureka-client-2.0.0.jar:2.0.0]
	at com.netflix.discovery.InstanceInfoReplicator.run(InstanceInfoReplicator.java:121) ~[eureka-client-2.0.0.jar:2.0.0]
	at com.netflix.discovery.InstanceInfoReplicator$1.run(InstanceInfoReplicator.java:101) ~[eureka-client-2.0.0.jar:2.0.0]
	at java.base/java.util.concurrent.Executors$RunnableAdapter.call(Executors.java:577) ~[na:na]
	at java.base/java.util.concurrent.FutureTask.run$$$capture(FutureTask.java:317) ~[na:na]
	at java.base/java.util.concurrent.FutureTask.run(FutureTask.java) ~[na:na]
	at java.base/java.util.concurrent.ScheduledThreadPoolExecutor$ScheduledFutureTask.run(ScheduledThreadPoolExecutor.java:304) ~[na:na]
	at java.base/java.util.concurrent.ThreadPoolExecutor.runWorker(ThreadPoolExecutor.java:1144) ~[na:na]
	at java.base/java.util.concurrent.ThreadPoolExecutor$Worker.run(ThreadPoolExecutor.java:642) ~[na:na]
	at java.base/java.lang.Thread.run(Thread.java:1589) ~[na:na]

2023-05-10T17:41:16.641+05:00  WARN 18120 --- [DiscoveryClient-InstanceInfoReplicator-0] c.n.discovery.InstanceInfoReplicator     : There was a problem with the instance info replicator

com.netflix.discovery.shared.transport.TransportException: Cannot execute request on any known server
	at com.netflix.discovery.shared.transport.decorator.RetryableEurekaHttpClient.execute(RetryableEurekaHttpClient.java:112) ~[eureka-client-2.0.0.jar:2.0.0]
	at com.netflix.discovery.shared.transport.decorator.EurekaHttpClientDecorator.register(EurekaHttpClientDecorator.java:56) ~[eureka-client-2.0.0.jar:2.0.0]
	at com.netflix.discovery.shared.transport.decorator.EurekaHttpClientDecorator$1.execute(EurekaHttpClientDecorator.java:59) ~[eureka-client-2.0.0.jar:2.0.0]
	at com.netflix.discovery.shared.transport.decorator.SessionedEurekaHttpClient.execute(SessionedEurekaHttpClient.java:77) ~[eureka-client-2.0.0.jar:2.0.0]
	at com.netflix.discovery.shared.transport.decorator.EurekaHttpClientDecorator.register(EurekaHttpClientDecorator.java:56) ~[eureka-client-2.0.0.jar:2.0.0]
	at com.netflix.discovery.DiscoveryClient.register(DiscoveryClient.java:820) ~[eureka-client-2.0.0.jar:2.0.0]
	at com.netflix.discovery.InstanceInfoReplicator.run(InstanceInfoReplicator.java:121) ~[eureka-client-2.0.0.jar:2.0.0]
	at com.netflix.discovery.InstanceInfoReplicator$1.run(InstanceInfoReplicator.java:101) ~[eureka-client-2.0.0.jar:2.0.0]
	at java.base/java.util.concurrent.Executors$RunnableAdapter.call(Executors.java:577) ~[na:na]
	at java.base/java.util.concurrent.FutureTask.run$$$capture(FutureTask.java:317) ~[na:na]
	at java.base/java.util.concurrent.FutureTask.run(FutureTask.java) ~[na:na]
	at java.base/java.util.concurrent.ScheduledThreadPoolExecutor$ScheduledFutureTask.run(ScheduledThreadPoolExecutor.java:304) ~[na:na]
	at java.base/java.util.concurrent.ThreadPoolExecutor.runWorker(ThreadPoolExecutor.java:1144) ~[na:na]
	at java.base/java.util.concurrent.ThreadPoolExecutor$Worker.run(ThreadPoolExecutor.java:642) ~[na:na]
	at java.base/java.lang.Thread.run(Thread.java:1589) ~[na:na]

2023-05-10T17:41:16.641+05:00  INFO 18120 --- [SpringApplicationShutdownHook] j.LocalContainerEntityManagerFactoryBean : Closing JPA EntityManagerFactory for persistence unit 'default'
2023-05-10T17:41:16.643+05:00  INFO 18120 --- [SpringApplicationShutdownHook] com.zaxxer.hikari.HikariDataSource       : HikariPool-1 - Shutdown initiated...
2023-05-10T17:41:16.648+05:00  INFO 18120 --- [SpringApplicationShutdownHook] com.zaxxer.hikari.HikariDataSource       : HikariPool-1 - Shutdown completed.
2023-05-10T17:41:16.648+05:00  INFO 18120 --- [SpringApplicationShutdownHook] com.netflix.discovery.DiscoveryClient    : Shutting down DiscoveryClient ...
2023-05-10T17:41:19.655+05:00  INFO 18120 --- [SpringApplicationShutdownHook] com.netflix.discovery.DiscoveryClient    : Unregistering ...
2023-05-10T17:41:19.687+05:00  INFO 18120 --- [SpringApplicationShutdownHook] c.n.d.s.t.d.RedirectingEurekaHttpClient  : Request execution error. endpoint=DefaultEndpoint{ serviceUrl='http://localhost:8761/eureka/}, exception=I/O error on DELETE request for "http://localhost:8761/eureka/apps/PRODUCT-MANAGEMENT-SERVICE/host.docker.internal:product-management-service:8081": Connect to http://localhost:8761 [localhost/127.0.0.1, localhost/0:0:0:0:0:0:0:1] failed: Connection refused: no further information stacktrace=org.springframework.web.client.ResourceAccessException: I/O error on DELETE request for "http://localhost:8761/eureka/apps/PRODUCT-MANAGEMENT-SERVICE/host.docker.internal:product-management-service:8081": Connect to http://localhost:8761 [localhost/127.0.0.1, localhost/0:0:0:0:0:0:0:1] failed: Connection refused: no further information
	at org.springframework.web.client.RestTemplate.createResourceAccessException(RestTemplate.java:888)
	at org.springframework.web.client.RestTemplate.doExecute(RestTemplate.java:868)
	at org.springframework.web.client.RestTemplate.execute(RestTemplate.java:764)
	at org.springframework.web.client.RestTemplate.exchange(RestTemplate.java:646)
	at org.springframework.cloud.netflix.eureka.http.RestTemplateEurekaHttpClient.cancel(RestTemplateEurekaHttpClient.java:87)
	at com.netflix.discovery.shared.transport.decorator.EurekaHttpClientDecorator$2.execute(EurekaHttpClientDecorator.java:74)
	at com.netflix.discovery.shared.transport.decorator.RedirectingEurekaHttpClient.executeOnNewServer(RedirectingEurekaHttpClient.java:121)
	at com.netflix.discovery.shared.transport.decorator.RedirectingEurekaHttpClient.execute(RedirectingEurekaHttpClient.java:80)
	at com.netflix.discovery.shared.transport.decorator.EurekaHttpClientDecorator.cancel(EurekaHttpClientDecorator.java:71)
	at com.netflix.discovery.shared.transport.decorator.EurekaHttpClientDecorator$2.execute(EurekaHttpClientDecorator.java:74)
	at com.netflix.discovery.shared.transport.decorator.RetryableEurekaHttpClient.execute(RetryableEurekaHttpClient.java:120)
	at com.netflix.discovery.shared.transport.decorator.EurekaHttpClientDecorator.cancel(EurekaHttpClientDecorator.java:71)
	at com.netflix.discovery.shared.transport.decorator.EurekaHttpClientDecorator$2.execute(EurekaHttpClientDecorator.java:74)
	at com.netflix.discovery.shared.transport.decorator.SessionedEurekaHttpClient.execute(SessionedEurekaHttpClient.java:77)
	at com.netflix.discovery.shared.transport.decorator.EurekaHttpClientDecorator.cancel(EurekaHttpClientDecorator.java:71)
	at com.netflix.discovery.DiscoveryClient.unregister(DiscoveryClient.java:916)
	at com.netflix.discovery.DiscoveryClient.shutdown(DiscoveryClient.java:892)
	at java.base/jdk.internal.reflect.DirectMethodHandleAccessor.invoke(DirectMethodHandleAccessor.java:104)
	at java.base/java.lang.reflect.Method.invoke(Method.java:578)
	at org.springframework.beans.factory.annotation.InitDestroyAnnotationBeanPostProcessor$LifecycleElement.invoke(InitDestroyAnnotationBeanPostProcessor.java:425)
	at org.springframework.beans.factory.annotation.InitDestroyAnnotationBeanPostProcessor$LifecycleMetadata.invokeDestroyMethods(InitDestroyAnnotationBeanPostProcessor.java:383)
	at org.springframework.beans.factory.annotation.InitDestroyAnnotationBeanPostProcessor.postProcessBeforeDestruction(InitDestroyAnnotationBeanPostProcessor.java:213)
	at org.springframework.beans.factory.support.DisposableBeanAdapter.destroy(DisposableBeanAdapter.java:191)
	at org.springframework.beans.factory.support.DisposableBeanAdapter.run(DisposableBeanAdapter.java:184)
	at org.springframework.cloud.context.scope.GenericScope$BeanLifecycleWrapper.destroy(GenericScope.java:389)
	at org.springframework.cloud.context.scope.GenericScope.destroy(GenericScope.java:136)
	at org.springframework.beans.factory.support.DisposableBeanAdapter.destroy(DisposableBeanAdapter.java:200)
	at org.springframework.beans.factory.support.DefaultSingletonBeanRegistry.destroyBean(DefaultSingletonBeanRegistry.java:587)
	at org.springframework.beans.factory.support.DefaultSingletonBeanRegistry.destroySingleton(DefaultSingletonBeanRegistry.java:559)
	at org.springframework.beans.factory.support.DefaultListableBeanFactory.destroySingleton(DefaultListableBeanFactory.java:1189)
	at org.springframework.beans.factory.support.DefaultSingletonBeanRegistry.destroySingletons(DefaultSingletonBeanRegistry.java:520)
	at org.springframework.beans.factory.support.DefaultListableBeanFactory.destroySingletons(DefaultListableBeanFactory.java:1182)
	at org.springframework.context.support.AbstractApplicationContext.destroyBeans(AbstractApplicationContext.java:1084)
	at org.springframework.context.support.AbstractApplicationContext.doClose(AbstractApplicationContext.java:1053)
	at org.springframework.boot.web.servlet.context.ServletWebServerApplicationContext.doClose(ServletWebServerApplicationContext.java:173)
	at org.springframework.context.support.AbstractApplicationContext.close(AbstractApplicationContext.java:1003)
	at org.springframework.boot.SpringApplicationShutdownHook.closeAndWait(SpringApplicationShutdownHook.java:139)
	at java.base/java.lang.Iterable.forEach(Iterable.java:75)
	at org.springframework.boot.SpringApplicationShutdownHook.run(SpringApplicationShutdownHook.java:108)
	at java.base/java.lang.Thread.run(Thread.java:1589)
Caused by: org.apache.hc.client5.http.HttpHostConnectException: Connect to http://localhost:8761 [localhost/127.0.0.1, localhost/0:0:0:0:0:0:0:1] failed: Connection refused: no further information
	at java.base/sun.nio.ch.Net.pollConnect(Native Method)
	at java.base/sun.nio.ch.Net.pollConnectNow(Net.java:672)
	at java.base/sun.nio.ch.NioSocketImpl.timedFinishConnect(NioSocketImpl.java:535)
	at java.base/sun.nio.ch.NioSocketImpl.connect(NioSocketImpl.java:585)
	at java.base/java.net.SocksSocketImpl.connect(SocksSocketImpl.java:327)
	at java.base/java.net.Socket.connect(Socket.java:666)
	at org.apache.hc.client5.http.socket.PlainConnectionSocketFactory$1.run(PlainConnectionSocketFactory.java:87)
	at java.base/java.security.AccessController.doPrivileged(AccessController.java:569)
	at org.apache.hc.client5.http.socket.PlainConnectionSocketFactory.connectSocket(PlainConnectionSocketFactory.java:84)
	at org.apache.hc.client5.http.impl.io.DefaultHttpClientConnectionOperator.connect(DefaultHttpClientConnectionOperator.java:148)
	at org.apache.hc.client5.http.impl.io.PoolingHttpClientConnectionManager.connect(PoolingHttpClientConnectionManager.java:396)
	at org.apache.hc.client5.http.impl.classic.InternalExecRuntime.connectEndpoint(InternalExecRuntime.java:158)
	at org.apache.hc.client5.http.impl.classic.InternalExecRuntime.connectEndpoint(InternalExecRuntime.java:168)
	at org.apache.hc.client5.http.impl.classic.ConnectExec.execute(ConnectExec.java:136)
	at org.apache.hc.client5.http.impl.classic.ExecChainElement.execute(ExecChainElement.java:51)
	at org.apache.hc.client5.http.impl.classic.ExecChainElement$1.proceed(ExecChainElement.java:57)
	at org.apache.hc.client5.http.impl.classic.ProtocolExec.execute(ProtocolExec.java:190)
	at org.apache.hc.client5.http.impl.classic.ExecChainElement.execute(ExecChainElement.java:51)
	at org.apache.hc.client5.http.impl.classic.ExecChainElement$1.proceed(ExecChainElement.java:57)
	at org.apache.hc.client5.http.impl.classic.HttpRequestRetryExec.execute(HttpRequestRetryExec.java:96)
	at org.apache.hc.client5.http.impl.classic.ExecChainElement.execute(ExecChainElement.java:51)
	at org.apache.hc.client5.http.impl.classic.ExecChainElement$1.proceed(ExecChainElement.java:57)
	at org.apache.hc.client5.http.impl.classic.ContentCompressionExec.execute(ContentCompressionExec.java:133)
	at org.apache.hc.client5.http.impl.classic.ExecChainElement.execute(ExecChainElement.java:51)
	at org.apache.hc.client5.http.impl.classic.ExecChainElement$1.proceed(ExecChainElement.java:57)
	at org.apache.hc.client5.http.impl.classic.RedirectExec.execute(RedirectExec.java:115)
	at org.apache.hc.client5.http.impl.classic.ExecChainElement.execute(ExecChainElement.java:51)
	at org.apache.hc.client5.http.impl.classic.InternalHttpClient.doExecute(InternalHttpClient.java:170)
	at org.apache.hc.client5.http.impl.classic.CloseableHttpClient.execute(CloseableHttpClient.java:75)
	at org.apache.hc.client5.http.impl.classic.CloseableHttpClient.execute(CloseableHttpClient.java:54)
	at org.springframework.http.client.HttpComponentsClientHttpRequest.executeInternal(HttpComponentsClientHttpRequest.java:93)
	at org.springframework.http.client.AbstractBufferingClientHttpRequest.executeInternal(AbstractBufferingClientHttpRequest.java:48)
	at org.springframework.http.client.AbstractClientHttpRequest.execute(AbstractClientHttpRequest.java:66)
	at org.springframework.http.client.InterceptingClientHttpRequest$InterceptingRequestExecution.execute(InterceptingClientHttpRequest.java:101)
	at org.springframework.cloud.netflix.eureka.http.RestTemplateTransportClientFactory.lambda$restTemplate$0(RestTemplateTransportClientFactory.java:143)
	at org.springframework.http.client.InterceptingClientHttpRequest$InterceptingRequestExecution.execute(InterceptingClientHttpRequest.java:87)
	at org.springframework.http.client.InterceptingClientHttpRequest.executeInternal(InterceptingClientHttpRequest.java:71)
	at org.springframework.http.client.AbstractBufferingClientHttpRequest.executeInternal(AbstractBufferingClientHttpRequest.java:48)
	at org.springframework.http.client.AbstractClientHttpRequest.execute(AbstractClientHttpRequest.java:66)
	at org.springframework.web.client.RestTemplate.doExecute(RestTemplate.java:862)
	... 38 more

2023-05-10T17:41:19.687+05:00  WARN 18120 --- [SpringApplicationShutdownHook] c.n.d.s.t.d.RetryableEurekaHttpClient    : Request execution failed with message: I/O error on DELETE request for "http://localhost:8761/eureka/apps/PRODUCT-MANAGEMENT-SERVICE/host.docker.internal:product-management-service:8081": Connect to http://localhost:8761 [localhost/127.0.0.1, localhost/0:0:0:0:0:0:0:1] failed: Connection refused: no further information
2023-05-10T17:41:19.687+05:00 ERROR 18120 --- [SpringApplicationShutdownHook] com.netflix.discovery.DiscoveryClient    : DiscoveryClient_PRODUCT-MANAGEMENT-SERVICE/host.docker.internal:product-management-service:8081 - de-registration failedCannot execute request on any known server

com.netflix.discovery.shared.transport.TransportException: Cannot execute request on any known server
	at com.netflix.discovery.shared.transport.decorator.RetryableEurekaHttpClient.execute(RetryableEurekaHttpClient.java:112) ~[eureka-client-2.0.0.jar:2.0.0]
	at com.netflix.discovery.shared.transport.decorator.EurekaHttpClientDecorator.cancel(EurekaHttpClientDecorator.java:71) ~[eureka-client-2.0.0.jar:2.0.0]
	at com.netflix.discovery.shared.transport.decorator.EurekaHttpClientDecorator$2.execute(EurekaHttpClientDecorator.java:74) ~[eureka-client-2.0.0.jar:2.0.0]
	at com.netflix.discovery.shared.transport.decorator.SessionedEurekaHttpClient.execute(SessionedEurekaHttpClient.java:77) ~[eureka-client-2.0.0.jar:2.0.0]
	at com.netflix.discovery.shared.transport.decorator.EurekaHttpClientDecorator.cancel(EurekaHttpClientDecorator.java:71) ~[eureka-client-2.0.0.jar:2.0.0]
	at com.netflix.discovery.DiscoveryClient.unregister(DiscoveryClient.java:916) ~[eureka-client-2.0.0.jar:2.0.0]
	at com.netflix.discovery.DiscoveryClient.shutdown(DiscoveryClient.java:892) ~[eureka-client-2.0.0.jar:2.0.0]
	at java.base/jdk.internal.reflect.DirectMethodHandleAccessor.invoke(DirectMethodHandleAccessor.java:104) ~[na:na]
	at java.base/java.lang.reflect.Method.invoke(Method.java:578) ~[na:na]
	at org.springframework.beans.factory.annotation.InitDestroyAnnotationBeanPostProcessor$LifecycleElement.invoke(InitDestroyAnnotationBeanPostProcessor.java:425) ~[spring-beans-6.0.7.jar:6.0.7]
	at org.springframework.beans.factory.annotation.InitDestroyAnnotationBeanPostProcessor$LifecycleMetadata.invokeDestroyMethods(InitDestroyAnnotationBeanPostProcessor.java:383) ~[spring-beans-6.0.7.jar:6.0.7]
	at org.springframework.beans.factory.annotation.InitDestroyAnnotationBeanPostProcessor.postProcessBeforeDestruction(InitDestroyAnnotationBeanPostProcessor.java:213) ~[spring-beans-6.0.7.jar:6.0.7]
	at org.springframework.beans.factory.support.DisposableBeanAdapter.destroy(DisposableBeanAdapter.java:191) ~[spring-beans-6.0.7.jar:6.0.7]
	at org.springframework.beans.factory.support.DisposableBeanAdapter.run(DisposableBeanAdapter.java:184) ~[spring-beans-6.0.7.jar:6.0.7]
	at org.springframework.cloud.context.scope.GenericScope$BeanLifecycleWrapper.destroy(GenericScope.java:389) ~[spring-cloud-context-4.0.2.jar:4.0.2]
	at org.springframework.cloud.context.scope.GenericScope.destroy(GenericScope.java:136) ~[spring-cloud-context-4.0.2.jar:4.0.2]
	at org.springframework.beans.factory.support.DisposableBeanAdapter.destroy(DisposableBeanAdapter.java:200) ~[spring-beans-6.0.7.jar:6.0.7]
	at org.springframework.beans.factory.support.DefaultSingletonBeanRegistry.destroyBean(DefaultSingletonBeanRegistry.java:587) ~[spring-beans-6.0.7.jar:6.0.7]
	at org.springframework.beans.factory.support.DefaultSingletonBeanRegistry.destroySingleton(DefaultSingletonBeanRegistry.java:559) ~[spring-beans-6.0.7.jar:6.0.7]
	at org.springframework.beans.factory.support.DefaultListableBeanFactory.destroySingleton(DefaultListableBeanFactory.java:1189) ~[spring-beans-6.0.7.jar:6.0.7]
	at org.springframework.beans.factory.support.DefaultSingletonBeanRegistry.destroySingletons(DefaultSingletonBeanRegistry.java:520) ~[spring-beans-6.0.7.jar:6.0.7]
	at org.springframework.beans.factory.support.DefaultListableBeanFactory.destroySingletons(DefaultListableBeanFactory.java:1182) ~[spring-beans-6.0.7.jar:6.0.7]
	at org.springframework.context.support.AbstractApplicationContext.destroyBeans(AbstractApplicationContext.java:1084) ~[spring-context-6.0.7.jar:6.0.7]
	at org.springframework.context.support.AbstractApplicationContext.doClose(AbstractApplicationContext.java:1053) ~[spring-context-6.0.7.jar:6.0.7]
	at org.springframework.boot.web.servlet.context.ServletWebServerApplicationContext.doClose(ServletWebServerApplicationContext.java:173) ~[spring-boot-3.0.5.jar:3.0.5]
	at org.springframework.context.support.AbstractApplicationContext.close(AbstractApplicationContext.java:1003) ~[spring-context-6.0.7.jar:6.0.7]
	at org.springframework.boot.SpringApplicationShutdownHook.closeAndWait(SpringApplicationShutdownHook.java:139) ~[spring-boot-3.0.5.jar:3.0.5]
	at java.base/java.lang.Iterable.forEach(Iterable.java:75) ~[na:na]
	at org.springframework.boot.SpringApplicationShutdownHook.run(SpringApplicationShutdownHook.java:108) ~[spring-boot-3.0.5.jar:3.0.5]
	at java.base/java.lang.Thread.run(Thread.java:1589) ~[na:na]

2023-05-10T17:41:19.692+05:00  INFO 18120 --- [SpringApplicationShutdownHook] com.netflix.discovery.DiscoveryClient    : Completed shut down of DiscoveryClient
