2023-04-19T06:13:10.918+05:00  INFO 19724 --- [main] .e.p.ProductManagementServiceApplication : Starting ProductManagementServiceApplication using Java 17.0.2 with PID 19724 (C:\Users\shehr\OneDrive\Desktop\Easy-Electro-Shop-Backend\product-managment-service\target\classes started by shehr in C:\Users\shehr\OneDrive\Desktop\Easy-Electro-Shop-Backend\product-managment-service)
2023-04-19T06:13:10.924+05:00  INFO 19724 --- [main] .e.p.ProductManagementServiceApplication : No active profile set, falling back to 1 default profile: "default"
2023-04-19T06:13:11.609+05:00  INFO 19724 --- [main] .s.d.r.c.RepositoryConfigurationDelegate : Bootstrapping Spring Data JPA repositories in DEFAULT mode.
2023-04-19T06:13:11.712+05:00  INFO 19724 --- [main] .s.d.r.c.RepositoryConfigurationDelegate : Finished Spring Data repository scanning in 96 ms. Found 1 JPA repository interfaces.
2023-04-19T06:13:11.862+05:00  INFO 19724 --- [main] o.s.cloud.context.scope.GenericScope     : BeanFactory id=13c47497-34a0-37db-9b37-d519262dbdaa
2023-04-19T06:13:12.106+05:00  INFO 19724 --- [main] o.s.b.w.embedded.tomcat.TomcatWebServer  : Tomcat initialized with port(s): 8081 (http)
2023-04-19T06:13:12.111+05:00  INFO 19724 --- [main] o.apache.catalina.core.StandardService   : Starting service [Tomcat]
2023-04-19T06:13:12.111+05:00  INFO 19724 --- [main] o.apache.catalina.core.StandardEngine    : Starting Servlet engine: [Apache Tomcat/10.1.7]
2023-04-19T06:13:12.180+05:00  INFO 19724 --- [main] o.a.c.c.C.[Tomcat].[localhost].[/]       : Initializing Spring embedded WebApplicationContext
2023-04-19T06:13:12.181+05:00  INFO 19724 --- [main] w.s.c.ServletWebServerApplicationContext : Root WebApplicationContext: initialization completed in 1222 ms
2023-04-19T06:13:12.386+05:00  INFO 19724 --- [main] o.hibernate.jpa.internal.util.LogHelper  : HHH000204: Processing PersistenceUnitInfo [name: default]
2023-04-19T06:13:12.432+05:00  INFO 19724 --- [main] org.hibernate.Version                    : HHH000412: Hibernate ORM core version 6.1.7.Final
2023-04-19T06:13:12.673+05:00  INFO 19724 --- [main] com.zaxxer.hikari.HikariDataSource       : HikariPool-1 - Starting...
2023-04-19T06:13:12.901+05:00  INFO 19724 --- [main] com.zaxxer.hikari.pool.HikariPool        : HikariPool-1 - Added connection com.mysql.cj.jdbc.ConnectionImpl@c83ed77
2023-04-19T06:13:12.903+05:00  INFO 19724 --- [main] com.zaxxer.hikari.HikariDataSource       : HikariPool-1 - Start completed.
2023-04-19T06:13:12.959+05:00  INFO 19724 --- [main] SQL dialect                              : HHH000400: Using dialect: org.hibernate.dialect.MySQLDialect
2023-04-19T06:13:13.686+05:00  INFO 19724 --- [main] o.h.e.t.j.p.i.JtaPlatformInitiator       : HHH000490: Using JtaPlatform implementation: [org.hibernate.engine.transaction.jta.platform.internal.NoJtaPlatform]
2023-04-19T06:13:13.701+05:00  INFO 19724 --- [main] j.LocalContainerEntityManagerFactoryBean : Initialized JPA EntityManagerFactory for persistence unit 'default'
2023-04-19T06:13:13.886+05:00  WARN 19724 --- [main] JpaBaseConfiguration$JpaWebConfiguration : spring.jpa.open-in-view is enabled by default. Therefore, database queries may be performed during view rendering. Explicitly configure spring.jpa.open-in-view to disable this warning
2023-04-19T06:13:14.391+05:00  INFO 19724 --- [main] DiscoveryClientOptionalArgsConfiguration : Eureka HTTP Client uses RestTemplate.
2023-04-19T06:13:14.417+05:00  WARN 19724 --- [main] iguration$LoadBalancerCaffeineWarnLogger : Spring Cloud LoadBalancer is currently working with the default cache. While this cache implementation is useful for development and tests, it's recommended to use Caffeine cache in production.You can switch to using Caffeine cache, by adding it and org.springframework.cache.caffeine.CaffeineCacheManager to the classpath.
2023-04-19T06:13:14.421+05:00  INFO 19724 --- [main] o.s.b.a.e.web.EndpointLinksResolver      : Exposing 2 endpoint(s) beneath base path '/actuator'
2023-04-19T06:13:14.497+05:00  INFO 19724 --- [main] o.s.c.n.eureka.InstanceInfoFactory       : Setting initial instance status as: STARTING
2023-04-19T06:13:14.530+05:00  INFO 19724 --- [main] com.netflix.discovery.DiscoveryClient    : Initializing Eureka in region us-east-1
2023-04-19T06:13:14.534+05:00  INFO 19724 --- [main] c.n.d.s.r.aws.ConfigClusterResolver      : Resolving eureka endpoints via configuration
2023-04-19T06:13:14.551+05:00  INFO 19724 --- [main] com.netflix.discovery.DiscoveryClient    : Disable delta property : false
2023-04-19T06:13:14.551+05:00  INFO 19724 --- [main] com.netflix.discovery.DiscoveryClient    : Single vip registry refresh property : null
2023-04-19T06:13:14.551+05:00  INFO 19724 --- [main] com.netflix.discovery.DiscoveryClient    : Force full registry fetch : false
2023-04-19T06:13:14.551+05:00  INFO 19724 --- [main] com.netflix.discovery.DiscoveryClient    : Application is null : false
2023-04-19T06:13:14.552+05:00  INFO 19724 --- [main] com.netflix.discovery.DiscoveryClient    : Registered Applications size is zero : true
2023-04-19T06:13:14.552+05:00  INFO 19724 --- [main] com.netflix.discovery.DiscoveryClient    : Application version is -1: true
2023-04-19T06:13:14.552+05:00  INFO 19724 --- [main] com.netflix.discovery.DiscoveryClient    : Getting all instance registry info from the eureka server
2023-04-19T06:13:14.868+05:00  INFO 19724 --- [main] com.netflix.discovery.DiscoveryClient    : The response status is 200
2023-04-19T06:13:14.871+05:00  INFO 19724 --- [main] com.netflix.discovery.DiscoveryClient    : Starting heartbeat executor: renew interval is: 30
2023-04-19T06:13:14.876+05:00  INFO 19724 --- [main] c.n.discovery.InstanceInfoReplicator     : InstanceInfoReplicator onDemand update allowed rate per min is 4
2023-04-19T06:13:14.888+05:00  INFO 19724 --- [main] com.netflix.discovery.DiscoveryClient    : Discovery Client initialized at timestamp 1681866794888 with initial instances count: 0
2023-04-19T06:13:14.890+05:00  INFO 19724 --- [main] o.s.c.n.e.s.EurekaServiceRegistry        : Registering application PRODUCT-MANAGEMENT-SERVICE with eureka with status UP
2023-04-19T06:13:14.891+05:00  INFO 19724 --- [main] com.netflix.discovery.DiscoveryClient    : Saw local status change event StatusChangeEvent [timestamp=1681866794891, current=UP, previous=STARTING]
2023-04-19T06:13:14.892+05:00  INFO 19724 --- [DiscoveryClient-InstanceInfoReplicator-0] com.netflix.discovery.DiscoveryClient    : DiscoveryClient_PRODUCT-MANAGEMENT-SERVICE/Lenovo-Legion-5-PRO:product-management-service:8081: registering service...
2023-04-19T06:13:14.910+05:00  INFO 19724 --- [main] o.s.b.w.embedded.tomcat.TomcatWebServer  : Tomcat started on port(s): 8081 (http) with context path ''
2023-04-19T06:13:14.911+05:00  INFO 19724 --- [main] .s.c.n.e.s.EurekaAutoServiceRegistration : Updating port to 8081
2023-04-19T06:13:14.977+05:00  INFO 19724 --- [main] .e.p.ProductManagementServiceApplication : Started ProductManagementServiceApplication in 4.444 seconds (process running for 4.996)
2023-04-19T06:13:14.983+05:00  INFO 19724 --- [DiscoveryClient-InstanceInfoReplicator-0] com.netflix.discovery.DiscoveryClient    : DiscoveryClient_PRODUCT-MANAGEMENT-SERVICE/Lenovo-Legion-5-PRO:product-management-service:8081 - registration status: 204
2023-04-19T06:13:15.167+05:00  INFO 19724 --- [RMI TCP Connection(1)-192.168.100.138] o.a.c.c.C.[Tomcat].[localhost].[/]       : Initializing Spring DispatcherServlet 'dispatcherServlet'
2023-04-19T06:13:15.167+05:00  INFO 19724 --- [RMI TCP Connection(1)-192.168.100.138] o.s.web.servlet.DispatcherServlet        : Initializing Servlet 'dispatcherServlet'
2023-04-19T06:13:15.169+05:00  INFO 19724 --- [RMI TCP Connection(1)-192.168.100.138] o.s.web.servlet.DispatcherServlet        : Completed initialization in 1 ms
2023-04-19T06:13:44.884+05:00  INFO 19724 --- [DiscoveryClient-CacheRefreshExecutor-0] com.netflix.discovery.DiscoveryClient    : Disable delta property : false
2023-04-19T06:13:44.885+05:00  INFO 19724 --- [DiscoveryClient-CacheRefreshExecutor-0] com.netflix.discovery.DiscoveryClient    : Single vip registry refresh property : null
2023-04-19T06:13:44.886+05:00  INFO 19724 --- [DiscoveryClient-CacheRefreshExecutor-0] com.netflix.discovery.DiscoveryClient    : Force full registry fetch : false
2023-04-19T06:13:44.886+05:00  INFO 19724 --- [DiscoveryClient-CacheRefreshExecutor-0] com.netflix.discovery.DiscoveryClient    : Application is null : false
2023-04-19T06:13:44.886+05:00  INFO 19724 --- [DiscoveryClient-CacheRefreshExecutor-0] com.netflix.discovery.DiscoveryClient    : Registered Applications size is zero : true
2023-04-19T06:13:44.886+05:00  INFO 19724 --- [DiscoveryClient-CacheRefreshExecutor-0] com.netflix.discovery.DiscoveryClient    : Application version is -1: false
2023-04-19T06:13:44.886+05:00  INFO 19724 --- [DiscoveryClient-CacheRefreshExecutor-0] com.netflix.discovery.DiscoveryClient    : Getting all instance registry info from the eureka server
2023-04-19T06:13:44.901+05:00  INFO 19724 --- [DiscoveryClient-CacheRefreshExecutor-0] com.netflix.discovery.DiscoveryClient    : The response status is 200
2023-04-19T06:15:10.346+05:00  INFO 19724 --- [SpringApplicationShutdownHook] o.s.c.n.e.s.EurekaServiceRegistry        : Unregistering application PRODUCT-MANAGEMENT-SERVICE with eureka with status DOWN
2023-04-19T06:15:10.347+05:00  INFO 19724 --- [SpringApplicationShutdownHook] com.netflix.discovery.DiscoveryClient    : Saw local status change event StatusChangeEvent [timestamp=1681866910347, current=DOWN, previous=UP]
2023-04-19T06:15:10.347+05:00  INFO 19724 --- [DiscoveryClient-InstanceInfoReplicator-0] com.netflix.discovery.DiscoveryClient    : DiscoveryClient_PRODUCT-MANAGEMENT-SERVICE/Lenovo-Legion-5-PRO:product-management-service:8081: registering service...
2023-04-19T06:15:10.353+05:00  INFO 19724 --- [DiscoveryClient-InstanceInfoReplicator-0] com.netflix.discovery.DiscoveryClient    : DiscoveryClient_PRODUCT-MANAGEMENT-SERVICE/Lenovo-Legion-5-PRO:product-management-service:8081 - registration status: 204
2023-04-19T06:15:10.367+05:00  INFO 19724 --- [SpringApplicationShutdownHook] j.LocalContainerEntityManagerFactoryBean : Closing JPA EntityManagerFactory for persistence unit 'default'
2023-04-19T06:15:10.368+05:00  INFO 19724 --- [SpringApplicationShutdownHook] com.zaxxer.hikari.HikariDataSource       : HikariPool-1 - Shutdown initiated...
2023-04-19T06:15:10.378+05:00  INFO 19724 --- [SpringApplicationShutdownHook] com.zaxxer.hikari.HikariDataSource       : HikariPool-1 - Shutdown completed.
2023-04-19T06:15:10.378+05:00  INFO 19724 --- [SpringApplicationShutdownHook] com.netflix.discovery.DiscoveryClient    : Shutting down DiscoveryClient ...
2023-04-19T06:15:13.397+05:00  INFO 19724 --- [SpringApplicationShutdownHook] com.netflix.discovery.DiscoveryClient    : Unregistering ...
2023-04-19T06:15:13.404+05:00  INFO 19724 --- [SpringApplicationShutdownHook] com.netflix.discovery.DiscoveryClient    : DiscoveryClient_PRODUCT-MANAGEMENT-SERVICE/Lenovo-Legion-5-PRO:product-management-service:8081 - deregister  status: 200
2023-04-19T06:15:13.450+05:00  INFO 19724 --- [SpringApplicationShutdownHook] com.netflix.discovery.DiscoveryClient    : Completed shut down of DiscoveryClient
2023-04-19T06:15:18.328+05:00  INFO 18136 --- [main] .e.p.ProductManagementServiceApplication : Starting ProductManagementServiceApplication using Java 17.0.2 with PID 18136 (C:\Users\shehr\OneDrive\Desktop\Easy-Electro-Shop-Backend\product-managment-service\target\classes started by shehr in C:\Users\shehr\OneDrive\Desktop\Easy-Electro-Shop-Backend\product-managment-service)
2023-04-19T06:15:18.331+05:00  INFO 18136 --- [main] .e.p.ProductManagementServiceApplication : No active profile set, falling back to 1 default profile: "default"
2023-04-19T06:15:18.979+05:00  INFO 18136 --- [main] .s.d.r.c.RepositoryConfigurationDelegate : Bootstrapping Spring Data JPA repositories in DEFAULT mode.
2023-04-19T06:15:19.083+05:00  INFO 18136 --- [main] .s.d.r.c.RepositoryConfigurationDelegate : Finished Spring Data repository scanning in 98 ms. Found 1 JPA repository interfaces.
2023-04-19T06:15:19.240+05:00  INFO 18136 --- [main] o.s.cloud.context.scope.GenericScope     : BeanFactory id=13c47497-34a0-37db-9b37-d519262dbdaa
2023-04-19T06:15:19.492+05:00  INFO 18136 --- [main] o.s.b.w.embedded.tomcat.TomcatWebServer  : Tomcat initialized with port(s): 8081 (http)
2023-04-19T06:15:19.499+05:00  INFO 18136 --- [main] o.apache.catalina.core.StandardService   : Starting service [Tomcat]
2023-04-19T06:15:19.500+05:00  INFO 18136 --- [main] o.apache.catalina.core.StandardEngine    : Starting Servlet engine: [Apache Tomcat/10.1.7]
2023-04-19T06:15:19.571+05:00  INFO 18136 --- [main] o.a.c.c.C.[Tomcat].[localhost].[/]       : Initializing Spring embedded WebApplicationContext
2023-04-19T06:15:19.572+05:00  INFO 18136 --- [main] w.s.c.ServletWebServerApplicationContext : Root WebApplicationContext: initialization completed in 1209 ms
2023-04-19T06:15:19.778+05:00  INFO 18136 --- [main] o.hibernate.jpa.internal.util.LogHelper  : HHH000204: Processing PersistenceUnitInfo [name: default]
2023-04-19T06:15:19.814+05:00  INFO 18136 --- [main] org.hibernate.Version                    : HHH000412: Hibernate ORM core version 6.1.7.Final
2023-04-19T06:15:20.023+05:00  INFO 18136 --- [main] com.zaxxer.hikari.HikariDataSource       : HikariPool-1 - Starting...
2023-04-19T06:15:20.230+05:00  INFO 18136 --- [main] com.zaxxer.hikari.pool.HikariPool        : HikariPool-1 - Added connection com.mysql.cj.jdbc.ConnectionImpl@1d0dad12
2023-04-19T06:15:20.232+05:00  INFO 18136 --- [main] com.zaxxer.hikari.HikariDataSource       : HikariPool-1 - Start completed.
2023-04-19T06:15:20.275+05:00  INFO 18136 --- [main] SQL dialect                              : HHH000400: Using dialect: org.hibernate.dialect.MySQLDialect
2023-04-19T06:15:20.939+05:00  INFO 18136 --- [main] o.h.e.t.j.p.i.JtaPlatformInitiator       : HHH000490: Using JtaPlatform implementation: [org.hibernate.engine.transaction.jta.platform.internal.NoJtaPlatform]
2023-04-19T06:15:20.946+05:00  INFO 18136 --- [main] j.LocalContainerEntityManagerFactoryBean : Initialized JPA EntityManagerFactory for persistence unit 'default'
2023-04-19T06:15:21.143+05:00  WARN 18136 --- [main] JpaBaseConfiguration$JpaWebConfiguration : spring.jpa.open-in-view is enabled by default. Therefore, database queries may be performed during view rendering. Explicitly configure spring.jpa.open-in-view to disable this warning
2023-04-19T06:15:21.667+05:00  INFO 18136 --- [main] DiscoveryClientOptionalArgsConfiguration : Eureka HTTP Client uses RestTemplate.
2023-04-19T06:15:21.693+05:00  WARN 18136 --- [main] iguration$LoadBalancerCaffeineWarnLogger : Spring Cloud LoadBalancer is currently working with the default cache. While this cache implementation is useful for development and tests, it's recommended to use Caffeine cache in production.You can switch to using Caffeine cache, by adding it and org.springframework.cache.caffeine.CaffeineCacheManager to the classpath.
2023-04-19T06:15:21.696+05:00  INFO 18136 --- [main] o.s.b.a.e.web.EndpointLinksResolver      : Exposing 2 endpoint(s) beneath base path '/actuator'
2023-04-19T06:15:21.773+05:00  INFO 18136 --- [main] o.s.c.n.eureka.InstanceInfoFactory       : Setting initial instance status as: STARTING
2023-04-19T06:15:21.807+05:00  INFO 18136 --- [main] com.netflix.discovery.DiscoveryClient    : Initializing Eureka in region us-east-1
2023-04-19T06:15:21.811+05:00  INFO 18136 --- [main] c.n.d.s.r.aws.ConfigClusterResolver      : Resolving eureka endpoints via configuration
2023-04-19T06:15:21.830+05:00  INFO 18136 --- [main] com.netflix.discovery.DiscoveryClient    : Disable delta property : false
2023-04-19T06:15:21.830+05:00  INFO 18136 --- [main] com.netflix.discovery.DiscoveryClient    : Single vip registry refresh property : null
2023-04-19T06:15:21.830+05:00  INFO 18136 --- [main] com.netflix.discovery.DiscoveryClient    : Force full registry fetch : false
2023-04-19T06:15:21.830+05:00  INFO 18136 --- [main] com.netflix.discovery.DiscoveryClient    : Application is null : false
2023-04-19T06:15:21.831+05:00  INFO 18136 --- [main] com.netflix.discovery.DiscoveryClient    : Registered Applications size is zero : true
2023-04-19T06:15:21.831+05:00  INFO 18136 --- [main] com.netflix.discovery.DiscoveryClient    : Application version is -1: true
2023-04-19T06:15:21.831+05:00  INFO 18136 --- [main] com.netflix.discovery.DiscoveryClient    : Getting all instance registry info from the eureka server
2023-04-19T06:15:22.054+05:00  INFO 18136 --- [main] com.netflix.discovery.DiscoveryClient    : The response status is 200
2023-04-19T06:15:22.059+05:00  INFO 18136 --- [main] com.netflix.discovery.DiscoveryClient    : Starting heartbeat executor: renew interval is: 30
2023-04-19T06:15:22.063+05:00  INFO 18136 --- [main] c.n.discovery.InstanceInfoReplicator     : InstanceInfoReplicator onDemand update allowed rate per min is 4
2023-04-19T06:15:22.071+05:00  INFO 18136 --- [main] com.netflix.discovery.DiscoveryClient    : Discovery Client initialized at timestamp 1681866922070 with initial instances count: 2
2023-04-19T06:15:22.073+05:00  INFO 18136 --- [main] o.s.c.n.e.s.EurekaServiceRegistry        : Registering application PRODUCT-MANAGEMENT-SERVICE with eureka with status UP
2023-04-19T06:15:22.073+05:00  INFO 18136 --- [main] com.netflix.discovery.DiscoveryClient    : Saw local status change event StatusChangeEvent [timestamp=1681866922073, current=UP, previous=STARTING]
2023-04-19T06:15:22.075+05:00  INFO 18136 --- [DiscoveryClient-InstanceInfoReplicator-0] com.netflix.discovery.DiscoveryClient    : DiscoveryClient_PRODUCT-MANAGEMENT-SERVICE/Lenovo-Legion-5-PRO:product-management-service:8081: registering service...
2023-04-19T06:15:22.099+05:00  INFO 18136 --- [main] o.s.b.w.embedded.tomcat.TomcatWebServer  : Tomcat started on port(s): 8081 (http) with context path ''
2023-04-19T06:15:22.100+05:00  INFO 18136 --- [main] .s.c.n.e.s.EurekaAutoServiceRegistration : Updating port to 8081
2023-04-19T06:15:22.108+05:00  INFO 18136 --- [DiscoveryClient-InstanceInfoReplicator-0] com.netflix.discovery.DiscoveryClient    : DiscoveryClient_PRODUCT-MANAGEMENT-SERVICE/Lenovo-Legion-5-PRO:product-management-service:8081 - registration status: 204
2023-04-19T06:15:22.158+05:00  INFO 18136 --- [main] .e.p.ProductManagementServiceApplication : Started ProductManagementServiceApplication in 4.241 seconds (process running for 4.779)
2023-04-19T06:15:22.571+05:00  INFO 18136 --- [RMI TCP Connection(1)-192.168.100.138] o.a.c.c.C.[Tomcat].[localhost].[/]       : Initializing Spring DispatcherServlet 'dispatcherServlet'
2023-04-19T06:15:22.572+05:00  INFO 18136 --- [RMI TCP Connection(1)-192.168.100.138] o.s.web.servlet.DispatcherServlet        : Initializing Servlet 'dispatcherServlet'
2023-04-19T06:15:22.574+05:00  INFO 18136 --- [RMI TCP Connection(1)-192.168.100.138] o.s.web.servlet.DispatcherServlet        : Completed initialization in 2 ms
2023-04-19T06:17:31.403+05:00  INFO 18136 --- [http-nio-8081-exec-1] c.e.p.Service.ProductManagementService   : GETTING PRODUCTS COUNT
2023-04-19T06:17:31.519+05:00  INFO 18136 --- [http-nio-8081-exec-1] c.e.p.Service.ProductManagementService   : SUCCESSFULLY RETRIEVED PRODUCTS COUNT
2023-04-19T06:19:22.889+05:00  INFO 18136 --- [http-nio-8081-exec-3] c.e.p.Service.ProductManagementService   : GETTING PRODUCTS COUNT
2023-04-19T06:19:22.889+05:00  INFO 18136 --- [http-nio-8081-exec-3] c.e.p.Service.ProductManagementService   : SUCCESSFULLY RETRIEVED PRODUCTS COUNT
2023-04-19T06:20:21.840+05:00  INFO 18136 --- [AsyncResolver-bootstrap-executor-0] c.n.d.s.r.aws.ConfigClusterResolver      : Resolving eureka endpoints via configuration
2023-04-19T06:22:01.549+05:00  INFO 18136 --- [http-nio-8081-exec-5] c.e.p.Service.ProductManagementService   : GETTING PRODUCTS COUNT
2023-04-19T06:22:01.554+05:00  INFO 18136 --- [http-nio-8081-exec-5] c.e.p.Service.ProductManagementService   : SUCCESSFULLY RETRIEVED PRODUCTS COUNT
2023-04-19T06:23:27.935+05:00  INFO 18136 --- [http-nio-8081-exec-7] c.e.p.Service.ProductManagementService   : GETTING PRODUCTS COUNT
2023-04-19T06:23:27.939+05:00  INFO 18136 --- [http-nio-8081-exec-7] c.e.p.Service.ProductManagementService   : SUCCESSFULLY RETRIEVED PRODUCTS COUNT
2023-04-19T06:24:05.336+05:00  INFO 18136 --- [http-nio-8081-exec-8] c.e.p.Service.ProductManagementService   : GETTING ALL PRODUCTS
2023-04-19T06:24:05.364+05:00  INFO 18136 --- [http-nio-8081-exec-8] c.e.p.Service.ProductManagementService   : SUCCESSFULLY RETRIEVED PRODUCTS
2023-04-19T06:24:30.659+05:00  INFO 18136 --- [http-nio-8081-exec-9] c.e.p.Service.ProductManagementService   : GETTING ALL PRODUCTS
2023-04-19T06:24:30.662+05:00  INFO 18136 --- [http-nio-8081-exec-9] c.e.p.Service.ProductManagementService   : SUCCESSFULLY RETRIEVED PRODUCTS
2023-04-19T06:25:21.842+05:00  INFO 18136 --- [AsyncResolver-bootstrap-executor-0] c.n.d.s.r.aws.ConfigClusterResolver      : Resolving eureka endpoints via configuration
2023-04-19T06:25:22.516+05:00  INFO 18136 --- [http-nio-8081-exec-10] c.e.p.Service.ProductManagementService   : GETTING ALL PRODUCTS
2023-04-19T06:25:22.522+05:00  INFO 18136 --- [http-nio-8081-exec-10] c.e.p.Service.ProductManagementService   : SUCCESSFULLY RETRIEVED PRODUCTS
2023-04-19T06:25:27.587+05:00  INFO 18136 --- [http-nio-8081-exec-1] c.e.p.Service.ProductManagementService   : GETTING ALL PRODUCTS
2023-04-19T06:25:27.594+05:00  INFO 18136 --- [http-nio-8081-exec-1] c.e.p.Service.ProductManagementService   : SUCCESSFULLY RETRIEVED PRODUCTS
2023-04-19T06:25:30.682+05:00  INFO 18136 --- [http-nio-8081-exec-2] c.e.p.Service.ProductManagementService   : GETTING ALL PRODUCTS
2023-04-19T06:25:30.686+05:00  INFO 18136 --- [http-nio-8081-exec-2] c.e.p.Service.ProductManagementService   : SUCCESSFULLY RETRIEVED PRODUCTS
2023-04-19T06:25:34.340+05:00  INFO 18136 --- [http-nio-8081-exec-3] c.e.p.Service.ProductManagementService   : GETTING ALL PRODUCTS
2023-04-19T06:25:34.346+05:00  INFO 18136 --- [http-nio-8081-exec-3] c.e.p.Service.ProductManagementService   : SUCCESSFULLY RETRIEVED PRODUCTS
2023-04-19T06:25:38.182+05:00  INFO 18136 --- [http-nio-8081-exec-4] c.e.p.Service.ProductManagementService   : GETTING ALL PRODUCTS
2023-04-19T06:25:38.187+05:00  INFO 18136 --- [http-nio-8081-exec-4] c.e.p.Service.ProductManagementService   : SUCCESSFULLY RETRIEVED PRODUCTS
2023-04-19T06:25:41.035+05:00  INFO 18136 --- [http-nio-8081-exec-5] c.e.p.Service.ProductManagementService   : GETTING ALL PRODUCTS
2023-04-19T06:25:41.040+05:00  INFO 18136 --- [http-nio-8081-exec-5] c.e.p.Service.ProductManagementService   : SUCCESSFULLY RETRIEVED PRODUCTS
2023-04-19T06:25:44.396+05:00  INFO 18136 --- [http-nio-8081-exec-6] c.e.p.Service.ProductManagementService   : GETTING ALL PRODUCTS
2023-04-19T06:25:44.401+05:00  INFO 18136 --- [http-nio-8081-exec-6] c.e.p.Service.ProductManagementService   : SUCCESSFULLY RETRIEVED PRODUCTS
2023-04-19T06:25:52.737+05:00  INFO 18136 --- [http-nio-8081-exec-7] c.e.p.Service.ProductManagementService   : GETTING ALL PRODUCTS
2023-04-19T06:25:52.743+05:00  INFO 18136 --- [http-nio-8081-exec-7] c.e.p.Service.ProductManagementService   : SUCCESSFULLY RETRIEVED PRODUCTS
2023-04-19T06:26:11.061+05:00  INFO 18136 --- [http-nio-8081-exec-8] c.e.p.Service.ProductManagementService   : GETTING ALL PRODUCTS
2023-04-19T06:26:11.068+05:00  INFO 18136 --- [http-nio-8081-exec-8] c.e.p.Service.ProductManagementService   : SUCCESSFULLY RETRIEVED PRODUCTS
2023-04-19T06:26:14.306+05:00  INFO 18136 --- [http-nio-8081-exec-9] c.e.p.Service.ProductManagementService   : GETTING ALL PRODUCTS
2023-04-19T06:26:14.312+05:00  INFO 18136 --- [http-nio-8081-exec-9] c.e.p.Service.ProductManagementService   : SUCCESSFULLY RETRIEVED PRODUCTS
2023-04-19T06:30:21.844+05:00  INFO 18136 --- [AsyncResolver-bootstrap-executor-0] c.n.d.s.r.aws.ConfigClusterResolver      : Resolving eureka endpoints via configuration
2023-04-19T06:30:58.819+05:00  INFO 18136 --- [SpringApplicationShutdownHook] o.s.c.n.e.s.EurekaServiceRegistry        : Unregistering application PRODUCT-MANAGEMENT-SERVICE with eureka with status DOWN
2023-04-19T06:30:58.820+05:00  INFO 18136 --- [SpringApplicationShutdownHook] com.netflix.discovery.DiscoveryClient    : Saw local status change event StatusChangeEvent [timestamp=1681867858820, current=DOWN, previous=UP]
2023-04-19T06:30:58.820+05:00  INFO 18136 --- [DiscoveryClient-InstanceInfoReplicator-0] com.netflix.discovery.DiscoveryClient    : DiscoveryClient_PRODUCT-MANAGEMENT-SERVICE/Lenovo-Legion-5-PRO:product-management-service:8081: registering service...
2023-04-19T06:30:58.824+05:00  INFO 18136 --- [DiscoveryClient-InstanceInfoReplicator-0] com.netflix.discovery.DiscoveryClient    : DiscoveryClient_PRODUCT-MANAGEMENT-SERVICE/Lenovo-Legion-5-PRO:product-management-service:8081 - registration status: 204
2023-04-19T06:30:58.838+05:00  INFO 18136 --- [SpringApplicationShutdownHook] j.LocalContainerEntityManagerFactoryBean : Closing JPA EntityManagerFactory for persistence unit 'default'
2023-04-19T06:30:58.840+05:00  INFO 18136 --- [SpringApplicationShutdownHook] com.zaxxer.hikari.HikariDataSource       : HikariPool-1 - Shutdown initiated...
2023-04-19T06:30:58.848+05:00  INFO 18136 --- [SpringApplicationShutdownHook] com.zaxxer.hikari.HikariDataSource       : HikariPool-1 - Shutdown completed.
2023-04-19T06:30:58.848+05:00  INFO 18136 --- [SpringApplicationShutdownHook] com.netflix.discovery.DiscoveryClient    : Shutting down DiscoveryClient ...
2023-04-19T06:31:01.868+05:00  INFO 18136 --- [SpringApplicationShutdownHook] com.netflix.discovery.DiscoveryClient    : Unregistering ...
2023-04-19T06:31:01.872+05:00  INFO 18136 --- [SpringApplicationShutdownHook] com.netflix.discovery.DiscoveryClient    : DiscoveryClient_PRODUCT-MANAGEMENT-SERVICE/Lenovo-Legion-5-PRO:product-management-service:8081 - deregister  status: 200
2023-04-19T06:31:01.913+05:00  INFO 18136 --- [SpringApplicationShutdownHook] com.netflix.discovery.DiscoveryClient    : Completed shut down of DiscoveryClient
2023-04-19T06:34:29.792+05:00  INFO 21880 --- [main] .e.p.ProductManagementServiceApplication : Starting ProductManagementServiceApplication using Java 17.0.2 with PID 21880 (C:\Users\shehr\OneDrive\Desktop\Easy-Electro-Shop-Backend\product-managment-service\target\classes started by shehr in C:\Users\shehr\OneDrive\Desktop\Easy-Electro-Shop-Backend\product-managment-service)
2023-04-19T06:34:29.794+05:00  INFO 21880 --- [main] .e.p.ProductManagementServiceApplication : No active profile set, falling back to 1 default profile: "default"
2023-04-19T06:34:30.414+05:00  INFO 21880 --- [main] .s.d.r.c.RepositoryConfigurationDelegate : Bootstrapping Spring Data JPA repositories in DEFAULT mode.
2023-04-19T06:34:30.520+05:00  INFO 21880 --- [main] .s.d.r.c.RepositoryConfigurationDelegate : Finished Spring Data repository scanning in 100 ms. Found 1 JPA repository interfaces.
2023-04-19T06:34:30.678+05:00  INFO 21880 --- [main] o.s.cloud.context.scope.GenericScope     : BeanFactory id=13c47497-34a0-37db-9b37-d519262dbdaa
2023-04-19T06:34:30.926+05:00  INFO 21880 --- [main] o.s.b.w.embedded.tomcat.TomcatWebServer  : Tomcat initialized with port(s): 8081 (http)
2023-04-19T06:34:30.935+05:00  INFO 21880 --- [main] o.apache.catalina.core.StandardService   : Starting service [Tomcat]
2023-04-19T06:34:30.935+05:00  INFO 21880 --- [main] o.apache.catalina.core.StandardEngine    : Starting Servlet engine: [Apache Tomcat/10.1.7]
2023-04-19T06:34:31.006+05:00  INFO 21880 --- [main] o.a.c.c.C.[Tomcat].[localhost].[/]       : Initializing Spring embedded WebApplicationContext
2023-04-19T06:34:31.006+05:00  INFO 21880 --- [main] w.s.c.ServletWebServerApplicationContext : Root WebApplicationContext: initialization completed in 1182 ms
2023-04-19T06:34:31.211+05:00  INFO 21880 --- [main] o.hibernate.jpa.internal.util.LogHelper  : HHH000204: Processing PersistenceUnitInfo [name: default]
2023-04-19T06:34:31.249+05:00  INFO 21880 --- [main] org.hibernate.Version                    : HHH000412: Hibernate ORM core version 6.1.7.Final
2023-04-19T06:34:31.458+05:00  INFO 21880 --- [main] com.zaxxer.hikari.HikariDataSource       : HikariPool-1 - Starting...
2023-04-19T06:34:31.656+05:00  INFO 21880 --- [main] com.zaxxer.hikari.pool.HikariPool        : HikariPool-1 - Added connection com.mysql.cj.jdbc.ConnectionImpl@1d0dad12
2023-04-19T06:34:31.658+05:00  INFO 21880 --- [main] com.zaxxer.hikari.HikariDataSource       : HikariPool-1 - Start completed.
2023-04-19T06:34:31.715+05:00  INFO 21880 --- [main] SQL dialect                              : HHH000400: Using dialect: org.hibernate.dialect.MySQLDialect
2023-04-19T06:34:32.359+05:00  INFO 21880 --- [main] o.h.e.t.j.p.i.JtaPlatformInitiator       : HHH000490: Using JtaPlatform implementation: [org.hibernate.engine.transaction.jta.platform.internal.NoJtaPlatform]
2023-04-19T06:34:32.365+05:00  INFO 21880 --- [main] j.LocalContainerEntityManagerFactoryBean : Initialized JPA EntityManagerFactory for persistence unit 'default'
2023-04-19T06:34:32.545+05:00  WARN 21880 --- [main] JpaBaseConfiguration$JpaWebConfiguration : spring.jpa.open-in-view is enabled by default. Therefore, database queries may be performed during view rendering. Explicitly configure spring.jpa.open-in-view to disable this warning
2023-04-19T06:34:33.045+05:00  INFO 21880 --- [main] DiscoveryClientOptionalArgsConfiguration : Eureka HTTP Client uses RestTemplate.
2023-04-19T06:34:33.069+05:00  WARN 21880 --- [main] iguration$LoadBalancerCaffeineWarnLogger : Spring Cloud LoadBalancer is currently working with the default cache. While this cache implementation is useful for development and tests, it's recommended to use Caffeine cache in production.You can switch to using Caffeine cache, by adding it and org.springframework.cache.caffeine.CaffeineCacheManager to the classpath.
2023-04-19T06:34:33.072+05:00  INFO 21880 --- [main] o.s.b.a.e.web.EndpointLinksResolver      : Exposing 2 endpoint(s) beneath base path '/actuator'
2023-04-19T06:34:33.144+05:00  INFO 21880 --- [main] o.s.c.n.eureka.InstanceInfoFactory       : Setting initial instance status as: STARTING
2023-04-19T06:34:33.178+05:00  INFO 21880 --- [main] com.netflix.discovery.DiscoveryClient    : Initializing Eureka in region us-east-1
2023-04-19T06:34:33.181+05:00  INFO 21880 --- [main] c.n.d.s.r.aws.ConfigClusterResolver      : Resolving eureka endpoints via configuration
2023-04-19T06:34:33.199+05:00  INFO 21880 --- [main] com.netflix.discovery.DiscoveryClient    : Disable delta property : false
2023-04-19T06:34:33.199+05:00  INFO 21880 --- [main] com.netflix.discovery.DiscoveryClient    : Single vip registry refresh property : null
2023-04-19T06:34:33.199+05:00  INFO 21880 --- [main] com.netflix.discovery.DiscoveryClient    : Force full registry fetch : false
2023-04-19T06:34:33.199+05:00  INFO 21880 --- [main] com.netflix.discovery.DiscoveryClient    : Application is null : false
2023-04-19T06:34:33.200+05:00  INFO 21880 --- [main] com.netflix.discovery.DiscoveryClient    : Registered Applications size is zero : true
2023-04-19T06:34:33.200+05:00  INFO 21880 --- [main] com.netflix.discovery.DiscoveryClient    : Application version is -1: true
2023-04-19T06:34:33.200+05:00  INFO 21880 --- [main] com.netflix.discovery.DiscoveryClient    : Getting all instance registry info from the eureka server
2023-04-19T06:34:33.428+05:00  INFO 21880 --- [main] com.netflix.discovery.DiscoveryClient    : The response status is 200
2023-04-19T06:34:33.432+05:00  INFO 21880 --- [main] com.netflix.discovery.DiscoveryClient    : Starting heartbeat executor: renew interval is: 30
2023-04-19T06:34:33.436+05:00  INFO 21880 --- [main] c.n.discovery.InstanceInfoReplicator     : InstanceInfoReplicator onDemand update allowed rate per min is 4
2023-04-19T06:34:33.445+05:00  INFO 21880 --- [main] com.netflix.discovery.DiscoveryClient    : Discovery Client initialized at timestamp 1681868073444 with initial instances count: 1
2023-04-19T06:34:33.447+05:00  INFO 21880 --- [main] o.s.c.n.e.s.EurekaServiceRegistry        : Registering application PRODUCT-MANAGEMENT-SERVICE with eureka with status UP
2023-04-19T06:34:33.448+05:00  INFO 21880 --- [main] com.netflix.discovery.DiscoveryClient    : Saw local status change event StatusChangeEvent [timestamp=1681868073448, current=UP, previous=STARTING]
2023-04-19T06:34:33.449+05:00  INFO 21880 --- [DiscoveryClient-InstanceInfoReplicator-0] com.netflix.discovery.DiscoveryClient    : DiscoveryClient_PRODUCT-MANAGEMENT-SERVICE/Lenovo-Legion-5-PRO:product-management-service:8081: registering service...
2023-04-19T06:34:33.466+05:00  INFO 21880 --- [main] o.s.b.w.embedded.tomcat.TomcatWebServer  : Tomcat started on port(s): 8081 (http) with context path ''
2023-04-19T06:34:33.467+05:00  INFO 21880 --- [main] .s.c.n.e.s.EurekaAutoServiceRegistration : Updating port to 8081
2023-04-19T06:34:33.478+05:00  INFO 21880 --- [DiscoveryClient-InstanceInfoReplicator-0] com.netflix.discovery.DiscoveryClient    : DiscoveryClient_PRODUCT-MANAGEMENT-SERVICE/Lenovo-Legion-5-PRO:product-management-service:8081 - registration status: 204
2023-04-19T06:34:33.525+05:00  INFO 21880 --- [main] .e.p.ProductManagementServiceApplication : Started ProductManagementServiceApplication in 4.118 seconds (process running for 4.627)
2023-04-19T06:34:34.067+05:00  INFO 21880 --- [RMI TCP Connection(2)-192.168.100.138] o.a.c.c.C.[Tomcat].[localhost].[/]       : Initializing Spring DispatcherServlet 'dispatcherServlet'
2023-04-19T06:34:34.067+05:00  INFO 21880 --- [RMI TCP Connection(2)-192.168.100.138] o.s.web.servlet.DispatcherServlet        : Initializing Servlet 'dispatcherServlet'
2023-04-19T06:34:34.068+05:00  INFO 21880 --- [RMI TCP Connection(2)-192.168.100.138] o.s.web.servlet.DispatcherServlet        : Completed initialization in 1 ms
2023-04-19T06:35:17.509+05:00  INFO 21880 --- [http-nio-8081-exec-1] c.e.p.Service.ProductManagementService   : GETTING ALL PRODUCTS
2023-04-19T06:35:17.638+05:00  INFO 21880 --- [http-nio-8081-exec-1] c.e.p.Service.ProductManagementService   : SUCCESSFULLY RETRIEVED PRODUCTS
2023-04-19T06:35:51.113+05:00  INFO 21880 --- [http-nio-8081-exec-2] c.e.p.Service.ProductManagementService   : GETTING PRODUCT WITH PRODUCT_ID 19f24b46-1d90-4020-94f4-193925685448
2023-04-19T06:35:51.123+05:00  INFO 21880 --- [http-nio-8081-exec-2] c.e.p.Service.ProductManagementService   : SUCCESSFULLY RETRIEVED PRODUCT WITH PRODUCT_ID 19f24b46-1d90-4020-94f4-193925685448
2023-04-19T06:35:51.141+05:00  INFO 21880 --- [http-nio-8081-exec-3] c.e.p.Service.ProductManagementService   : DELETING PRODUCT WITH PRODUCT_ID 19f24b46-1d90-4020-94f4-193925685448
2023-04-19T06:35:51.156+05:00  INFO 21880 --- [http-nio-8081-exec-3] c.e.p.Service.ProductManagementService   : SUCCESSFULLY DELETED PRODUCT WITH PRODUCT_ID 19f24b46-1d90-4020-94f4-193925685448
2023-04-19T06:35:54.476+05:00  INFO 21880 --- [http-nio-8081-exec-4] c.e.p.Service.ProductManagementService   : GETTING PRODUCT WITH PRODUCT_ID 19f24b46-1d90-4020-94f4-193925685448
2023-04-19T06:35:54.479+05:00 ERROR 21880 --- [http-nio-8081-exec-4] c.e.p.Service.ProductManagementService   : COULD NOT FIND PRODUCT WITH PRODUCT_ID 19f24b46-1d90-4020-94f4-193925685448
2023-04-19T06:38:21.045+05:00  INFO 21880 --- [SpringApplicationShutdownHook] o.s.c.n.e.s.EurekaServiceRegistry        : Unregistering application PRODUCT-MANAGEMENT-SERVICE with eureka with status DOWN
2023-04-19T06:38:21.045+05:00  INFO 21880 --- [SpringApplicationShutdownHook] com.netflix.discovery.DiscoveryClient    : Saw local status change event StatusChangeEvent [timestamp=1681868301045, current=DOWN, previous=UP]
2023-04-19T06:38:21.045+05:00  INFO 21880 --- [DiscoveryClient-InstanceInfoReplicator-0] com.netflix.discovery.DiscoveryClient    : DiscoveryClient_PRODUCT-MANAGEMENT-SERVICE/Lenovo-Legion-5-PRO:product-management-service:8081: registering service...
2023-04-19T06:38:21.049+05:00  INFO 21880 --- [DiscoveryClient-InstanceInfoReplicator-0] com.netflix.discovery.DiscoveryClient    : DiscoveryClient_PRODUCT-MANAGEMENT-SERVICE/Lenovo-Legion-5-PRO:product-management-service:8081 - registration status: 204
2023-04-19T06:38:21.065+05:00  INFO 21880 --- [SpringApplicationShutdownHook] j.LocalContainerEntityManagerFactoryBean : Closing JPA EntityManagerFactory for persistence unit 'default'
2023-04-19T06:38:21.066+05:00  INFO 21880 --- [SpringApplicationShutdownHook] com.zaxxer.hikari.HikariDataSource       : HikariPool-1 - Shutdown initiated...
2023-04-19T06:38:21.074+05:00  INFO 21880 --- [SpringApplicationShutdownHook] com.zaxxer.hikari.HikariDataSource       : HikariPool-1 - Shutdown completed.
2023-04-19T06:38:21.075+05:00  INFO 21880 --- [SpringApplicationShutdownHook] com.netflix.discovery.DiscoveryClient    : Shutting down DiscoveryClient ...
2023-04-19T06:38:24.092+05:00  INFO 21880 --- [SpringApplicationShutdownHook] com.netflix.discovery.DiscoveryClient    : Unregistering ...
2023-04-19T06:38:24.097+05:00  INFO 21880 --- [SpringApplicationShutdownHook] com.netflix.discovery.DiscoveryClient    : DiscoveryClient_PRODUCT-MANAGEMENT-SERVICE/Lenovo-Legion-5-PRO:product-management-service:8081 - deregister  status: 200
2023-04-19T06:38:24.135+05:00  INFO 21880 --- [SpringApplicationShutdownHook] com.netflix.discovery.DiscoveryClient    : Completed shut down of DiscoveryClient
